Log file open, 11/08/18 15:05:54
LogWindows: Failed to load 'aqProf.dll' (GetLastError=126)
LogWindows: File 'aqProf.dll' does not exist
LogWindows: Failed to load 'VSPerf140.dll' (GetLastError=126)
LogWindows: File 'VSPerf140.dll' does not exist
LogWindows: Failed to load 'VtuneApi.dll' (GetLastError=126)
LogWindows: File 'VtuneApi.dll' does not exist
LogWindows: Failed to load 'VtuneApi32e.dll' (GetLastError=126)
LogWindows: File 'VtuneApi32e.dll' does not exist
LogInit: Display: Running engine for game: MyFirst2DProject
LogPlatformFile: Not using cached read wrapper
LogTaskGraph: Started task graph with 5 named threads and 23 total threads with 3 sets of task threads.
LogStats: Stats thread started at 0.324860
LogD3D11RHI: Loaded GFSDK_Aftermath_Lib.x64.dll
LogICUInternationalization: Display: ICU TimeZone Detection - Raw Offset: +8:00, Platform Override: ''
LogPluginManager: Mounting plugin Paper2D
LogPluginManager: Mounting plugin AISupport
LogPluginManager: Mounting plugin LightPropagationVolume
LogPluginManager: Mounting plugin CLionSourceCodeAccess
LogPluginManager: Mounting plugin CodeLiteSourceCodeAccess
LogPluginManager: Mounting plugin GitSourceControl
LogPluginManager: Mounting plugin KDevelopSourceCodeAccess
LogPluginManager: Mounting plugin NullSourceCodeAccess
LogPluginManager: Mounting plugin PerforceSourceControl
LogPluginManager: Mounting plugin SubversionSourceControl
LogPluginManager: Mounting plugin UObjectPlugin
LogPluginManager: Mounting plugin VisualStudioCodeSourceCodeAccess
LogPluginManager: Mounting plugin VisualStudioSourceCodeAccess
LogPluginManager: Mounting plugin XCodeSourceCodeAccess
LogPluginManager: Mounting plugin AssetManagerEditor
LogPluginManager: Mounting plugin CryptoKeys
LogPluginManager: Mounting plugin DataValidation
LogPluginManager: Mounting plugin FacialAnimation
LogPluginManager: Mounting plugin GameplayTagsEditor
LogPluginManager: Mounting plugin MacGraphicsSwitching
LogPluginManager: Mounting plugin MeshEditor
LogPluginManager: Mounting plugin MobileLauncherProfileWizard
LogPluginManager: Mounting plugin PluginBrowser
LogPluginManager: Mounting plugin SpeedTreeImporter
LogPluginManager: Mounting plugin DatasmithContent
LogPluginManager: Mounting plugin AlembicImporter
LogPluginManager: Mounting plugin AppleImageUtils
LogPluginManager: Mounting plugin AppleVision
LogPluginManager: Mounting plugin BackChannel
LogPluginManager: Mounting plugin CharacterAI
LogPluginManager: Mounting plugin GeometryCache
LogPluginManager: Mounting plugin HTML5Networking
LogPluginManager: Mounting plugin ProxyLODPlugin
LogPluginManager: Mounting plugin MagicLeap
LogPluginManager: Mounting plugin MagicLeapEmulator
LogPluginManager: Mounting plugin MagicLeapMedia
LogPluginManager: Mounting plugin AndroidMedia
LogPluginManager: Mounting plugin AvfMedia
LogPluginManager: Mounting plugin ImgMedia
LogPluginManager: Mounting plugin LinearTimecode
LogPluginManager: Mounting plugin MediaCompositing
LogPluginManager: Mounting plugin MediaPlayerEditor
LogPluginManager: Mounting plugin WmfMedia
LogPluginManager: Mounting plugin TcpMessaging
LogPluginManager: Mounting plugin UdpMessaging
LogPluginManager: Mounting plugin ActorSequence
LogPluginManager: Mounting plugin LevelSequenceEditor
LogPluginManager: Mounting plugin MatineeToLevelSequence
LogPluginManager: Mounting plugin NetcodeUnitTest
LogPluginManager: Mounting plugin NUTUnrealEngine4
LogPluginManager: Mounting plugin OnlineSubsystemGooglePlay
LogPluginManager: Mounting plugin OnlineSubsystemIOS
LogPluginManager: Mounting plugin OnlineSubsystem
LogPluginManager: Mounting plugin OnlineSubsystemNull
LogPluginManager: Mounting plugin OnlineSubsystemUtils
LogPluginManager: Mounting plugin LauncherChunkInstaller
LogPluginManager: Mounting plugin AndroidDeviceProfileSelector
LogPluginManager: Mounting plugin AndroidMoviePlayer
LogPluginManager: Mounting plugin AndroidPermission
LogPluginManager: Mounting plugin AppleMoviePlayer
LogPluginManager: Mounting plugin ArchVisCharacter
LogPluginManager: Mounting plugin AudioCapture
LogPluginManager: Mounting plugin CableComponent
LogPluginManager: Mounting plugin CustomMeshComponent
LogPluginManager: Mounting plugin EditableMesh
LogPluginManager: Mounting plugin ExampleDeviceProfileSelector
LogPluginManager: Mounting plugin GoogleCloudMessaging
LogPluginManager: Mounting plugin ImmediatePhysics
LogPluginManager: Mounting plugin IOSDeviceProfileSelector
LogPluginManager: Mounting plugin LinuxDeviceProfileSelector
LogPluginManager: Mounting plugin LocationServicesBPLibrary
LogPluginManager: Mounting plugin MobilePatchingUtils
LogPluginManager: Mounting plugin OculusVR
LogPluginManager: Plugin shader directory ../../../Engine/Plugins/Runtime/Oculus/OculusVR/Shaders found
LogPluginManager: Mapping shader source directory ../../../Engine/Plugins/Runtime/Oculus/OculusVR/Shaders to virtual directory /Plugin/OculusVR
LogPluginManager: Mounting plugin PhysXVehicles
LogPluginManager: Mounting plugin ProceduralMeshComponent
LogPluginManager: Mounting plugin RuntimePhysXCooking
LogPluginManager: Mounting plugin SteamVR
LogPluginManager: Mounting plugin WindowsMoviePlayer
LogStreaming: Display: Took  0.162s to configure plugins.
LogInit: Using libcurl 7.55.1-DEV
LogInit:  - built for x86_64-pc-win32
LogInit:  - supports SSL with OpenSSL/1.0.2h
LogInit:  - supports HTTP deflate (compression) using libz 1.2.8
LogInit:  - other features:
LogInit:      CURL_VERSION_SSL
LogInit:      CURL_VERSION_LIBZ
LogInit:      CURL_VERSION_IPV6
LogInit:      CURL_VERSION_ASYNCHDNS
LogInit:      CURL_VERSION_LARGEFILE
LogInit:      CURL_VERSION_IDN
LogInit:  CurlRequestOptions (configurable via config and command line):
LogInit:  - bVerifyPeer = false  - Libcurl will NOT verify peer certificate
LogInit:  - bUseHttpProxy = false  - Libcurl will NOT use HTTP proxy
LogInit:  - bDontReuseConnections = false  - Libcurl will reuse connections
LogInit:  - CertBundlePath = nullptr  - Libcurl will use whatever was configured at build time.
LogInit:  - MaxHostConnections = 16  - Libcurl will limit the number of connections to a host
LogInit:  - LocalHostAddr = Default
LogInit:  - BufferSize = 65536
LogInit: WinSock: version 1.1 (2.2), MaxSocks=32767, MaxUdp=65467
LogInit: Build: ++UE4+Release-4.20-CL-4302132
LogInit: Engine Version: 4.20.2-4302132+++UE4+Release-4.20
LogInit: Compatible Engine Version: 4.20.0-4212847+++UE4+Release-4.20
LogInit: Net CL: 4212847
LogInit: OS: Windows 10 (), CPU: Intel(R) Core(TM) i7-6700HQ CPU @ 2.60GHz, GPU: Intel(R) HD Graphics 530
LogInit: Compiled (64-bit): Aug 21 2018 02:06:06
LogInit: Compiled with Visual C++: 19.13.26129.00
LogInit: Build Configuration: Development
LogInit: Branch Name: ++UE4+Release-4.20
LogInit: Command Line: 
LogInit: Base Directory: D:/unreal/Unrealengine/UE_4.20/Engine/Binaries/Win64/
LogInit: Installed Engine Build: 1
LogDevObjectVersion: Number of dev versions registered: 20
LogDevObjectVersion:   Dev-Blueprints (B0D832E4-1F89-4F0D-ACCF-7EB736FD4AA2): 10
LogDevObjectVersion:   Dev-Build (E1C64328-A22C-4D53-A36C-8E866417BD8C): 0
LogDevObjectVersion:   Dev-Core (375EC13C-06E4-48FB-B500-84F0262A717E): 2
LogDevObjectVersion:   Dev-Editor (E4B068ED-F494-42E9-A231-DA0B2E46BB41): 24
LogDevObjectVersion:   Dev-Framework (CFFC743F-43B0-4480-9391-14DF171D2073): 34
LogDevObjectVersion:   Dev-Mobile (B02B49B5-BB20-44E9-A304-32B752E40360): 2
LogDevObjectVersion:   Dev-Networking (A4E4105C-59A1-49B5-A7C5-40C4547EDFEE): 0
LogDevObjectVersion:   Dev-Online (39C831C9-5AE6-47DC-9A44-9C173E1C8E7C): 0
LogDevObjectVersion:   Dev-Physics (78F01B33-EBEA-4F98-B9B4-84EACCB95AA2): 0
LogDevObjectVersion:   Dev-Platform (6631380F-2D4D-43E0-8009-CF276956A95A): 0
LogDevObjectVersion:   Dev-Rendering (12F88B9F-8875-4AFC-A67C-D90C383ABD29): 26
LogDevObjectVersion:   Dev-Sequencer (7B5AE74C-D270-4C10-A958-57980B212A5A): 9
LogDevObjectVersion:   Dev-VR (D7296918-1DD6-4BDD-9DE2-64A83CC13884): 2
LogDevObjectVersion:   Dev-LoadTimes (C2A15278-BFE7-4AFE-6C17-90FF531DF755): 1
LogDevObjectVersion:   Private-Geometry (6EACA3D4-40EC-4CC1-B786-8BED09428FC5): 3
LogDevObjectVersion:   Dev-AnimPhys (29E575DD-E0A3-4627-9D10-D276232CDCEA): 17
LogDevObjectVersion:   Dev-ReflectionCapture (6B266CEC-1EC7-4B8F-A30B-E4D90942FC07): 1
LogDevObjectVersion:   Dev-Automation (0DF73D61-A23F-47EA-B727-89E90C41499A): 1
LogDevObjectVersion:   FortniteMain (601D1886-AC64-4F84-AA16-D3DE0DEAC7D6): 12
LogDevObjectVersion:   Dev-Enterprise (9DFFBCD6-494F-0158-E221-12823C92A888): 1
LogStreaming: Display: Took  0.001s to delete old logs.
LogInit: Presizing for max 8388607 objects, including 0 objects not considered by GC, pre-allocating 0 bytes for permanent pool.
LogInit: Object subsystem initialized
[2018.11.08-07.05.54:809][  0]LogInit: Selected Device Profile: [Windows]
[2018.11.08-07.05.54:809][  0]LogInit: Applying CVar settings loaded from the selected device profile: [Windows]
[2018.11.08-07.05.54:827][  0]LogHAL: Display: Platform has ~ 8 GB [8474361856 / 8589934592 / 8], which maps to Default [LargestMinGB=32, LargerMinGB=12, DefaultMinGB=8, SmallerMinGB=6, SmallestMinGB=0)
[2018.11.08-07.05.54:827][  0]LogInit: Setting Device Profile CVar: [[r.Vulkan.UseRealUBs:1]]
[2018.11.08-07.05.54:827][  0]LogInit: Going up to parent DeviceProfile []
[2018.11.08-07.05.54:827][  0]LogInit: Computer: LAPTOP-JLSSE705
[2018.11.08-07.05.54:827][  0]LogInit: User: 李仁杰
[2018.11.08-07.05.54:827][  0]LogInit: CPU Page size=4096, Cores=4
[2018.11.08-07.05.54:827][  0]LogInit: High frequency timer resolution =2.531251 MHz
[2018.11.08-07.05.54:828][  0]LogMemory: Memory total: Physical=7.9GB (8GB approx)
[2018.11.08-07.05.54:828][  0]LogMemory: Platform Memory Stats for Windows
[2018.11.08-07.05.54:828][  0]LogMemory: Process Physical Memory: 101.13 MB used, 101.13 MB peak
[2018.11.08-07.05.54:828][  0]LogMemory: Process Virtual Memory: 89.83 MB used, 89.83 MB peak
[2018.11.08-07.05.54:828][  0]LogMemory: Physical Memory: 3315.13 MB used,  4766.65 MB free, 8081.78 MB total
[2018.11.08-07.05.54:828][  0]LogMemory: Virtual Memory: 4643.48 MB used,  4766.65 MB free, 134217728.00 MB total
[2018.11.08-07.05.54:859][  0]LogInit: Overriding language with editor language configuration option (en).
[2018.11.08-07.05.54:859][  0]LogInit: Overriding locale with editor locale configuration option (en).
[2018.11.08-07.05.55:278][  0]LogStreaming: Display: Took  0.419s to InitEngineTextLocalization.
[2018.11.08-07.05.55:278][  0]LogInit: Setting process to per monitor DPI aware
[2018.11.08-07.05.55:330][  0]LogSlate: New Slate User Created.  User Index 0, Is Virtual User: 0
[2018.11.08-07.05.55:330][  0]LogSlate: Slate User Registered.  User Index 0, Is Virtual User: 0
[2018.11.08-07.05.55:690][  0]LogHMD: Failed to initialize OpenVR with code 110
[2018.11.08-07.05.55:690][  0]LogD3D11RHI: D3D11 adapters:
[2018.11.08-07.05.56:127][  0]LogD3D11RHI:    0. 'NVIDIA GeForce GTX 965M' (Feature Level 11_0)
[2018.11.08-07.05.56:127][  0]LogD3D11RHI:       4053/0/4040 MB DedicatedVideo/DedicatedSystem/SharedSystem, Outputs:1, VendorId:0x10de
[2018.11.08-07.05.56:136][  0]LogD3D11RHI:    1. 'Intel(R) HD Graphics 530' (Feature Level 11_0)
[2018.11.08-07.05.56:136][  0]LogD3D11RHI:       128/0/4040 MB DedicatedVideo/DedicatedSystem/SharedSystem, Outputs:0, VendorId:0x8086
[2018.11.08-07.05.56:139][  0]LogD3D11RHI:    2. 'Microsoft Basic Render Driver' (Feature Level 11_0)
[2018.11.08-07.05.56:139][  0]LogD3D11RHI:       0/0/4040 MB DedicatedVideo/DedicatedSystem/SharedSystem, Outputs:0, VendorId:0x1414
[2018.11.08-07.05.56:139][  0]LogD3D11RHI: Chosen D3D11 Adapter: 0
[2018.11.08-07.05.56:182][  0]LogD3D11RHI: Creating new Direct3DDevice
[2018.11.08-07.05.56:182][  0]LogD3D11RHI:     GPU DeviceId: 0x1427 (for the marketing name, search the web for "GPU Device Id")
[2018.11.08-07.05.56:182][  0]LogWindows: EnumDisplayDevices:
[2018.11.08-07.05.56:183][  0]LogWindows:    0. 'Intel(R) HD Graphics 530' (P:1 D:1)
[2018.11.08-07.05.56:183][  0]LogWindows:    1. 'Intel(R) HD Graphics 530' (P:0 D:0)
[2018.11.08-07.05.56:184][  0]LogWindows:    2. 'Intel(R) HD Graphics 530' (P:0 D:0)
[2018.11.08-07.05.56:184][  0]LogWindows:    3. 'NVIDIA GeForce GTX 965M' (P:0 D:0)
[2018.11.08-07.05.56:184][  0]LogWindows: DebugString: PrimaryIsNotTheChoosenAdapter PrimaryIsNotTheChoosenAdapter PrimaryIsNotTheChoosenAdapter 
[2018.11.08-07.05.56:184][  0]LogD3D11RHI:     Adapter Name: NVIDIA GeForce GTX 965M
[2018.11.08-07.05.56:185][  0]LogD3D11RHI:   Driver Version: 398.36 (internal:24.21.13.9836, unified:398.36)
[2018.11.08-07.05.56:185][  0]LogD3D11RHI:      Driver Date: 6-24-2018
[2018.11.08-07.05.56:185][  0]LogRHI: Texture pool is 2837 MB (70% of 4053 MB)
[2018.11.08-07.05.56:236][  0]LogD3D11RHI: Async texture creation enabled
[2018.11.08-07.05.56:275][  0]LogD3D11RHI: GPU Timing Frequency: 1000.000000 (Debug: 2 2)
[2018.11.08-07.05.56:276][  0]LogShaderCompilers: Guid format shader working directory is 2 characters bigger than the processId version (../../../../../../unreal projects/JiuSeLu/Intermediate/Shaders/WorkingDirectory/19108/).
[2018.11.08-07.05.56:276][  0]LogShaderCompilers: Cleaned the shader compiler working directory 'C:/Users/李仁杰/AppData/Local/Temp/UnrealShaderWorkingDir/AD73C93940C4C5CE72E60C875BA92CA9/'.
[2018.11.08-07.05.56:681][  0]LogTemp: Display: Loaded TP AllDesktopTargetPlatform
[2018.11.08-07.05.56:695][  0]LogTemp: Display: Loaded TP MacClientTargetPlatform
[2018.11.08-07.05.56:709][  0]LogTemp: Display: Loaded TP MacNoEditorTargetPlatform
[2018.11.08-07.05.56:724][  0]LogTemp: Display: Loaded TP MacServerTargetPlatform
[2018.11.08-07.05.56:740][  0]LogTemp: Display: Loaded TP MacTargetPlatform
[2018.11.08-07.05.56:755][  0]LogTemp: Display: Loaded TP WindowsClientTargetPlatform
[2018.11.08-07.05.56:770][  0]LogTemp: Display: Loaded TP WindowsNoEditorTargetPlatform
[2018.11.08-07.05.56:784][  0]LogTemp: Display: Loaded TP WindowsServerTargetPlatform
[2018.11.08-07.05.56:791][  0]LogTemp: Display: Loaded TP WindowsTargetPlatform
[2018.11.08-07.05.56:882][  0]LogTemp: Display: Loaded TP AndroidTargetPlatform
[2018.11.08-07.05.56:882][  0]LogTemp: Display: Loaded TP AndroidTargetPlatform
[2018.11.08-07.05.56:882][  0]LogTemp: Display: Loaded TP AndroidTargetPlatform
[2018.11.08-07.05.56:882][  0]LogTemp: Display: Loaded TP AndroidTargetPlatform
[2018.11.08-07.05.56:882][  0]LogTemp: Display: Loaded TP AndroidTargetPlatform
[2018.11.08-07.05.56:882][  0]LogTemp: Display: Loaded TP AndroidTargetPlatform
[2018.11.08-07.05.56:882][  0]LogTemp: Display: Loaded TP AndroidTargetPlatform
[2018.11.08-07.05.56:882][  0]LogTemp: Display: Loaded TP AndroidTargetPlatform
[2018.11.08-07.05.56:882][  0]LogTemp: Display: Loaded TP AndroidTargetPlatform
[2018.11.08-07.05.56:883][  0]LogTemp: Display: Loaded TP AndroidTargetPlatform
[2018.11.08-07.05.56:883][  0]LogTemp: Display: Loaded TP AndroidTargetPlatform
[2018.11.08-07.05.56:883][  0]LogTemp: Display: Loaded TP AndroidTargetPlatform
[2018.11.08-07.05.56:883][  0]LogTemp: Display: Loaded TP AndroidTargetPlatform
[2018.11.08-07.05.56:883][  0]LogTemp: Display: Loaded TP AndroidTargetPlatform
[2018.11.08-07.05.56:883][  0]LogTemp: Display: Loaded TP AndroidTargetPlatform
[2018.11.08-07.05.56:883][  0]LogTemp: Display: Loaded TP AndroidTargetPlatform
[2018.11.08-07.05.56:883][  0]LogTemp: Display: Loaded TP AndroidTargetPlatform
[2018.11.08-07.05.56:883][  0]LogTemp: Display: Loaded TP AndroidTargetPlatform
[2018.11.08-07.05.56:884][  0]LogTemp: Display: Loaded TP HTML5TargetPlatform
[2018.11.08-07.05.56:948][  0]LogTemp: Display: Loaded TP IOSTargetPlatform
[2018.11.08-07.05.56:948][  0]LogTemp: Display: Loaded TP IOSTargetPlatform
[2018.11.08-07.05.56:977][  0]LogTemp: Display: Loaded TP TVOSTargetPlatform
[2018.11.08-07.05.56:977][  0]LogTemp: Display: Loaded TP TVOSTargetPlatform
[2018.11.08-07.05.56:990][  0]LogTemp: Display: Loaded TP LinuxClientTargetPlatform
[2018.11.08-07.05.57:005][  0]LogTemp: Display: Loaded TP LinuxNoEditorTargetPlatform
[2018.11.08-07.05.57:021][  0]LogTemp: Display: Loaded TP LinuxServerTargetPlatform
[2018.11.08-07.05.57:036][  0]LogTemp: Display: Loaded TP LinuxTargetPlatform
[2018.11.08-07.05.57:046][  0]LogTemp: Display: Loaded TP LuminTargetPlatform
[2018.11.08-07.05.57:047][  0]LogTargetPlatformManager: Display: Building Assets For Windows
[2018.11.08-07.05.57:108][  0]LogXGEController: Cleaning working directory: C:/Users/李仁杰/AppData/Local/Temp/UnrealXGEWorkingDir/
[2018.11.08-07.05.57:108][  0]LogXGEController: Cannot use XGE Controller as Incredibuild is not installed on this machine.
[2018.11.08-07.05.57:108][  0]LogShaderCompilers: Cannot use XGE Shader Compiler as Incredibuild is not installed on this machine.
[2018.11.08-07.05.57:108][  0]LogShaderCompilers: Display: Using Local Shader Compiler.
[2018.11.08-07.05.57:908][  0]LogDerivedDataCache: Display: Max Cache Size: 512 MB
[2018.11.08-07.05.57:975][  0]LogDerivedDataCache: Loaded boot cache 0.07s 71MB C:/Users/李仁杰/AppData/Local/UnrealEngine/4.20/DerivedDataCache/Boot.ddc.
[2018.11.08-07.05.57:975][  0]LogDerivedDataCache: Display: Loaded Boot cache: C:/Users/李仁杰/AppData/Local/UnrealEngine/4.20/DerivedDataCache/Boot.ddc
[2018.11.08-07.05.57:975][  0]LogDerivedDataCache: FDerivedDataBackendGraph:  Pak pak cache file ../../../../../../unreal projects/JiuSeLu/DerivedDataCache/DDC.ddp not found, will not use a pak cache.
[2018.11.08-07.05.57:975][  0]LogDerivedDataCache: Unable to find inner node Pak for hierarchical cache Hierarchy.
[2018.11.08-07.05.57:975][  0]LogDerivedDataCache: FDerivedDataBackendGraph:  CompressedPak pak cache file ../../../../../../unreal projects/JiuSeLu/DerivedDataCache/Compressed.ddp not found, will not use a pak cache.
[2018.11.08-07.05.57:975][  0]LogDerivedDataCache: Unable to find inner node CompressedPak for hierarchical cache Hierarchy.
[2018.11.08-07.05.57:991][  0]LogDerivedDataCache: Display: Pak cache opened for reading ../../../Engine/DerivedDataCache/Compressed.ddp.
[2018.11.08-07.05.58:005][  0]LogDerivedDataCache: Using Local data cache path C:/Users/李仁杰/AppData/Local/UnrealEngine/Common/DerivedDataCache: Writable
[2018.11.08-07.05.58:005][  0]LogDerivedDataCache: Shared data cache path not found in *engine.ini, will not use an Shared cache.
[2018.11.08-07.05.58:005][  0]LogDerivedDataCache: Unable to find inner node Shared for hierarchical cache Hierarchy.
[2018.11.08-07.05.58:025][  0]LogMaterial: Verifying Global Shaders for PCD3D_SM5
[2018.11.08-07.05.58:026][  0]LogSlate: Using FreeType 2.6.0
[2018.11.08-07.05.58:027][  0]LogSlate: SlateFontServices - WITH_FREETYPE: 1, WITH_HARFBUZZ: 1
[2018.11.08-07.05.58:119][  0]LogAssetRegistry: FAssetRegistry took 0.0270 seconds to start up
[2018.11.08-07.05.58:482][  0]LogInit: Selected Device Profile: [Windows]
[2018.11.08-07.05.58:635][  0]LogSimplygon: Simplygon DLL not present - disabling.
[2018.11.08-07.05.58:640][  0]LogMeshReduction: Using SimplygonSwarm for distributed automatic mesh merging
[2018.11.08-07.05.58:640][  0]LogMeshReduction: Using ProxyLODMeshReduction for automatic mesh merging
[2018.11.08-07.05.58:640][  0]LogMeshReduction: Using QuadricMeshReduction for automatic static mesh reduction
[2018.11.08-07.05.58:640][  0]LogMeshReduction: No automatic skeletal mesh reduction module available
[2018.11.08-07.05.58:663][  0]LogNetVersion: MyFirst2DProject 1.0.0, NetCL: 4212847, EngineNetVer: 5, GameNetVer: 0 (Checksum: 2512067949)
[2018.11.08-07.05.59:246][  0]LogPackageLocalizationCache: Processed 11 localized package path(s) for 1 prioritized culture(s) in 0.075773 seconds
[2018.11.08-07.05.59:254][  0]LogUObjectArray: 38425 objects as part of root set at end of initial load.
[2018.11.08-07.05.59:254][  0]LogUObjectAllocator: 6690864 out of 0 bytes used by permanent object pool.
[2018.11.08-07.05.59:254][  0]LogUObjectArray: CloseDisregardForGC: 0/0 objects in disregard for GC pool
[2018.11.08-07.06.00:357][  0]LogTcpMessaging: Initializing TcpMessaging bridge
[2018.11.08-07.06.00:371][  0]LogUdpMessaging: Initializing bridge on interface 0.0.0.0:0 to multicast group 230.0.0.1:6666.
[2018.11.08-07.06.00:537][  0]SourceControl: Source control is disabled
[2018.11.08-07.06.00:538][  0]SourceControl: Source control is disabled
[2018.11.08-07.06.00:540][  0]SourceControl: Source control is disabled
[2018.11.08-07.06.00:541][  0]SourceControl: Source control is disabled
[2018.11.08-07.06.00:728][  0]LogAndroidPermission: UAndroidPermissionCallbackProxy::GetInstance
[2018.11.08-07.06.00:792][  0]LogOcInput: OculusInput pre-init called
[2018.11.08-07.06.00:859][  0]LogEngine: Initializing Engine...
[2018.11.08-07.06.00:860][  0]LogHMD: Failed to initialize OpenVR with code 110
[2018.11.08-07.06.00:862][  0]LogStats: UGameplayTagsManager::ConstructGameplayTagTree: ImportINI prefixes -  0.000 s
[2018.11.08-07.06.00:862][  0]LogStats: UGameplayTagsManager::ConstructGameplayTagTree: Construct from data asset -  0.000 s
[2018.11.08-07.06.00:862][  0]LogStats: UGameplayTagsManager::ConstructGameplayTagTree: ImportINI -  0.000 s
[2018.11.08-07.06.00:862][  0]LogStats: UGameplayTagsManager::ConstructGameplayTagTree: GameplayTagTreeChangedEvent.Broadcast -  0.000 s
[2018.11.08-07.06.01:134][  0]LogInit: Initializing FReadOnlyCVARCache
[2018.11.08-07.06.01:144][  0]LogAIModule: Creating AISystem for world Untitled
[2018.11.08-07.06.01:153][  0]LogInit: XAudio2 using '喇叭/耳机 (Realtek High Definition Audio)' : 2 channels at 48 kHz using 32 bits per sample (channel mask 0x3)
[2018.11.08-07.06.02:362][  0]LogInit: FAudioDevice initialized.
[2018.11.08-07.06.02:362][  0]LogNetVersion: Set ProjectVersion to 1.0.0.0. Version Checksum will be recalculated on next use.
[2018.11.08-07.06.02:448][  0]LogDerivedDataCache: Saved boot cache 0.09s 71MB C:/Users/李仁杰/AppData/Local/UnrealEngine/4.20/DerivedDataCache/Boot.ddc.
[2018.11.08-07.06.02:468][  0]LogInit: Texture streaming: Enabled
[2018.11.08-07.06.02:486][  0]LogEngineSessionManager: EngineSessionManager initialized
[2018.11.08-07.06.02:508][  0]LogInit: Transaction tracking system initialized
[2018.11.08-07.06.02:528][  0]BlueprintLog: New page: Editor Load
[2018.11.08-07.06.02:602][  0]LocalizationService: Localization service is disabled
[2018.11.08-07.06.02:912][  0]LogCook: Display: Max memory allowance for cook 16384mb min free memory 0mb
[2018.11.08-07.06.02:912][  0]LogCook: Display: Mobile HDR setting 1
[2018.11.08-07.06.02:912][  0]LogGameplayTags: Display: UGameplayTagsManager::DoneAddingNativeTags. DelegateIsBound: 0
[2018.11.08-07.06.02:912][  0]LogStats: UGameplayTagsManager::ConstructGameplayTagTree: ImportINI prefixes -  0.000 s
[2018.11.08-07.06.02:912][  0]LogStats: UGameplayTagsManager::ConstructGameplayTagTree: Construct from data asset -  0.000 s
[2018.11.08-07.06.02:912][  0]LogStats: UGameplayTagsManager::ConstructGameplayTagTree: ImportINI -  0.000 s
[2018.11.08-07.06.02:912][  0]LogStats: UGameplayTagsManager::ConstructGameplayTagTree: GameplayTagTreeChangedEvent.Broadcast -  0.000 s
[2018.11.08-07.06.03:044][  0]LogFileCache: Scanning file cache for directory 'D:/unreal projects/JiuSeLu/Content/' took 0.01s
[2018.11.08-07.06.03:044][  0]SourceControl: Source control is disabled
[2018.11.08-07.06.03:044][  0]Cmd: MAP LOAD FILE="../../../../../../unreal projects/JiuSeLu/Content/2DSideScrollerBP/Maps/2DSideScrollerExampleMap.umap" TEMPLATE=0 SHOWPROGRESS=1 FEATURELEVEL=3
[2018.11.08-07.06.03:044][  0]LogEditorServer: Warning: Can't find file '../../../../../../unreal projects/JiuSeLu/Content/2DSideScrollerBP/Maps/2DSideScrollerExampleMap.umap'
[2018.11.08-07.06.03:044][  0]Cmd: MAP CHECKDEP NOCLEARLOG
[2018.11.08-07.06.03:116][  0]MapCheck: Map check complete: 0 Error(s), 0 Warning(s), took 71.331ms to complete.
[2018.11.08-07.06.03:116][  0]LogFileHelpers: Loading map '2DSideScrollerExampleMap' took 0.072
[2018.11.08-07.06.03:244][  0]LogSlate: Updating window title bar state: overlay mode, drag disabled, window buttons hidden, title bar hidden
[2018.11.08-07.06.03:259][  0]LogSlate: Updating window title bar state: overlay mode, drag disabled, window buttons hidden, title bar hidden
[2018.11.08-07.06.03:272][  0]LogSlate: Updating window title bar state: overlay mode, drag disabled, window buttons hidden, title bar hidden
[2018.11.08-07.06.03:281][  0]LogSlate: Updating window title bar state: overlay mode, drag disabled, window buttons hidden, title bar hidden
[2018.11.08-07.06.03:288][  0]LogCollectionManager: Loaded 0 collections in 0.001185 seconds
[2018.11.08-07.06.03:332][  0]LogFileCache: Scanning file cache for directory 'D:/unreal projects/JiuSeLu/Saved/Collections/' took 0.01s
[2018.11.08-07.06.03:332][  0]LogFileCache: Scanning file cache for directory 'D:/unreal projects/JiuSeLu/Content/Developers/李仁杰/Collections/' took 0.01s
[2018.11.08-07.06.03:332][  0]LogFileCache: Scanning file cache for directory 'D:/unreal projects/JiuSeLu/Content/Collections/' took 0.01s
[2018.11.08-07.06.03:332][  0]LogCollectionManager: Rebuilt the GUID cache for 0 collections in 0.000000 seconds
[2018.11.08-07.06.03:344][  0]LogContentBrowser: Native class hierarchy populated in 0.0116 seconds. Added 2572 classes and 603 folders.
[2018.11.08-07.06.03:350][  0]LogContentBrowser: Native class hierarchy updated for 'WidgetCarousel' in 0.0003 seconds. Added 0 classes and 0 folders.
[2018.11.08-07.06.03:418][  0]LogContentBrowser: Native class hierarchy updated for 'AddContentDialog' in 0.0003 seconds. Added 0 classes and 0 folders.
[2018.11.08-07.06.03:423][  0]LogContentBrowser: Native class hierarchy updated for 'SceneOutliner' in 0.0003 seconds. Added 1 classes and 2 folders.
[2018.11.08-07.06.03:441][  0]LogSlate: Took 0.000371 seconds to synchronously load lazily loaded font '../../../Engine/Content/Slate/Fonts/Roboto-Regular.ttf' (155K)
[2018.11.08-07.06.03:445][  0]LogSlate: Took 0.000337 seconds to synchronously load lazily loaded font '../../../Engine/Content/Slate/Fonts/Roboto-Bold.ttf' (160K)
[2018.11.08-07.06.03:453][  0]LogSlate: Took 0.000606 seconds to synchronously load lazily loaded font '../../../Engine/Content/Editor/Slate/Fonts/FontAwesome.ttf' (139K)
[2018.11.08-07.06.03:564][  0]LogRenderer: Reallocating scene render targets to support 964x436 Format 10 NumSamples 1 (Frame:1).
[2018.11.08-07.06.03:709][  0]LogContentBrowser: Native class hierarchy updated for 'HierarchicalLODOutliner' in 0.0003 seconds. Added 0 classes and 0 folders.
[2018.11.08-07.06.03:709][  0]LogLoad: (Engine Initialization) Total time: 11.15 seconds
[2018.11.08-07.06.03:709][  0]LogLoad: (Engine Initialization) Total Blueprint compile time: 0.00 seconds
[2018.11.08-07.06.03:736][  0]LogWindowsTextInputMethodSystem: Display: IME system now activated using TSF (搜狗拼音输入法).
[2018.11.08-07.06.03:761][  0]LogContentStreaming: Texture pool size now 1000 MB
[2018.11.08-07.06.03:775][  0]LogSlate: Took 0.000256 seconds to synchronously load lazily loaded font '../../../Engine/Content/Slate/Fonts/Roboto-Light.ttf' (167K)
[2018.11.08-07.06.03:792][  1]LogAssetRegistry: Asset discovery search completed in 5.6958 seconds
[2018.11.08-07.06.03:794][  1]LogCollectionManager: Rebuilt the object cache for 0 collections in 0.000000 seconds (found 0 objects)
[2018.11.08-07.06.03:794][  1]LogCollectionManager: Fixed up redirectors for 0 collections in 0.000045 seconds (updated 0 objects)
[2018.11.08-07.06.05:595][101]LogSlate: FSceneViewport::OnFocusLost() reason 0
[2018.11.08-07.06.08:130][253]LogTemp: Repeating last play command: Selected Viewport
[2018.11.08-07.06.08:151][253]LogPlayLevel: PlayLevel: No blueprints needed recompiling
[2018.11.08-07.06.08:163][253]PIE: New page: PIE session: Untitled_0 (Nov 8, 2018, 11:06:08 PM)
[2018.11.08-07.06.08:379][253]LogPlayLevel: Creating play world package: /Temp/UEDPIE_0_Untitled_0
[2018.11.08-07.06.08:380][253]LogPlayLevel: PIE: StaticDuplicateObject took: (0.000762s)
[2018.11.08-07.06.08:381][253]LogAIModule: Creating AISystem for world Untitled
[2018.11.08-07.06.08:381][253]LogPlayLevel: PIE: World Init took: (0.000992s)
[2018.11.08-07.06.08:381][253]LogPlayLevel: PIE: Created PIE world by copying editor world from /Temp/Untitled_0.Untitled to /Temp/UEDPIE_0_Untitled_0.Untitled (0.001925s)
[2018.11.08-07.06.08:407][253]LogScript: Warning: Accessed None trying to read property CallFunc_GetPlayerController_ReturnValue
	GameINS_C /Engine/Transient.UnrealEdEngine_0:GameINS_C_0
	Function /Game/LRJ/GameINS.GameINS_C:ExecuteUbergraph_GameINS:103E
[2018.11.08-07.06.08:409][253]LogInit: XAudio2 using '喇叭/耳机 (Realtek High Definition Audio)' : 2 channels at 48 kHz using 32 bits per sample (channel mask 0x3)
[2018.11.08-07.06.08:431][253]LogInit: FAudioDevice initialized.
[2018.11.08-07.06.08:619][253]LogLoad: Game class is '2DSideScrollerGameMode_C'
[2018.11.08-07.06.08:622][253]LogWorld: Bringing World /Temp/UEDPIE_0_Untitled_0.Untitled up for play (max tick rate 60) at 2018.11.08-15.06.08
[2018.11.08-07.06.08:623][253]LogWorld: Bringing up level for play took: 0.000659
[2018.11.08-07.06.08:690][253]LogContentBrowser: Native class hierarchy updated for 'MovieSceneCapture' in 0.0007 seconds. Added 10 classes and 0 folders.
[2018.11.08-07.06.08:692][253]PIE: Play in editor start time for /Temp/UEDPIE_0_Untitled_0 0.597
[2018.11.08-07.06.10:274][347]LogSlate: Updating window title bar state: overlay mode, drag disabled, window buttons hidden, title bar hidden
[2018.11.08-07.06.10:308][347]LogPlayLevel: Display: Shutting down PIE online subsystems
[2018.11.08-07.06.10:337][347]LogSlate: Updating window title bar state: overlay mode, drag disabled, window buttons hidden, title bar hidden
[2018.11.08-07.06.10:380][350]LogPlayLevel: Display: Destroying online subsystem :Context_1
[2018.11.08-07.06.24:322][ 58]LogSlate: Only BGRA pngs, bmps or icos are supported in by External Image Picker
[2018.11.08-07.06.24:497][ 59]LogTemp: Executing iPhonePackager certificates Engine -bundlename com.YourCompany.MyFirst2DProject
[2018.11.08-07.06.24:497][ 59]LogTemp: CWD: D:\unreal\Unrealengine\UE_4.20\Engine\Binaries\DotNET\IOS
[2018.11.08-07.06.24:497][ 59]LogTemp: Initial Dir: D:\unreal\Unrealengine\UE_4.20
[2018.11.08-07.06.24:497][ 59]LogTemp: Env CWD: D:\unreal\Unrealengine\UE_4.20\Engine\Binaries\DotNET\IOS
[2018.11.08-07.06.24:497][ 59]LogTemp: BranchPath = LAPTOP-JLSSE705/D/unreal/Unrealengine/UE_4.20/Engine/Binaries --- GameBranchPath = LAPTOP-JLSSE705/D/unreal/Unrealengine/UE_4.20/Engine/Binaries
[2018.11.08-07.06.24:497][ 59]LogTemp: IPP ERROR: Could not find provision directory 'C:\Users\???ʽ?\AppData\Local/Apple Computer/MobileDevice/Provisioning Profiles/'.
[2018.11.08-07.06.29:110][323]LogSlate: Took 0.000197 seconds to synchronously load lazily loaded font '../../../Engine/Content/Slate/Fonts/Roboto-Light.ttf' (167K)
[2018.11.08-07.06.32:614][524]LogSlate: Window 'Project Settings' being destroyed
[2018.11.08-07.06.32:621][524]LogSlate: Window 'Project Settings' being destroyed
[2018.11.08-07.06.34:269][619]LogTemp: Repeating last play command: Selected Viewport
[2018.11.08-07.06.34:288][619]LogPlayLevel: PlayLevel: No blueprints needed recompiling
[2018.11.08-07.06.34:288][619]PIE: New page: PIE session: Untitled_0 (Nov 8, 2018, 11:06:34 PM)
[2018.11.08-07.06.34:289][619]LogPlayLevel: Creating play world package: /Temp/UEDPIE_0_Untitled_0
[2018.11.08-07.06.34:289][619]LogPlayLevel: PIE: StaticDuplicateObject took: (0.000535s)
[2018.11.08-07.06.34:290][619]LogAIModule: Creating AISystem for world Untitled
[2018.11.08-07.06.34:290][619]LogPlayLevel: PIE: World Init took: (0.000621s)
[2018.11.08-07.06.34:290][619]LogPlayLevel: PIE: Created PIE world by copying editor world from /Temp/Untitled_0.Untitled to /Temp/UEDPIE_0_Untitled_0.Untitled (0.001264s)
[2018.11.08-07.06.34:315][619]LogScript: Warning: Accessed None trying to read property CallFunc_GetPlayerController_ReturnValue
	GameINS_C /Engine/Transient.UnrealEdEngine_0:GameINS_C_1
	Function /Game/LRJ/GameINS.GameINS_C:ExecuteUbergraph_GameINS:103E
[2018.11.08-07.06.34:317][619]LogInit: XAudio2 using '喇叭/耳机 (Realtek High Definition Audio)' : 2 channels at 48 kHz using 32 bits per sample (channel mask 0x3)
[2018.11.08-07.06.34:338][619]LogInit: FAudioDevice initialized.
[2018.11.08-07.06.34:375][619]LogLoad: Game class is '2DSideScrollerGameMode_C'
[2018.11.08-07.06.34:377][619]LogWorld: Bringing World /Temp/UEDPIE_0_Untitled_0.Untitled up for play (max tick rate 60) at 2018.11.08-15.06.34
[2018.11.08-07.06.34:377][619]LogWorld: Bringing up level for play took: 0.000474
[2018.11.08-07.06.34:390][619]PIE: Play in editor start time for /Temp/UEDPIE_0_Untitled_0 0.296
[2018.11.08-07.06.37:336][795]LogSlate: Updating window title bar state: overlay mode, drag disabled, window buttons hidden, title bar hidden
[2018.11.08-07.06.37:368][795]LogPlayLevel: Display: Shutting down PIE online subsystems
[2018.11.08-07.06.37:393][795]LogSlate: Updating window title bar state: overlay mode, drag disabled, window buttons hidden, title bar hidden
[2018.11.08-07.06.37:436][798]LogPlayLevel: Display: Destroying online subsystem :Context_3
[2018.11.08-07.06.45:559][277]LogAIModule: Creating AISystem for world 2DSideScrollerExampleMap
[2018.11.08-07.06.45:580][277]LogAssetEditorManager: Opening Asset editor for World /Game/cxd/Maps/2DSideScrollerExampleMap.2DSideScrollerExampleMap
[2018.11.08-07.06.45:610][277]Cmd: MAP LOAD FILE="../../../../../../unreal projects/JiuSeLu/Content/cxd/Maps/2DSideScrollerExampleMap.umap" TEMPLATE=0 SHOWPROGRESS=1 FEATURELEVEL=3
[2018.11.08-07.06.45:610][277]LightingResults: New page: Lighting Build
[2018.11.08-07.06.45:612][277]LogContentBrowser: Native class hierarchy updated for 'StatsViewer' in 0.0003 seconds. Added 5 classes and 0 folders.
[2018.11.08-07.06.45:613][277]LoadErrors: New page: Loading map: 2DSideScrollerExampleMap.umap
[2018.11.08-07.06.45:614][277]MapCheck: New page: Map Check
[2018.11.08-07.06.45:614][277]LightingResults: New page: Lighting Build
[2018.11.08-07.06.45:661][277]LogEditorServer: Finished looking for orphan Actors (0.000 secs)
[2018.11.08-07.06.45:723][277]Cmd: MAP CHECKDEP NOCLEARLOG
[2018.11.08-07.06.45:805][277]MapCheck: Map check complete: 0 Error(s), 0 Warning(s), took 82.278ms to complete.
[2018.11.08-07.06.45:807][277]LogFileHelpers: Loading map '2DSideScrollerExampleMap' took 0.199
[2018.11.08-07.06.46:647][322]LogTemp: Repeating last play command: Selected Viewport
[2018.11.08-07.06.46:667][322]LogBlueprintUserMessages: Early PlayInEditor Detection: Level '/Game/cxd/Maps/2DSideScrollerExampleMap.2DSideScrollerExampleMap:PersistentLevel' has LevelScriptBlueprint '/Game/cxd/Maps/2DSideScrollerExampleMap.2DSideScrollerExampleMap:PersistentLevel.2DSideScrollerExampleMap' with GeneratedClass '/Game/cxd/Maps/2DSideScrollerExampleMap.2DSideScrollerExampleMap_C' with ClassGeneratedBy '/Game/cxd/Maps/2DSideScrollerExampleMap.2DSideScrollerExampleMap:PersistentLevel.2DSideScrollerExampleMap'
[2018.11.08-07.06.46:667][322]LogPlayLevel: PlayLevel: No blueprints needed recompiling
[2018.11.08-07.06.46:667][322]PIE: New page: PIE session: 2DSideScrollerExampleMap (Nov 8, 2018, 11:06:46 PM)
[2018.11.08-07.06.46:668][322]LogPlayLevel: Creating play world package: /Game/cxd/Maps/UEDPIE_0_2DSideScrollerExampleMap
[2018.11.08-07.06.46:677][322]LogPlayLevel: PIE: StaticDuplicateObject took: (0.008905s)
[2018.11.08-07.06.46:677][322]LogAIModule: Creating AISystem for world 2DSideScrollerExampleMap
[2018.11.08-07.06.46:678][322]LogPlayLevel: PIE: World Init took: (0.000668s)
[2018.11.08-07.06.46:678][322]LogPlayLevel: PIE: Created PIE world by copying editor world from /Game/cxd/Maps/2DSideScrollerExampleMap.2DSideScrollerExampleMap to /Game/cxd/Maps/UEDPIE_0_2DSideScrollerExampleMap.2DSideScrollerExampleMap (0.009714s)
[2018.11.08-07.06.46:701][322]LogScript: Warning: Accessed None trying to read property CallFunc_GetPlayerController_ReturnValue
	GameINS_C /Engine/Transient.UnrealEdEngine_0:GameINS_C_2
	Function /Game/LRJ/GameINS.GameINS_C:ExecuteUbergraph_GameINS:103E
[2018.11.08-07.06.46:703][322]LogInit: XAudio2 using '喇叭/耳机 (Realtek High Definition Audio)' : 2 channels at 48 kHz using 32 bits per sample (channel mask 0x3)
[2018.11.08-07.06.46:722][322]LogInit: FAudioDevice initialized.
[2018.11.08-07.06.46:753][322]LogLoad: Game class is '2DSideScrollerGameMode_C'
[2018.11.08-07.06.46:758][322]LogWorld: Bringing World /Game/cxd/Maps/UEDPIE_0_2DSideScrollerExampleMap.2DSideScrollerExampleMap up for play (max tick rate 60) at 2018.11.08-15.06.46
[2018.11.08-07.06.46:759][322]LogWorld: Bringing up level for play took: 0.003741
[2018.11.08-07.06.46:772][322]PIE: Play in editor start time for /Game/cxd/Maps/UEDPIE_0_2DSideScrollerExampleMap 0.678
[2018.11.08-07.06.46:772][322]LogBlueprintUserMessages: Late PlayInEditor Detection: Level '/Game/cxd/Maps/2DSideScrollerExampleMap.2DSideScrollerExampleMap:PersistentLevel' has LevelScriptBlueprint '/Game/cxd/Maps/2DSideScrollerExampleMap.2DSideScrollerExampleMap:PersistentLevel.2DSideScrollerExampleMap' with GeneratedClass '/Game/cxd/Maps/2DSideScrollerExampleMap.2DSideScrollerExampleMap_C' with ClassGeneratedBy '/Game/cxd/Maps/2DSideScrollerExampleMap.2DSideScrollerExampleMap:PersistentLevel.2DSideScrollerExampleMap'
[2018.11.08-07.06.49:630][493]LogScript: Warning: Attempted to access index 5 from array originalColor of length 5!
	GameINS_C /Engine/Transient.UnrealEdEngine_0:GameINS_C_2
	Function /Game/LRJ/GameINS.GameINS_C:ExecuteUbergraph_GameINS:02BE
[2018.11.08-07.06.49:630][493]PIE: Error: Blueprint Runtime Error: "Attempted to access index 5 from array originalColor of length 5!". Blueprint:  GameINS Function:  Execute Ubergraph Game INS Graph:  EventGraph Node:  Color Swith
[2018.11.08-07.06.49:630][493]LogScript: Warning: Attempted to access index 6 from array originalColor of length 5!
	GameINS_C /Engine/Transient.UnrealEdEngine_0:GameINS_C_2
	Function /Game/LRJ/GameINS.GameINS_C:ExecuteUbergraph_GameINS:02BE
[2018.11.08-07.06.49:630][493]PIE: Error: Blueprint Runtime Error: "Attempted to access index 6 from array originalColor of length 5!". Blueprint:  GameINS Function:  Execute Ubergraph Game INS Graph:  EventGraph Node:  Color Swith
[2018.11.08-07.06.50:162][525]LogScript: Warning: Attempted to access index 5 from array originalColor of length 5!
	GameINS_C /Engine/Transient.UnrealEdEngine_0:GameINS_C_2
	Function /Game/LRJ/GameINS.GameINS_C:ExecuteUbergraph_GameINS:02BE
[2018.11.08-07.06.50:162][525]PIE: Error: Blueprint Runtime Error: "Attempted to access index 5 from array originalColor of length 5!". Blueprint:  GameINS Function:  Execute Ubergraph Game INS Graph:  EventGraph Node:  Color Swith
[2018.11.08-07.06.50:162][525]LogScript: Warning: Attempted to access index 6 from array originalColor of length 5!
	GameINS_C /Engine/Transient.UnrealEdEngine_0:GameINS_C_2
	Function /Game/LRJ/GameINS.GameINS_C:ExecuteUbergraph_GameINS:02BE
[2018.11.08-07.06.50:162][525]PIE: Error: Blueprint Runtime Error: "Attempted to access index 6 from array originalColor of length 5!". Blueprint:  GameINS Function:  Execute Ubergraph Game INS Graph:  EventGraph Node:  Color Swith
[2018.11.08-07.06.51:111][582]LogScript: Warning: Attempted to access index 5 from array originalColor of length 5!
	GameINS_C /Engine/Transient.UnrealEdEngine_0:GameINS_C_2
	Function /Game/LRJ/GameINS.GameINS_C:ExecuteUbergraph_GameINS:02BE
[2018.11.08-07.06.51:112][582]PIE: Error: Blueprint Runtime Error: "Attempted to access index 5 from array originalColor of length 5!". Blueprint:  GameINS Function:  Execute Ubergraph Game INS Graph:  EventGraph Node:  Color Swith
[2018.11.08-07.06.51:112][582]LogScript: Warning: Attempted to access index 6 from array originalColor of length 5!
	GameINS_C /Engine/Transient.UnrealEdEngine_0:GameINS_C_2
	Function /Game/LRJ/GameINS.GameINS_C:ExecuteUbergraph_GameINS:02BE
[2018.11.08-07.06.51:112][582]PIE: Error: Blueprint Runtime Error: "Attempted to access index 6 from array originalColor of length 5!". Blueprint:  GameINS Function:  Execute Ubergraph Game INS Graph:  EventGraph Node:  Color Swith
[2018.11.08-07.06.52:115][642]LogScript: Warning: Attempted to access index 5 from array originalColor of length 5!
	GameINS_C /Engine/Transient.UnrealEdEngine_0:GameINS_C_2
	Function /Game/LRJ/GameINS.GameINS_C:ExecuteUbergraph_GameINS:02BE
[2018.11.08-07.06.52:115][642]PIE: Error: Blueprint Runtime Error: "Attempted to access index 5 from array originalColor of length 5!". Blueprint:  GameINS Function:  Execute Ubergraph Game INS Graph:  EventGraph Node:  Color Swith
[2018.11.08-07.06.52:115][642]LogScript: Warning: Attempted to access index 6 from array originalColor of length 5!
	GameINS_C /Engine/Transient.UnrealEdEngine_0:GameINS_C_2
	Function /Game/LRJ/GameINS.GameINS_C:ExecuteUbergraph_GameINS:02BE
[2018.11.08-07.06.52:115][642]PIE: Error: Blueprint Runtime Error: "Attempted to access index 6 from array originalColor of length 5!". Blueprint:  GameINS Function:  Execute Ubergraph Game INS Graph:  EventGraph Node:  Color Swith
[2018.11.08-07.06.52:994][695]LogScript: Warning: Attempted to access index 5 from array originalColor of length 5!
	GameINS_C /Engine/Transient.UnrealEdEngine_0:GameINS_C_2
	Function /Game/LRJ/GameINS.GameINS_C:ExecuteUbergraph_GameINS:02BE
[2018.11.08-07.06.52:994][695]PIE: Error: Blueprint Runtime Error: "Attempted to access index 5 from array originalColor of length 5!". Blueprint:  GameINS Function:  Execute Ubergraph Game INS Graph:  EventGraph Node:  Color Swith
[2018.11.08-07.06.52:994][695]LogScript: Warning: Attempted to access index 6 from array originalColor of length 5!
	GameINS_C /Engine/Transient.UnrealEdEngine_0:GameINS_C_2
	Function /Game/LRJ/GameINS.GameINS_C:ExecuteUbergraph_GameINS:02BE
[2018.11.08-07.06.52:994][695]PIE: Error: Blueprint Runtime Error: "Attempted to access index 6 from array originalColor of length 5!". Blueprint:  GameINS Function:  Execute Ubergraph Game INS Graph:  EventGraph Node:  Color Swith
[2018.11.08-07.06.53:312][714]LogScript: Warning: Attempted to access index 5 from array originalColor of length 5!
	GameINS_C /Engine/Transient.UnrealEdEngine_0:GameINS_C_2
	Function /Game/LRJ/GameINS.GameINS_C:ExecuteUbergraph_GameINS:02BE
[2018.11.08-07.06.53:312][714]PIE: Error: Blueprint Runtime Error: "Attempted to access index 5 from array originalColor of length 5!". Blueprint:  GameINS Function:  Execute Ubergraph Game INS Graph:  EventGraph Node:  Color Swith
[2018.11.08-07.06.53:313][714]LogScript: Warning: Attempted to access index 6 from array originalColor of length 5!
	GameINS_C /Engine/Transient.UnrealEdEngine_0:GameINS_C_2
	Function /Game/LRJ/GameINS.GameINS_C:ExecuteUbergraph_GameINS:02BE
[2018.11.08-07.06.53:313][714]PIE: Error: Blueprint Runtime Error: "Attempted to access index 6 from array originalColor of length 5!". Blueprint:  GameINS Function:  Execute Ubergraph Game INS Graph:  EventGraph Node:  Color Swith
[2018.11.08-07.06.53:628][733]LogScript: Warning: Attempted to access index 5 from array originalColor of length 5!
	GameINS_C /Engine/Transient.UnrealEdEngine_0:GameINS_C_2
	Function /Game/LRJ/GameINS.GameINS_C:ExecuteUbergraph_GameINS:02BE
[2018.11.08-07.06.53:628][733]PIE: Error: Blueprint Runtime Error: "Attempted to access index 5 from array originalColor of length 5!". Blueprint:  GameINS Function:  Execute Ubergraph Game INS Graph:  EventGraph Node:  Color Swith
[2018.11.08-07.06.53:628][733]LogScript: Warning: Attempted to access index 6 from array originalColor of length 5!
	GameINS_C /Engine/Transient.UnrealEdEngine_0:GameINS_C_2
	Function /Game/LRJ/GameINS.GameINS_C:ExecuteUbergraph_GameINS:02BE
[2018.11.08-07.06.53:628][733]PIE: Error: Blueprint Runtime Error: "Attempted to access index 6 from array originalColor of length 5!". Blueprint:  GameINS Function:  Execute Ubergraph Game INS Graph:  EventGraph Node:  Color Swith
[2018.11.08-07.06.54:428][781]LogScript: Warning: Attempted to access index 5 from array originalColor of length 5!
	GameINS_C /Engine/Transient.UnrealEdEngine_0:GameINS_C_2
	Function /Game/LRJ/GameINS.GameINS_C:ExecuteUbergraph_GameINS:02BE
[2018.11.08-07.06.54:428][781]PIE: Error: Blueprint Runtime Error: "Attempted to access index 5 from array originalColor of length 5!". Blueprint:  GameINS Function:  Execute Ubergraph Game INS Graph:  EventGraph Node:  Color Swith
[2018.11.08-07.06.54:428][781]LogScript: Warning: Attempted to access index 6 from array originalColor of length 5!
	GameINS_C /Engine/Transient.UnrealEdEngine_0:GameINS_C_2
	Function /Game/LRJ/GameINS.GameINS_C:ExecuteUbergraph_GameINS:02BE
[2018.11.08-07.06.54:429][781]PIE: Error: Blueprint Runtime Error: "Attempted to access index 6 from array originalColor of length 5!". Blueprint:  GameINS Function:  Execute Ubergraph Game INS Graph:  EventGraph Node:  Color Swith
[2018.11.08-07.06.55:194][827]PIE: Error: Blueprint Runtime Error: "Attempted to access index 5 from array originalColor of length 5!". Blueprint:  GameINS Function:  Execute Ubergraph Game INS Graph:  EventGraph Node:  Color Swith
[2018.11.08-07.06.55:194][827]PIE: Error: Blueprint Runtime Error: "Attempted to access index 6 from array originalColor of length 5!". Blueprint:  GameINS Function:  Execute Ubergraph Game INS Graph:  EventGraph Node:  Color Swith
[2018.11.08-07.06.55:895][869]PIE: Error: Blueprint Runtime Error: "Attempted to access index 5 from array originalColor of length 5!". Blueprint:  GameINS Function:  Execute Ubergraph Game INS Graph:  EventGraph Node:  Color Swith
[2018.11.08-07.06.55:895][869]PIE: Error: Blueprint Runtime Error: "Attempted to access index 6 from array originalColor of length 5!". Blueprint:  GameINS Function:  Execute Ubergraph Game INS Graph:  EventGraph Node:  Color Swith
[2018.11.08-07.06.56:262][891]PIE: Error: Blueprint Runtime Error: "Attempted to access index 5 from array originalColor of length 5!". Blueprint:  GameINS Function:  Execute Ubergraph Game INS Graph:  EventGraph Node:  Color Swith
[2018.11.08-07.06.56:262][891]PIE: Error: Blueprint Runtime Error: "Attempted to access index 6 from array originalColor of length 5!". Blueprint:  GameINS Function:  Execute Ubergraph Game INS Graph:  EventGraph Node:  Color Swith
[2018.11.08-07.06.56:695][917]PIE: Error: Blueprint Runtime Error: "Attempted to access index 5 from array originalColor of length 5!". Blueprint:  GameINS Function:  Execute Ubergraph Game INS Graph:  EventGraph Node:  Color Swith
[2018.11.08-07.06.56:695][917]PIE: Error: Blueprint Runtime Error: "Attempted to access index 6 from array originalColor of length 5!". Blueprint:  GameINS Function:  Execute Ubergraph Game INS Graph:  EventGraph Node:  Color Swith
[2018.11.08-07.06.57:545][967]LogSlate: FSceneViewport::OnFocusLost() reason 0
[2018.11.08-07.06.57:596][970]LogBlueprintUserMessages: Early EndPlayMap Detection: Level '/Game/cxd/Maps/2DSideScrollerExampleMap.2DSideScrollerExampleMap:PersistentLevel' has LevelScriptBlueprint '/Game/cxd/Maps/2DSideScrollerExampleMap.2DSideScrollerExampleMap:PersistentLevel.2DSideScrollerExampleMap' with GeneratedClass '/Game/cxd/Maps/2DSideScrollerExampleMap.2DSideScrollerExampleMap_C' with ClassGeneratedBy '/Game/cxd/Maps/2DSideScrollerExampleMap.2DSideScrollerExampleMap:PersistentLevel.2DSideScrollerExampleMap'
[2018.11.08-07.06.57:597][970]LogSlate: Updating window title bar state: overlay mode, drag disabled, window buttons hidden, title bar hidden
[2018.11.08-07.06.57:633][970]LogPlayLevel: Display: Shutting down PIE online subsystems
[2018.11.08-07.06.57:634][970]LogBlueprintUserMessages: Late EndPlayMap Detection: Level '/Game/cxd/Maps/2DSideScrollerExampleMap.2DSideScrollerExampleMap:PersistentLevel' has LevelScriptBlueprint '/Game/cxd/Maps/2DSideScrollerExampleMap.2DSideScrollerExampleMap:PersistentLevel.2DSideScrollerExampleMap' with GeneratedClass '/Game/cxd/Maps/2DSideScrollerExampleMap.2DSideScrollerExampleMap_C' with ClassGeneratedBy '/Game/cxd/Maps/2DSideScrollerExampleMap.2DSideScrollerExampleMap:PersistentLevel.2DSideScrollerExampleMap'
[2018.11.08-07.06.57:661][970]LogSlate: Updating window title bar state: overlay mode, drag disabled, window buttons hidden, title bar hidden
[2018.11.08-07.06.57:704][972]LogPlayLevel: Display: Destroying online subsystem :Context_4
[2018.11.08-07.06.58:106][996]LogTemp: Repeating last play command: Selected Viewport
[2018.11.08-07.06.58:130][996]LogBlueprintUserMessages: Early PlayInEditor Detection: Level '/Game/cxd/Maps/2DSideScrollerExampleMap.2DSideScrollerExampleMap:PersistentLevel' has LevelScriptBlueprint '/Game/cxd/Maps/2DSideScrollerExampleMap.2DSideScrollerExampleMap:PersistentLevel.2DSideScrollerExampleMap' with GeneratedClass '/Game/cxd/Maps/2DSideScrollerExampleMap.2DSideScrollerExampleMap_C' with ClassGeneratedBy '/Game/cxd/Maps/2DSideScrollerExampleMap.2DSideScrollerExampleMap:PersistentLevel.2DSideScrollerExampleMap'
[2018.11.08-07.06.58:130][996]LogPlayLevel: PlayLevel: No blueprints needed recompiling
[2018.11.08-07.06.58:130][996]PIE: New page: PIE session: 2DSideScrollerExampleMap (Nov 8, 2018, 11:06:58 PM)
[2018.11.08-07.06.58:131][996]LogPlayLevel: Creating play world package: /Game/cxd/Maps/UEDPIE_0_2DSideScrollerExampleMap
[2018.11.08-07.06.58:139][996]LogPlayLevel: PIE: StaticDuplicateObject took: (0.008172s)
[2018.11.08-07.06.58:139][996]LogAIModule: Creating AISystem for world 2DSideScrollerExampleMap
[2018.11.08-07.06.58:140][996]LogPlayLevel: PIE: World Init took: (0.000722s)
[2018.11.08-07.06.58:140][996]LogPlayLevel: PIE: Created PIE world by copying editor world from /Game/cxd/Maps/2DSideScrollerExampleMap.2DSideScrollerExampleMap to /Game/cxd/Maps/UEDPIE_0_2DSideScrollerExampleMap.2DSideScrollerExampleMap (0.009029s)
[2018.11.08-07.06.58:162][996]LogScript: Warning: Accessed None trying to read property CallFunc_GetPlayerController_ReturnValue
	GameINS_C /Engine/Transient.UnrealEdEngine_0:GameINS_C_3
	Function /Game/LRJ/GameINS.GameINS_C:ExecuteUbergraph_GameINS:103E
[2018.11.08-07.06.58:165][996]LogInit: XAudio2 using '喇叭/耳机 (Realtek High Definition Audio)' : 2 channels at 48 kHz using 32 bits per sample (channel mask 0x3)
[2018.11.08-07.06.58:186][996]LogInit: FAudioDevice initialized.
[2018.11.08-07.06.58:222][996]LogLoad: Game class is '2DSideScrollerGameMode_C'
[2018.11.08-07.06.58:226][996]LogWorld: Bringing World /Game/cxd/Maps/UEDPIE_0_2DSideScrollerExampleMap.2DSideScrollerExampleMap up for play (max tick rate 60) at 2018.11.08-15.06.58
[2018.11.08-07.06.58:226][996]LogWorld: Bringing up level for play took: 0.002743
[2018.11.08-07.06.58:239][996]PIE: Play in editor start time for /Game/cxd/Maps/UEDPIE_0_2DSideScrollerExampleMap 0.144
[2018.11.08-07.06.58:239][996]LogBlueprintUserMessages: Late PlayInEditor Detection: Level '/Game/cxd/Maps/2DSideScrollerExampleMap.2DSideScrollerExampleMap:PersistentLevel' has LevelScriptBlueprint '/Game/cxd/Maps/2DSideScrollerExampleMap.2DSideScrollerExampleMap:PersistentLevel.2DSideScrollerExampleMap' with GeneratedClass '/Game/cxd/Maps/2DSideScrollerExampleMap.2DSideScrollerExampleMap_C' with ClassGeneratedBy '/Game/cxd/Maps/2DSideScrollerExampleMap.2DSideScrollerExampleMap:PersistentLevel.2DSideScrollerExampleMap'
[2018.11.08-07.07.03:785][328]LogScript: Warning: Attempted to access index 5 from array originalColor of length 5!
	GameINS_C /Engine/Transient.UnrealEdEngine_0:GameINS_C_3
	Function /Game/LRJ/GameINS.GameINS_C:ExecuteUbergraph_GameINS:02BE
[2018.11.08-07.07.03:786][328]PIE: Error: Blueprint Runtime Error: "Attempted to access index 5 from array originalColor of length 5!". Blueprint:  GameINS Function:  Execute Ubergraph Game INS Graph:  EventGraph Node:  Color Swith
[2018.11.08-07.07.03:786][328]LogScript: Warning: Attempted to access index 6 from array originalColor of length 5!
	GameINS_C /Engine/Transient.UnrealEdEngine_0:GameINS_C_3
	Function /Game/LRJ/GameINS.GameINS_C:ExecuteUbergraph_GameINS:02BE
[2018.11.08-07.07.03:786][328]PIE: Error: Blueprint Runtime Error: "Attempted to access index 6 from array originalColor of length 5!". Blueprint:  GameINS Function:  Execute Ubergraph Game INS Graph:  EventGraph Node:  Color Swith
[2018.11.08-07.07.05:944][436]LogSlate: FSceneViewport::OnFocusLost() reason 0
[2018.11.08-07.07.06:011][440]LogBlueprintUserMessages: Early EndPlayMap Detection: Level '/Game/cxd/Maps/2DSideScrollerExampleMap.2DSideScrollerExampleMap:PersistentLevel' has LevelScriptBlueprint '/Game/cxd/Maps/2DSideScrollerExampleMap.2DSideScrollerExampleMap:PersistentLevel.2DSideScrollerExampleMap' with GeneratedClass '/Game/cxd/Maps/2DSideScrollerExampleMap.2DSideScrollerExampleMap_C' with ClassGeneratedBy '/Game/cxd/Maps/2DSideScrollerExampleMap.2DSideScrollerExampleMap:PersistentLevel.2DSideScrollerExampleMap'
[2018.11.08-07.07.06:011][440]LogSlate: Updating window title bar state: overlay mode, drag disabled, window buttons hidden, title bar hidden
[2018.11.08-07.07.06:044][440]LogPlayLevel: Display: Shutting down PIE online subsystems
[2018.11.08-07.07.06:044][440]LogBlueprintUserMessages: Late EndPlayMap Detection: Level '/Game/cxd/Maps/2DSideScrollerExampleMap.2DSideScrollerExampleMap:PersistentLevel' has LevelScriptBlueprint '/Game/cxd/Maps/2DSideScrollerExampleMap.2DSideScrollerExampleMap:PersistentLevel.2DSideScrollerExampleMap' with GeneratedClass '/Game/cxd/Maps/2DSideScrollerExampleMap.2DSideScrollerExampleMap_C' with ClassGeneratedBy '/Game/cxd/Maps/2DSideScrollerExampleMap.2DSideScrollerExampleMap:PersistentLevel.2DSideScrollerExampleMap'
[2018.11.08-07.07.06:073][440]LogSlate: Updating window title bar state: overlay mode, drag disabled, window buttons hidden, title bar hidden
[2018.11.08-07.07.06:110][442]LogPlayLevel: Display: Destroying online subsystem :Context_5
[2018.11.08-07.07.16:119][ 41]LogSlate: FSceneViewport::OnFocusLost() reason 0
[2018.11.08-07.07.23:940][453]LogTemp: Repeating last play command: Selected Viewport
[2018.11.08-07.07.23:964][453]LogBlueprintUserMessages: Early PlayInEditor Detection: Level '/Game/cxd/Maps/2DSideScrollerExampleMap.2DSideScrollerExampleMap:PersistentLevel' has LevelScriptBlueprint '/Game/cxd/Maps/2DSideScrollerExampleMap.2DSideScrollerExampleMap:PersistentLevel.2DSideScrollerExampleMap' with GeneratedClass '/Game/cxd/Maps/2DSideScrollerExampleMap.2DSideScrollerExampleMap_C' with ClassGeneratedBy '/Game/cxd/Maps/2DSideScrollerExampleMap.2DSideScrollerExampleMap:PersistentLevel.2DSideScrollerExampleMap'
[2018.11.08-07.07.23:964][453]LogPlayLevel: PlayLevel: No blueprints needed recompiling
[2018.11.08-07.07.23:964][453]PIE: New page: PIE session: 2DSideScrollerExampleMap (Nov 8, 2018, 11:07:23 PM)
[2018.11.08-07.07.23:965][453]LogPlayLevel: Creating play world package: /Game/cxd/Maps/UEDPIE_0_2DSideScrollerExampleMap
[2018.11.08-07.07.23:974][453]LogPlayLevel: PIE: StaticDuplicateObject took: (0.009423s)
[2018.11.08-07.07.23:975][453]LogAIModule: Creating AISystem for world 2DSideScrollerExampleMap
[2018.11.08-07.07.23:975][453]LogPlayLevel: PIE: World Init took: (0.000772s)
[2018.11.08-07.07.23:975][453]LogPlayLevel: PIE: Created PIE world by copying editor world from /Game/cxd/Maps/2DSideScrollerExampleMap.2DSideScrollerExampleMap to /Game/cxd/Maps/UEDPIE_0_2DSideScrollerExampleMap.2DSideScrollerExampleMap (0.010327s)
[2018.11.08-07.07.23:997][453]LogScript: Warning: Accessed None trying to read property CallFunc_GetPlayerController_ReturnValue
	GameINS_C /Engine/Transient.UnrealEdEngine_0:GameINS_C_4
	Function /Game/LRJ/GameINS.GameINS_C:ExecuteUbergraph_GameINS:103E
[2018.11.08-07.07.24:002][453]LogInit: XAudio2 using '喇叭/耳机 (Realtek High Definition Audio)' : 2 channels at 48 kHz using 32 bits per sample (channel mask 0x3)
[2018.11.08-07.07.24:024][453]LogInit: FAudioDevice initialized.
[2018.11.08-07.07.24:060][453]LogLoad: Game class is '2DSideScrollerGameMode_C'
[2018.11.08-07.07.24:064][453]LogWorld: Bringing World /Game/cxd/Maps/UEDPIE_0_2DSideScrollerExampleMap.2DSideScrollerExampleMap up for play (max tick rate 60) at 2018.11.08-15.07.24
[2018.11.08-07.07.24:064][453]LogWorld: Bringing up level for play took: 0.003340
[2018.11.08-07.07.24:077][453]PIE: Play in editor start time for /Game/cxd/Maps/UEDPIE_0_2DSideScrollerExampleMap -0.017
[2018.11.08-07.07.24:078][453]LogBlueprintUserMessages: Late PlayInEditor Detection: Level '/Game/cxd/Maps/2DSideScrollerExampleMap.2DSideScrollerExampleMap:PersistentLevel' has LevelScriptBlueprint '/Game/cxd/Maps/2DSideScrollerExampleMap.2DSideScrollerExampleMap:PersistentLevel.2DSideScrollerExampleMap' with GeneratedClass '/Game/cxd/Maps/2DSideScrollerExampleMap.2DSideScrollerExampleMap_C' with ClassGeneratedBy '/Game/cxd/Maps/2DSideScrollerExampleMap.2DSideScrollerExampleMap:PersistentLevel.2DSideScrollerExampleMap'
[2018.11.08-07.07.36:508][198]LogScript: Warning: Attempted to access index 5 from array originalColor of length 5!
	GameINS_C /Engine/Transient.UnrealEdEngine_0:GameINS_C_4
	Function /Game/LRJ/GameINS.GameINS_C:ExecuteUbergraph_GameINS:02BE
[2018.11.08-07.07.36:508][198]PIE: Error: Blueprint Runtime Error: "Attempted to access index 5 from array originalColor of length 5!". Blueprint:  GameINS Function:  Execute Ubergraph Game INS Graph:  EventGraph Node:  Color Swith
[2018.11.08-07.07.36:508][198]LogScript: Warning: Attempted to access index 6 from array originalColor of length 5!
	GameINS_C /Engine/Transient.UnrealEdEngine_0:GameINS_C_4
	Function /Game/LRJ/GameINS.GameINS_C:ExecuteUbergraph_GameINS:02BE
[2018.11.08-07.07.36:508][198]PIE: Error: Blueprint Runtime Error: "Attempted to access index 6 from array originalColor of length 5!". Blueprint:  GameINS Function:  Execute Ubergraph Game INS Graph:  EventGraph Node:  Color Swith
[2018.11.08-07.07.37:695][269]LogSlate: FSceneViewport::OnFocusLost() reason 0
[2018.11.08-07.07.37:762][273]LogBlueprintUserMessages: Early EndPlayMap Detection: Level '/Game/cxd/Maps/2DSideScrollerExampleMap.2DSideScrollerExampleMap:PersistentLevel' has LevelScriptBlueprint '/Game/cxd/Maps/2DSideScrollerExampleMap.2DSideScrollerExampleMap:PersistentLevel.2DSideScrollerExampleMap' with GeneratedClass '/Game/cxd/Maps/2DSideScrollerExampleMap.2DSideScrollerExampleMap_C' with ClassGeneratedBy '/Game/cxd/Maps/2DSideScrollerExampleMap.2DSideScrollerExampleMap:PersistentLevel.2DSideScrollerExampleMap'
[2018.11.08-07.07.37:763][273]LogSlate: Updating window title bar state: overlay mode, drag disabled, window buttons hidden, title bar hidden
[2018.11.08-07.07.37:800][273]LogPlayLevel: Display: Shutting down PIE online subsystems
[2018.11.08-07.07.37:800][273]LogBlueprintUserMessages: Late EndPlayMap Detection: Level '/Game/cxd/Maps/2DSideScrollerExampleMap.2DSideScrollerExampleMap:PersistentLevel' has LevelScriptBlueprint '/Game/cxd/Maps/2DSideScrollerExampleMap.2DSideScrollerExampleMap:PersistentLevel.2DSideScrollerExampleMap' with GeneratedClass '/Game/cxd/Maps/2DSideScrollerExampleMap.2DSideScrollerExampleMap_C' with ClassGeneratedBy '/Game/cxd/Maps/2DSideScrollerExampleMap.2DSideScrollerExampleMap:PersistentLevel.2DSideScrollerExampleMap'
[2018.11.08-07.07.37:827][273]LogSlate: Updating window title bar state: overlay mode, drag disabled, window buttons hidden, title bar hidden
[2018.11.08-07.07.37:868][275]LogPlayLevel: Display: Destroying online subsystem :Context_6
[2018.11.08-07.07.41:757][506]LogAssetEditorManager: Opening Asset editor for Blueprint /Game/LRJ/GameINS.GameINS
[2018.11.08-07.07.42:338][506]LogContentBrowser: Native class hierarchy updated for 'BlueprintGraph' in 0.0006 seconds. Added 116 classes and 0 folders.
[2018.11.08-07.07.43:154][506]LogSlate: Took 0.000349 seconds to synchronously load lazily loaded font '../../../Engine/Content/Slate/Fonts/Roboto-BoldCondensed.ttf' (158K)
[2018.11.08-07.07.43:361][507]LogSlate: Took 0.000538 seconds to synchronously load lazily loaded font '../../../Engine/Content/Slate/Fonts/Roboto-Italic.ttf' (157K)
[2018.11.08-07.07.48:351][734]LogSlate: Window 'GameINS' being destroyed
[2018.11.08-07.07.48:362][734]LogRenderer: Reallocating scene render targets to support 1204x544 Format 10 NumSamples 1 (Frame:526).
[2018.11.08-07.07.50:053][828]LogSlate: Window 'Message Log' being destroyed
[2018.11.08-07.07.50:062][828]LogSlate: Window 'Message Log' being destroyed
[2018.11.08-07.11.28:359][560]LogEditorViewport: Clicking on Actor (LMB): 2DSideScrollerCharacter_C (2DSideScrollerCharacter)
[2018.11.08-07.11.28:836][580]LogEditorViewport: Clicking on Actor (context menu): PaperSpriteActor (Background_Sprite)
[2018.11.08-07.11.29:082][580]LogSlate: FSceneViewport::OnFocusLost() reason 2
[2018.11.08-07.11.30:572][659]LogSlate: FSceneViewport::OnFocusLost() reason 2
[2018.11.08-07.11.31:940][741]LogEditorViewport: Clicking on Actor (LMB): 2DSideScrollerCharacter_C (2DSideScrollerCharacter)
[2018.11.08-07.11.32:381][760]LogEditorViewport: Clicking on Actor (context menu): 2DSideScrollerCharacter_C (2DSideScrollerCharacter)
[2018.11.08-07.11.32:452][760]LogSlate: FSceneViewport::OnFocusLost() reason 2
[2018.11.08-07.11.33:392][808]LogSlate: FSceneViewport::OnFocusLost() reason 2
[2018.11.08-07.11.34:156][853]LogAssetEditorManager: Opening Asset editor for Blueprint /Game/2DSideScrollerBP/Blueprints/2DSideScrollerCharacter.2DSideScrollerCharacter
[2018.11.08-07.11.34:795][854]LogSlate: Took 0.004474 seconds to synchronously load lazily loaded font '../../../Engine/Content/Slate/Fonts/DroidSansFallback.ttf' (3848K)
[2018.11.08-07.11.47:882][603]LogEditorTransaction: Undo Paste clipboard contents
[2018.11.08-07.11.49:952][716]LogUObjectHash: Warning: Ambiguous search, could be K2Node_CustomEvent /Game/2DSideScrollerBP/Blueprints/2DSideScrollerCharacter.2DSideScrollerCharacter:EventGraph.K2Node_CustomEvent_19 or K2Node_CustomEvent /Game/2DSideScrollerBP/Blueprints/2DSideScrollerCharacter.2DSideScrollerCharacter:EventGraph.K2Node_CustomEvent_19
[2018.11.08-07.11.49:952][716]LogUObjectHash: Warning: Ambiguous search, could be K2Node_VariableGet /Game/2DSideScrollerBP/Blueprints/2DSideScrollerCharacter.2DSideScrollerCharacter:EventGraph.K2Node_VariableGet_158 or K2Node_VariableGet /Game/2DSideScrollerBP/Blueprints/2DSideScrollerCharacter.2DSideScrollerCharacter:EventGraph.K2Node_VariableGet_158
[2018.11.08-07.11.49:952][716]LogUObjectHash: Warning: Ambiguous search, could be K2Node_CallFunction /Game/2DSideScrollerBP/Blueprints/2DSideScrollerCharacter.2DSideScrollerCharacter:EventGraph.K2Node_CallFunction_29117 or K2Node_CallFunction /Game/2DSideScrollerBP/Blueprints/2DSideScrollerCharacter.2DSideScrollerCharacter:EventGraph.K2Node_CallFunction_29117
[2018.11.08-07.11.49:952][716]LogUObjectHash: Warning: Ambiguous search, could be K2Node_CallFunction /Game/2DSideScrollerBP/Blueprints/2DSideScrollerCharacter.2DSideScrollerCharacter:EventGraph.K2Node_CallFunction_34538 or K2Node_CallFunction /Game/2DSideScrollerBP/Blueprints/2DSideScrollerCharacter.2DSideScrollerCharacter:EventGraph.K2Node_CallFunction_34538
[2018.11.08-07.11.49:953][716]LogUObjectHash: Warning: Ambiguous search, could be K2Node_CallFunction /Game/2DSideScrollerBP/Blueprints/2DSideScrollerCharacter.2DSideScrollerCharacter:EventGraph.K2Node_CallFunction_34659 or K2Node_CallFunction /Game/2DSideScrollerBP/Blueprints/2DSideScrollerCharacter.2DSideScrollerCharacter:EventGraph.K2Node_CallFunction_34659
[2018.11.08-07.11.49:953][716]LogUObjectHash: Warning: Ambiguous search, could be K2Node_CallFunction /Game/2DSideScrollerBP/Blueprints/2DSideScrollerCharacter.2DSideScrollerCharacter:EventGraph.K2Node_CallFunction_34801 or K2Node_CallFunction /Game/2DSideScrollerBP/Blueprints/2DSideScrollerCharacter.2DSideScrollerCharacter:EventGraph.K2Node_CallFunction_34801
[2018.11.08-07.11.49:953][716]LogUObjectHash: Warning: Ambiguous search, could be K2Node_Select /Game/2DSideScrollerBP/Blueprints/2DSideScrollerCharacter.2DSideScrollerCharacter:EventGraph.K2Node_Select_15 or K2Node_Select /Game/2DSideScrollerBP/Blueprints/2DSideScrollerCharacter.2DSideScrollerCharacter:EventGraph.K2Node_Select_15
[2018.11.08-07.11.50:249][722]LogEditorTransaction: Undo Paste clipboard contents
[2018.11.08-07.11.50:757][742]LogEditorTransaction: Undo Delete current selection
[2018.11.08-07.12.19:927][679]LogSlate: Window 'Save Content' being destroyed
[2018.11.08-07.12.20:079][679]LogSavePackage: Moving '../../../../../../unreal projects/JiuSeLu/Saved/2DSideScrollerCharacter5E1A0254483E7C57F9FFA9BC125FE639.tmp' to '../../../../../../unreal projects/JiuSeLu/Content/2DSideScrollerBP/Blueprints/2DSideScrollerCharacter.uasset'
[2018.11.08-07.12.20:560][679]LogSavePackage: Moving '../../../../../../unreal projects/JiuSeLu/Saved/2DSideScrollerExampleMap96AB78704D94F397886335A6849DE1FB.tmp' to '../../../../../../unreal projects/JiuSeLu/Content/cxd/Maps/2DSideScrollerExampleMap.umap'
[2018.11.08-07.12.20:627][679]LogFileHelpers: Saving map '2DSideScrollerExampleMap' took 0.534
[2018.11.08-07.12.20:835][679]LogSlate: Window 'MyFirst2DProject - Unreal Editor' being destroyed
[2018.11.08-07.12.21:108][680]Cmd: QUIT_EDITOR
[2018.11.08-07.12.22:070][680]LogWindowsTextInputMethodSystem: Display: IME system now activated using TSF (搜狗拼音输入法).
[2018.11.08-07.12.22:083][680]LogExit: Preparing to exit.
[2018.11.08-07.12.22:645][680]LogExit: Editor shut down
[2018.11.08-07.12.22:645][680]LogExit: Transaction tracking system shut down
[2018.11.08-07.12.23:157][680]LogExit: Object subsystem successfully closed.
[2018.11.08-07.12.23:178][680]LogShaderCompilers: Display: Shaders left to compile 0
[2018.11.08-07.12.23:181][680]LogD3D11RHI: Shutdown
[2018.11.08-07.12.23:181][680]LogD3D11RHI: CleanupD3DDevice
[2018.11.08-07.12.23:182][680]LogD3D11RHI: ~FD3D11DynamicRHI
[2018.11.08-07.12.23:194][680]LogModuleManager: Shutting down and abandoning module BlueprintGraph (618)
[2018.11.08-07.12.23:194][680]LogModuleManager: Shutting down and abandoning module StatsViewer (616)
[2018.11.08-07.12.23:194][680]LogModuleManager: Shutting down and abandoning module ExternalImagePicker (614)
[2018.11.08-07.12.23:194][680]LogModuleManager: Shutting down and abandoning module MovieSceneCapture (612)
[2018.11.08-07.12.23:194][680]LogModuleManager: Shutting down and abandoning module Voice (610)
[2018.11.08-07.12.23:194][680]LogModuleManager: Shutting down and abandoning module HierarchicalLODOutliner (608)
[2018.11.08-07.12.23:194][680]LogModuleManager: Shutting down and abandoning module SceneOutliner (606)
[2018.11.08-07.12.23:194][680]LogModuleManager: Shutting down and abandoning module AddContentDialog (604)
[2018.11.08-07.12.23:194][680]LogModuleManager: Shutting down and abandoning module WidgetCarousel (603)
[2018.11.08-07.12.23:194][680]LogModuleManager: Shutting down and abandoning module EditorWidgets (600)
[2018.11.08-07.12.23:194][680]LogModuleManager: Shutting down and abandoning module CollectionManager (598)
[2018.11.08-07.12.23:194][680]LogModuleManager: Shutting down and abandoning module FoliageEdit (596)
[2018.11.08-07.12.23:194][680]LogModuleManager: Shutting down and abandoning module LandscapeEditor (594)
[2018.11.08-07.12.23:194][680]LogModuleManager: Shutting down and abandoning module MeshPaintMode (592)
[2018.11.08-07.12.23:194][680]LogModuleManager: Shutting down and abandoning module SceneDepthPickerMode (590)
[2018.11.08-07.12.23:195][680]LogModuleManager: Shutting down and abandoning module ActorPickerMode (588)
[2018.11.08-07.12.23:195][680]LogModuleManager: Shutting down and abandoning module GeometryMode (586)
[2018.11.08-07.12.23:195][680]LogModuleManager: Shutting down and abandoning module TextureAlignMode (584)
[2018.11.08-07.12.23:195][680]LogModuleManager: Shutting down and abandoning module BspMode (582)
[2018.11.08-07.12.23:195][680]LogModuleManager: Shutting down and abandoning module PIEPreviewDeviceProfileSelector (580)
[2018.11.08-07.12.23:195][680]LogModuleManager: Shutting down and abandoning module SequenceRecorderSections (578)
[2018.11.08-07.12.23:195][680]LogModuleManager: Shutting down and abandoning module AutomationWorker (576)
[2018.11.08-07.12.23:195][680]LogModuleManager: Shutting down and abandoning module AudioCaptureEditor (574)
[2018.11.08-07.12.23:195][680]LogModuleManager: Shutting down and abandoning module SequenceRecorder (573)
[2018.11.08-07.12.23:195][680]LogModuleManager: Shutting down and abandoning module MatineeToLevelSequence (570)
[2018.11.08-07.12.23:195][680]LogModuleManager: Shutting down and abandoning module LevelSequenceEditor (568)
[2018.11.08-07.12.23:195][680]LogModuleManager: Shutting down and abandoning module PlacementMode (567)
[2018.11.08-07.12.23:195][680]LogModuleManager: Shutting down and abandoning module MaterialEditor (566)
[2018.11.08-07.12.23:195][680]LogModuleManager: Shutting down and abandoning module WmfMediaFactory (562)
[2018.11.08-07.12.23:195][680]LogModuleManager: Shutting down and abandoning module WmfMediaEditor (560)
[2018.11.08-07.12.23:195][680]LogModuleManager: Shutting down and abandoning module MediaPlayerEditor (558)
[2018.11.08-07.12.23:195][680]LogModuleManager: Shutting down and abandoning module OpenExrWrapper (556)
[2018.11.08-07.12.23:195][680]LogModuleManager: Shutting down and abandoning module ImgMediaFactory (554)
[2018.11.08-07.12.23:195][680]LogModuleManager: Shutting down and abandoning module ImgMediaEditor (552)
[2018.11.08-07.12.23:195][680]LogModuleManager: Shutting down and abandoning module AvfMediaFactory (550)
[2018.11.08-07.12.23:195][680]LogModuleManager: Shutting down and abandoning module AvfMediaEditor (548)
[2018.11.08-07.12.23:195][680]LogModuleManager: Shutting down and abandoning module AndroidMediaFactory (546)
[2018.11.08-07.12.23:195][680]LogModuleManager: Shutting down and abandoning module AndroidMediaEditor (544)
[2018.11.08-07.12.23:195][680]LogModuleManager: Shutting down and abandoning module MagicLeapCameraPreviewFactory (542)
[2018.11.08-07.12.23:195][680]LogModuleManager: Shutting down and abandoning module MagicLeapMediaFactory (540)
[2018.11.08-07.12.23:195][680]LogModuleManager: Shutting down and abandoning module MagicLeapMediaEditor (538)
[2018.11.08-07.12.23:195][680]LogModuleManager: Shutting down and abandoning module CharacterAI (536)
[2018.11.08-07.12.23:195][680]LogModuleManager: Shutting down and abandoning module SmartSnapping (534)
[2018.11.08-07.12.23:195][680]LogModuleManager: Shutting down and abandoning module SessionServices (532)
[2018.11.08-07.12.23:195][680]LogModuleManager: Shutting down and abandoning module ViewportSnapping (530)
[2018.11.08-07.12.23:195][680]LogModuleManager: Shutting down and abandoning module ViewportInteraction (528)
[2018.11.08-07.12.23:195][680]LogModuleManager: Shutting down and abandoning module ClothPainter (526)
[2018.11.08-07.12.23:195][680]LogModuleManager: Shutting down and abandoning module SkeletalMeshEditor (525)
[2018.11.08-07.12.23:195][680]LogModuleManager: Shutting down and abandoning module LogVisualizer (522)
[2018.11.08-07.12.23:195][680]LogModuleManager: Shutting down and abandoning module IntroTutorials (520)
[2018.11.08-07.12.23:195][680]LogModuleManager: Shutting down and abandoning module GameProjectGeneration (519)
[2018.11.08-07.12.23:195][680]LogModuleManager: Shutting down and abandoning module LuminPlatformEditor (516)
[2018.11.08-07.12.23:196][680]LogModuleManager: Shutting down and abandoning module IOSPlatformEditor (514)
[2018.11.08-07.12.23:196][680]LogModuleManager: Shutting down and abandoning module HTML5PlatformEditor (512)
[2018.11.08-07.12.23:196][680]LogModuleManager: Shutting down and abandoning module AndroidPlatformEditor (510)
[2018.11.08-07.12.23:196][680]LogModuleManager: Shutting down and abandoning module AndroidDeviceDetection (509)
[2018.11.08-07.12.23:848][680]LogModuleManager: Shutting down and abandoning module WindowsPlatformEditor (506)
[2018.11.08-07.12.23:848][680]LogModuleManager: Shutting down and abandoning module LuminRuntimeSettings (504)
[2018.11.08-07.12.23:848][680]LogModuleManager: Shutting down and abandoning module IOSRuntimeSettings (502)
[2018.11.08-07.12.23:848][680]LogModuleManager: Shutting down and abandoning module AndroidRuntimeSettings (500)
[2018.11.08-07.12.23:848][680]LogModuleManager: Shutting down and abandoning module InputBindingEditor (498)
[2018.11.08-07.12.23:848][680]LogModuleManager: Shutting down and abandoning module MergeActors (496)
[2018.11.08-07.12.23:848][680]LogModuleManager: Shutting down and abandoning module LocalizationDashboard (494)
[2018.11.08-07.12.23:848][680]LogModuleManager: Shutting down and abandoning module LocalizationService (493)
[2018.11.08-07.12.23:848][680]LogModuleManager: Shutting down and abandoning module HardwareTargeting (490)
[2018.11.08-07.12.23:848][680]LogModuleManager: Shutting down and abandoning module DeviceProfileEditor (488)
[2018.11.08-07.12.23:848][680]LogModuleManager: Shutting down and abandoning module UndoHistory (486)
[2018.11.08-07.12.23:848][680]LogModuleManager: Shutting down and abandoning module XmlParser (484)
[2018.11.08-07.12.23:848][680]LogModuleManager: Shutting down and abandoning module Blutility (482)
[2018.11.08-07.12.23:848][680]LogModuleManager: Shutting down and abandoning module ProjectSettingsViewer (480)
[2018.11.08-07.12.23:849][680]LogModuleManager: Shutting down and abandoning module ProjectTargetPlatformEditor (479)
[2018.11.08-07.12.23:849][680]LogModuleManager: Shutting down and abandoning module EditorSettingsViewer (476)
[2018.11.08-07.12.23:849][680]LogModuleManager: Shutting down and abandoning module SettingsEditor (474)
[2018.11.08-07.12.23:849][680]LogModuleManager: Shutting down and abandoning module ProjectLauncher (472)
[2018.11.08-07.12.23:849][680]LogModuleManager: Shutting down and abandoning module SessionFrontend (470)
[2018.11.08-07.12.23:849][680]LogModuleManager: Shutting down and abandoning module ProfilerClient (468)
[2018.11.08-07.12.23:849][680]LogModuleManager: Shutting down and abandoning module DeviceManager (466)
[2018.11.08-07.12.23:849][680]LogModuleManager: Shutting down and abandoning module TargetDeviceServices (465)
[2018.11.08-07.12.23:892][680]LogModuleManager: Shutting down and abandoning module AutomationController (462)
[2018.11.08-07.12.23:892][680]LogModuleManager: Shutting down and abandoning module AutomationWindow (460)
[2018.11.08-07.12.23:892][680]LogModuleManager: Shutting down and abandoning module Layers (458)
[2018.11.08-07.12.23:892][680]LogModuleManager: Shutting down and abandoning module ComponentVisualizers (456)
[2018.11.08-07.12.23:892][680]LogModuleManager: Shutting down and abandoning module DetailCustomizations (454)
[2018.11.08-07.12.23:892][680]LogModuleManager: Shutting down and abandoning module PackagesDialog (452)
[2018.11.08-07.12.23:892][680]LogModuleManager: Shutting down and abandoning module Persona (450)
[2018.11.08-07.12.23:892][680]LogModuleManager: Shutting down and abandoning module AdvancedPreviewScene (449)
[2018.11.08-07.12.23:892][680]LogModuleManager: Shutting down and abandoning module AnimGraph (447)
[2018.11.08-07.12.23:892][680]LogModuleManager: Shutting down and abandoning module Kismet (444)
[2018.11.08-07.12.23:897][680]LogModuleManager: Shutting down and abandoning module GraphEditor (442)
[2018.11.08-07.12.23:897][680]LogModuleManager: Shutting down and abandoning module ClassViewer (440)
[2018.11.08-07.12.23:897][680]LogModuleManager: Shutting down and abandoning module Toolbox (438)
[2018.11.08-07.12.23:898][680]LogModuleManager: Shutting down and abandoning module ModuleUI (436)
[2018.11.08-07.12.23:898][680]LogModuleManager: Shutting down and abandoning module MovieSceneTools (434)
[2018.11.08-07.12.23:898][680]LogModuleManager: Shutting down and abandoning module OutputLog (432)
[2018.11.08-07.12.23:898][680]LogModuleManager: Shutting down and abandoning module GammaUI (430)
[2018.11.08-07.12.23:898][680]LogModuleManager: Shutting down and abandoning module Documentation (428)
[2018.11.08-07.12.23:898][680]LogModuleManager: Shutting down and abandoning module MovieSceneTracks (426)
[2018.11.08-07.12.23:898][680]LogModuleManager: Shutting down and abandoning module MovieScene (424)
[2018.11.08-07.12.23:898][680]LogModuleManager: Shutting down and abandoning module StreamingPauseRendering (422)
[2018.11.08-07.12.23:898][680]LogModuleManager: Shutting down and abandoning module LauncherPlatform (420)
[2018.11.08-07.12.23:898][680]LogModuleManager: Shutting down and abandoning module AnalyticsET (418)
[2018.11.08-07.12.23:898][680]LogModuleManager: Shutting down and abandoning module PortalServices (416)
[2018.11.08-07.12.23:898][680]LogModuleManager: Shutting down and abandoning module PortalRpc (414)
[2018.11.08-07.12.23:898][680]LogModuleManager: Shutting down and abandoning module MessagingRpc (412)
[2018.11.08-07.12.23:898][680]LogModuleManager: Shutting down and abandoning module AIModule (410)
[2018.11.08-07.12.23:898][680]LogModuleManager: Shutting down and abandoning module GameplayDebugger (409)
[2018.11.08-07.12.23:898][680]LogModuleManager: Shutting down and abandoning module AITestSuite (407)
[2018.11.08-07.12.23:898][680]LogModuleManager: Shutting down and abandoning module NavigationSystem (405)
[2018.11.08-07.12.23:898][680]LogModuleManager: Shutting down and abandoning module DesktopPlatform (402)
[2018.11.08-07.12.23:898][680]LogModuleManager: Shutting down and abandoning module ProfilerService (400)
[2018.11.08-07.12.24:071][680]LogModuleManager: Shutting down and abandoning module TaskGraph (398)
[2018.11.08-07.12.24:071][680]LogModuleManager: Shutting down and abandoning module SteamVRController (396)
[2018.11.08-07.12.24:071][680]LogModuleManager: Shutting down and abandoning module ProceduralMeshComponentEditor (394)
[2018.11.08-07.12.24:071][680]LogModuleManager: Shutting down and abandoning module ProceduralMeshComponent (392)
[2018.11.08-07.12.24:071][680]LogModuleManager: Shutting down and abandoning module OculusInput (390)
[2018.11.08-07.12.24:071][680]LogModuleManager: Shutting down and abandoning module MobilePatchingUtils (388)
[2018.11.08-07.12.24:071][680]LogModuleManager: Shutting down and abandoning module EditableMesh (386)
[2018.11.08-07.12.24:071][680]LogModuleManager: Shutting down and abandoning module CustomMeshComponent (384)
[2018.11.08-07.12.24:071][680]LogModuleManager: Shutting down and abandoning module CableComponent (382)
[2018.11.08-07.12.24:071][680]LogModuleManager: Shutting down and abandoning module AudioCapture (380)
[2018.11.08-07.12.24:072][680]LogModuleManager: Shutting down and abandoning module ArchVisCharacter (378)
[2018.11.08-07.12.24:072][680]LogModuleManager: Shutting down and abandoning module AndroidPermission (376)
[2018.11.08-07.12.24:072][680]LogModuleManager: Shutting down and abandoning module NUTUnrealEngine4 (374)
[2018.11.08-07.12.24:072][680]LogModuleManager: Shutting down and abandoning module NetcodeUnitTest (372)
[2018.11.08-07.12.24:072][680]LogModuleManager: Shutting down and abandoning module MediaCompositingEditor (370)
[2018.11.08-07.12.24:072][680]LogModuleManager: Shutting down and abandoning module MediaCompositing (368)
[2018.11.08-07.12.24:072][680]LogModuleManager: Shutting down and abandoning module LinearTimecode (366)
[2018.11.08-07.12.24:072][680]LogModuleManager: Shutting down and abandoning module ImgMedia (364)
[2018.11.08-07.12.24:075][680]LogModuleManager: Shutting down and abandoning module HTML5Networking (362)
[2018.11.08-07.12.24:076][680]LogModuleManager: Shutting down and abandoning module GeometryCacheTracks (360)
[2018.11.08-07.12.24:076][680]LogModuleManager: Shutting down and abandoning module GeometryCacheSequencer (358)
[2018.11.08-07.12.24:076][680]LogModuleManager: Shutting down and abandoning module BackChannel (356)
[2018.11.08-07.12.24:076][680]LogModuleManager: Shutting down and abandoning module AppleVision (354)
[2018.11.08-07.12.24:076][680]LogModuleManager: Shutting down and abandoning module AppleImageUtils (352)
[2018.11.08-07.12.24:076][680]LogModuleManager: Shutting down and abandoning module AlembicImporter (350)
[2018.11.08-07.12.24:076][680]LogModuleManager: Shutting down and abandoning module AlembicLibrary (349)
[2018.11.08-07.12.24:076][680]LogModuleManager: Shutting down and abandoning module GeometryCache (348)
[2018.11.08-07.12.24:076][680]LogModuleManager: Shutting down and abandoning module GeometryCacheEd (347)
[2018.11.08-07.12.24:076][680]LogModuleManager: Shutting down and abandoning module DatasmithContentEditor (342)
[2018.11.08-07.12.24:076][680]LogModuleManager: Shutting down and abandoning module DatasmithContent (340)
[2018.11.08-07.12.24:077][680]LogModuleManager: Shutting down and abandoning module SpeedTreeImporter (338)
[2018.11.08-07.12.24:077][680]LogModuleManager: Shutting down and abandoning module PluginBrowser (336)
[2018.11.08-07.12.24:077][680]LogModuleManager: Shutting down and abandoning module MobileLauncherProfileWizard (334)
[2018.11.08-07.12.24:077][680]LogModuleManager: Shutting down and abandoning module PolygonModeling (332)
[2018.11.08-07.12.24:077][680]LogModuleManager: Shutting down and abandoning module MeshEditor (330)
[2018.11.08-07.12.24:077][680]LogModuleManager: Shutting down and abandoning module CryptoKeysOpenSSL (328)
[2018.11.08-07.12.24:077][680]LogModuleManager: Shutting down and abandoning module CryptoKeys (326)
[2018.11.08-07.12.24:077][680]LogModuleManager: Shutting down and abandoning module VisualStudioSourceCodeAccess (324)
[2018.11.08-07.12.24:077][680]LogModuleManager: Shutting down and abandoning module VisualStudioCodeSourceCodeAccess (322)
[2018.11.08-07.12.24:077][680]LogModuleManager: Shutting down and abandoning module UObjectPlugin (320)
[2018.11.08-07.12.24:077][680]LogModuleManager: Shutting down and abandoning module SubversionSourceControl (318)
[2018.11.08-07.12.24:077][680]LogModuleManager: Shutting down and abandoning module PerforceSourceControl (316)
[2018.11.08-07.12.24:077][680]LogModuleManager: Shutting down and abandoning module GitSourceControl (314)
[2018.11.08-07.12.24:077][680]LogModuleManager: Shutting down and abandoning module SourceControl (313)
[2018.11.08-07.12.24:077][680]LogModuleManager: Shutting down and abandoning module CLionSourceCodeAccess (310)
[2018.11.08-07.12.24:077][680]LogModuleManager: Shutting down and abandoning module LightPropagationVolumeEditor (308)
[2018.11.08-07.12.24:077][680]LogModuleManager: Shutting down and abandoning module PaperTiledImporter (306)
[2018.11.08-07.12.24:077][680]LogModuleManager: Shutting down and abandoning module PaperSpriteSheetImporter (304)
[2018.11.08-07.12.24:077][680]LogModuleManager: Shutting down and abandoning module Paper2DEditor (302)
[2018.11.08-07.12.24:077][680]LogModuleManager: Shutting down and abandoning module MeshPaint (301)
[2018.11.08-07.12.24:077][680]LogModuleManager: Shutting down and abandoning module RuntimePhysXCooking (298)
[2018.11.08-07.12.24:077][680]LogModuleManager: Shutting down and abandoning module PhysXVehiclesEditor (296)
[2018.11.08-07.12.24:077][680]LogModuleManager: Shutting down and abandoning module PhysXVehicles (294)
[2018.11.08-07.12.24:077][680]LogModuleManager: Shutting down and abandoning module OculusEditor (292)
[2018.11.08-07.12.24:077][680]LogModuleManager: Shutting down and abandoning module LocationServicesBPLibrary (290)
[2018.11.08-07.12.24:077][680]LogModuleManager: Shutting down and abandoning module ImmediatePhysicsEditor (288)
[2018.11.08-07.12.24:078][680]LogModuleManager: Shutting down and abandoning module ImmediatePhysics (286)
[2018.11.08-07.12.24:078][680]LogModuleManager: Shutting down and abandoning module ActorSequence (284)
[2018.11.08-07.12.24:078][680]LogModuleManager: Shutting down and abandoning module UdpMessaging (282)
[2018.11.08-07.12.24:178][680]LogModuleManager: Shutting down and abandoning module TcpMessaging (280)
[2018.11.08-07.12.24:278][680]LogModuleManager: Shutting down and abandoning module MagicLeapAudio (278)
[2018.11.08-07.12.24:278][680]LogModuleManager: Shutting down and abandoning module GameplayTagsEditor (276)
[2018.11.08-07.12.24:278][680]LogModuleManager: Shutting down and abandoning module FacialAnimationEditor (274)
[2018.11.08-07.12.24:278][680]LogModuleManager: Shutting down and abandoning module FacialAnimation (272)
[2018.11.08-07.12.24:278][680]LogModuleManager: Shutting down and abandoning module DataValidation (270)
[2018.11.08-07.12.24:278][680]LogModuleManager: Shutting down and abandoning module AssetManagerEditor (268)
[2018.11.08-07.12.24:278][680]LogModuleManager: Shutting down and abandoning module LevelEditor (267)
[2018.11.08-07.12.24:278][680]LogModuleManager: Shutting down and abandoning module PixelInspectorModule (266)
[2018.11.08-07.12.24:278][680]LogModuleManager: Shutting down and abandoning module CommonMenuExtensions (264)
[2018.11.08-07.12.24:279][680]LogModuleManager: Shutting down and abandoning module MainFrame (262)
[2018.11.08-07.12.24:279][680]LogModuleManager: Shutting down and abandoning module HotReload (261)
[2018.11.08-07.12.24:280][680]LogModuleManager: Shutting down and abandoning module ContentBrowser (257)
[2018.11.08-07.12.24:281][680]LogModuleManager: Shutting down and abandoning module TreeMap (255)
[2018.11.08-07.12.24:281][680]LogModuleManager: Shutting down and abandoning module LightPropagationVolumeRuntime (252)
[2018.11.08-07.12.24:281][680]LogModuleManager: Shutting down and abandoning module AISupportModule (250)
[2018.11.08-07.12.24:281][680]LogModuleManager: Shutting down and abandoning module Paper2D (248)
[2018.11.08-07.12.24:281][680]LogModuleManager: Shutting down and abandoning module WindowsMoviePlayer (246)
[2018.11.08-07.12.24:281][680]LogModuleManager: Shutting down and abandoning module WmfMedia (244)
[2018.11.08-07.12.24:284][680]LogModuleManager: Shutting down and abandoning module Media (243)
[2018.11.08-07.12.24:290][680]LogModuleManager: Shutting down and abandoning module PacketHandler (240)
[2018.11.08-07.12.24:290][680]LogModuleManager: Shutting down and abandoning module ClothingSystemEditor (238)
[2018.11.08-07.12.24:290][680]LogModuleManager: Shutting down and abandoning module ClothingSystemRuntime (236)
[2018.11.08-07.12.24:290][680]LogModuleManager: Shutting down and abandoning module MediaAssets (234)
[2018.11.08-07.12.24:290][680]LogModuleManager: Shutting down and abandoning module Overlay (232)
[2018.11.08-07.12.24:290][680]LogModuleManager: Shutting down and abandoning module OverlayEditor (231)
[2018.11.08-07.12.24:291][680]LogModuleManager: Shutting down and abandoning module VREditor (228)
[2018.11.08-07.12.24:291][680]LogModuleManager: Shutting down and abandoning module StringTableEditor (226)
[2018.11.08-07.12.24:291][680]LogModuleManager: Shutting down and abandoning module GameplayTasksEditor (224)
[2018.11.08-07.12.24:291][680]LogModuleManager: Shutting down and abandoning module BehaviorTreeEditor (222)
[2018.11.08-07.12.24:291][680]LogModuleManager: Shutting down and abandoning module FunctionalTesting (220)
[2018.11.08-07.12.24:291][680]LogModuleManager: Shutting down and abandoning module CollisionAnalyzer (218)
[2018.11.08-07.12.24:291][680]LogModuleManager: Shutting down and abandoning module WorkspaceMenuStructure (217)
[2018.11.08-07.12.24:291][680]LogModuleManager: Shutting down and abandoning module UMG (214)
[2018.11.08-07.12.24:291][680]LogModuleManager: Shutting down and abandoning module UMGEditor (213)
[2018.11.08-07.12.24:291][680]LogModuleManager: Shutting down and abandoning module Sequencer (212)
[2018.11.08-07.12.24:291][680]LogModuleManager: Shutting down and abandoning module MessageLog (209)
[2018.11.08-07.12.24:291][680]LogModuleManager: Shutting down and abandoning module SlateReflector (204)
[2018.11.08-07.12.24:291][680]LogModuleManager: Shutting down and abandoning module Slate (202)
[2018.11.08-07.12.24:291][680]LogModuleManager: Shutting down and abandoning module EditorStyle (200)
[2018.11.08-07.12.24:293][680]LogModuleManager: Shutting down and abandoning module MRMesh (198)
[2018.11.08-07.12.24:293][680]LogModuleManager: Shutting down and abandoning module SourceCodeAccess (196)
[2018.11.08-07.12.24:293][680]LogModuleManager: Shutting down and abandoning module HeadMountedDisplay (194)
[2018.11.08-07.12.24:293][680]LogModuleManager: Shutting down and abandoning module XAudio2 (192)
[2018.11.08-07.12.24:293][680]LogModuleManager: Shutting down and abandoning module Networking (190)
[2018.11.08-07.12.24:293][680]LogModuleManager: Shutting down and abandoning module Core (188)
[2018.11.08-07.12.24:293][680]LogModuleManager: Shutting down and abandoning module LevelSequence (186)
[2018.11.08-07.12.24:293][680]LogModuleManager: Shutting down and abandoning module KismetCompiler (184)
[2018.11.08-07.12.24:293][680]LogModuleManager: Shutting down and abandoning module MeshUtilities (182)
[2018.11.08-07.12.24:293][680]LogModuleManager: Shutting down and abandoning module MeshMergeUtilities (181)
[2018.11.08-07.12.24:293][680]LogModuleManager: Shutting down and abandoning module MeshReductionInterface (180)
[2018.11.08-07.12.24:293][680]LogModuleManager: Shutting down and abandoning module SimplygonSwarm (179)
[2018.11.08-07.12.24:293][680]LogModuleManager: Shutting down and abandoning module ProxyLODMeshReduction (177)
[2018.11.08-07.12.24:293][680]LogModuleManager: Shutting down and abandoning module SimplygonMeshReduction (175)
[2018.11.08-07.12.24:293][680]LogModuleManager: Shutting down and abandoning module QuadricMeshReduction (173)
[2018.11.08-07.12.24:293][680]LogModuleManager: Shutting down and abandoning module MaterialBaking (169)
[2018.11.08-07.12.24:293][680]LogModuleManager: Shutting down and abandoning module DirectoryWatcher (165)
[2018.11.08-07.12.24:293][680]LogModuleManager: Shutting down and abandoning module DerivedDataCache (162)
[2018.11.08-07.12.24:385][680]LogDerivedDataCache: Shutdown
[2018.11.08-07.12.24:385][680]LogModuleManager: Shutting down and abandoning module XGEController (160)
[2018.11.08-07.12.24:385][680]LogXGEController: Cleaning working directory: C:/Users/李仁杰/AppData/Local/Temp/UnrealXGEWorkingDir/
[2018.11.08-07.12.24:386][680]LogModuleManager: Shutting down and abandoning module TargetPlatform (158)
[2018.11.08-07.12.24:386][680]LogModuleManager: Shutting down and abandoning module VulkanShaderFormat (157)
[2018.11.08-07.12.24:386][680]LogModuleManager: Shutting down and abandoning module ShaderFormatVectorVM (155)
[2018.11.08-07.12.24:386][680]LogModuleManager: Shutting down and abandoning module ShaderFormatOpenGL (153)
[2018.11.08-07.12.24:386][680]LogModuleManager: Shutting down and abandoning module ShaderFormatD3D (151)
[2018.11.08-07.12.24:386][680]LogModuleManager: Shutting down and abandoning module MetalShaderFormat (149)
[2018.11.08-07.12.24:386][680]LogModuleManager: Shutting down and abandoning module TextureFormatUncompressed (147)
[2018.11.08-07.12.24:386][680]LogModuleManager: Shutting down and abandoning module TextureFormatPVR (145)
[2018.11.08-07.12.24:386][680]LogModuleManager: Shutting down and abandoning module TextureFormatDXT (143)
[2018.11.08-07.12.24:386][680]LogModuleManager: Shutting down and abandoning module TextureFormatIntelISPCTexComp (141)
[2018.11.08-07.12.24:386][680]LogModuleManager: Shutting down and abandoning module TextureFormatASTC (139)
[2018.11.08-07.12.24:386][680]LogModuleManager: Shutting down and abandoning module ImageWrapper (138)
[2018.11.08-07.12.24:386][680]LogModuleManager: Shutting down and abandoning module TextureFormatAndroid (135)
[2018.11.08-07.12.24:386][680]LogModuleManager: Shutting down and abandoning module AudioFormatOpus (133)
[2018.11.08-07.12.24:386][680]LogModuleManager: Shutting down and abandoning module AudioFormatOgg (131)
[2018.11.08-07.12.24:386][680]LogModuleManager: Shutting down and abandoning module AudioFormatADPCM (129)
[2018.11.08-07.12.24:386][680]LogModuleManager: Shutting down and abandoning module LuminTargetPlatform (127)
[2018.11.08-07.12.24:386][680]LogModuleManager: Shutting down and abandoning module LinuxTargetPlatform (125)
[2018.11.08-07.12.24:386][680]LogModuleManager: Shutting down and abandoning module LinuxServerTargetPlatform (123)
[2018.11.08-07.12.24:386][680]LogModuleManager: Shutting down and abandoning module LinuxNoEditorTargetPlatform (121)
[2018.11.08-07.12.24:386][680]LogModuleManager: Shutting down and abandoning module LinuxClientTargetPlatform (119)
[2018.11.08-07.12.24:386][680]LogModuleManager: Shutting down and abandoning module TVOSTargetPlatform (117)
[2018.11.08-07.12.24:387][680]LogModuleManager: Shutting down and abandoning module Messaging (115)
[2018.11.08-07.12.24:387][680]LogModuleManager: Shutting down and abandoning module IOSTargetPlatform (113)
[2018.11.08-07.12.24:387][680]LogModuleManager: Shutting down and abandoning module HTML5TargetPlatform (111)
[2018.11.08-07.12.24:388][680]LogModuleManager: Shutting down and abandoning module AndroidTargetPlatform (109)
[2018.11.08-07.12.24:393][680]LogModuleManager: Shutting down and abandoning module WindowsTargetPlatform (107)
[2018.11.08-07.12.24:393][680]LogModuleManager: Shutting down and abandoning module WindowsServerTargetPlatform (105)
[2018.11.08-07.12.24:393][680]LogModuleManager: Shutting down and abandoning module WindowsNoEditorTargetPlatform (103)
[2018.11.08-07.12.24:393][680]LogModuleManager: Shutting down and abandoning module WindowsClientTargetPlatform (101)
[2018.11.08-07.12.24:393][680]LogModuleManager: Shutting down and abandoning module MacTargetPlatform (99)
[2018.11.08-07.12.24:393][680]LogModuleManager: Shutting down and abandoning module MacServerTargetPlatform (97)
[2018.11.08-07.12.24:393][680]LogModuleManager: Shutting down and abandoning module MacNoEditorTargetPlatform (95)
[2018.11.08-07.12.24:393][680]LogModuleManager: Shutting down and abandoning module MacClientTargetPlatform (93)
[2018.11.08-07.12.24:393][680]LogModuleManager: Shutting down and abandoning module AllDesktopTargetPlatform (91)
[2018.11.08-07.12.24:393][680]LogModuleManager: Shutting down and abandoning module InputCore (88)
[2018.11.08-07.12.24:393][680]LogModuleManager: Shutting down and abandoning module Settings (86)
[2018.11.08-07.12.24:393][680]LogModuleManager: Shutting down and abandoning module PhysXCooking (84)
[2018.11.08-07.12.24:393][680]LogModuleManager: Shutting down and abandoning module SteamVR (82)
[2018.11.08-07.12.24:393][680]LogModuleManager: Shutting down and abandoning module OculusHMD (80)
[2018.11.08-07.12.24:393][680]LogModuleManager: Shutting down and abandoning module ExampleDeviceProfileSelector (78)
[2018.11.08-07.12.24:393][680]LogModuleManager: Shutting down and abandoning module LauncherChunkInstaller (76)
[2018.11.08-07.12.24:393][680]LogModuleManager: Shutting down and abandoning module OnlineBlueprintSupport (74)
[2018.11.08-07.12.24:393][680]LogModuleManager: Shutting down and abandoning module OnlineSubsystem (70)
[2018.11.08-07.12.24:395][680]LogModuleManager: Shutting down and abandoning module XMPP (65)
[2018.11.08-07.12.24:395][680]LogModuleManager: Shutting down and abandoning module WebSockets (64)
[2018.11.08-07.12.24:427][680]LogModuleManager: Shutting down and abandoning module HTTP (61)
[2018.11.08-07.12.24:427][680]LogHttp: Display: Http module shutting down, but needs to wait on 1 outstanding Http requests:
[2018.11.08-07.12.24:427][680]LogHttp: Display: 	verb=[POST] url=[https://datarouter.ol.epicgames.com/datarouter/api/v1/public/data?SessionID=%7B76EDD71E-4EA4-8FE2-8887-2EBCDCA80BEB%7D&AppID=UEEditor.Rocket.Release&AppVersion=4.20.2-4302132%2B%2B%2BUE4%2BRelease-4.20&UserID=13d9fa7b41c1559305e9a79df4d54a11%7C96a361a4deaf442095fbbdfc4237100f%7C55280819-2524-4757-bde6-a0477dea7ea0&AppEnvironment=datacollector-binary&UploadType=eteventstream] status=Processing
[2018.11.08-07.12.24:459][680]LogModuleManager: Shutting down and abandoning module SSL (60)
[2018.11.08-07.12.24:460][680]LogModuleManager: Shutting down and abandoning module MagicLeapEmulator (56)
[2018.11.08-07.12.24:460][680]LogModuleManager: Shutting down and abandoning module MagicLeapPrivileges (54)
[2018.11.08-07.12.24:460][680]LogModuleManager: Shutting down and abandoning module MagicLeapIdentity (52)
[2018.11.08-07.12.24:460][680]LogModuleManager: Shutting down and abandoning module MagicLeapHelperVulkan (50)
[2018.11.08-07.12.24:460][680]LogModuleManager: Shutting down and abandoning module MagicLeapHelperOpenGL (48)
[2018.11.08-07.12.24:460][680]LogModuleManager: Shutting down and abandoning module MagicLeapSecureStorage (46)
[2018.11.08-07.12.24:460][680]LogModuleManager: Shutting down and abandoning module MagicLeapGestures (44)
[2018.11.08-07.12.24:460][680]LogModuleManager: Shutting down and abandoning module MagicLeapEyeTracker (42)
[2018.11.08-07.12.24:460][680]LogModuleManager: Shutting down and abandoning module MagicLeapController (40)
[2018.11.08-07.12.24:460][680]LogSlate: Slate User Destroyed.  User Index 0, Is Virtual User: 0
[2018.11.08-07.12.24:460][680]LogModuleManager: Shutting down and abandoning module MagicLeap (38)
[2018.11.08-07.12.24:460][680]LogModuleManager: Shutting down and abandoning module AnimationModifiers (36)
[2018.11.08-07.12.24:460][680]LogModuleManager: Shutting down and abandoning module PropertyEditor (35)
[2018.11.08-07.12.24:460][680]LogModuleManager: Shutting down and abandoning module AudioEditor (32)
[2018.11.08-07.12.24:460][680]LogModuleManager: Shutting down and abandoning module TextureCompressor (30)
[2018.11.08-07.12.24:461][680]LogModuleManager: Shutting down and abandoning module ShaderCore (28)
[2018.11.08-07.12.24:461][680]LogModuleManager: Shutting down and abandoning module Landscape (26)
[2018.11.08-07.12.24:461][680]LogModuleManager: Shutting down and abandoning module SlateRHIRenderer (24)
[2018.11.08-07.12.24:461][680]LogModuleManager: Shutting down and abandoning module OpenGLDrv (22)
[2018.11.08-07.12.24:461][680]LogModuleManager: Shutting down and abandoning module D3D11RHI (20)
[2018.11.08-07.12.24:461][680]LogModuleManager: Shutting down and abandoning module AnimGraphRuntime (18)
[2018.11.08-07.12.24:461][680]LogModuleManager: Shutting down and abandoning module Renderer (16)
[2018.11.08-07.12.24:461][680]LogModuleManager: Shutting down and abandoning module Engine (14)
[2018.11.08-07.12.24:461][680]LogModuleManager: Shutting down and abandoning module CoreUObject (12)
[2018.11.08-07.12.24:461][680]LogModuleManager: Shutting down and abandoning module NetworkFile (10)
[2018.11.08-07.12.24:461][680]LogModuleManager: Shutting down and abandoning module CookedIterativeFile (8)
[2018.11.08-07.12.24:461][680]LogModuleManager: Shutting down and abandoning module StreamingFile (6)
[2018.11.08-07.12.24:461][680]LogModuleManager: Shutting down and abandoning module SandboxFile (4)
[2018.11.08-07.12.24:461][680]LogModuleManager: Shutting down and abandoning module PakFile (2)
[2018.11.08-07.12.24:470][680]LogExit: Exiting.
[2018.11.08-07.12.24:496][680]Log file closed, 11/08/18 15:12:24
