Log file open, 11/03/18 19:03:16
LogWindows: Failed to load 'aqProf.dll' (GetLastError=126)
LogWindows: File 'aqProf.dll' does not exist
LogWindows: Failed to load 'VSPerf140.dll' (GetLastError=126)
LogWindows: File 'VSPerf140.dll' does not exist
LogWindows: Failed to load 'VtuneApi.dll' (GetLastError=126)
LogWindows: File 'VtuneApi.dll' does not exist
LogWindows: Failed to load 'VtuneApi32e.dll' (GetLastError=126)
LogWindows: File 'VtuneApi32e.dll' does not exist
LogInit: Display: Running engine for game: MyFirst2DProject
LogPlatformFile: Not using cached read wrapper
LogTaskGraph: Started task graph with 5 named threads and 23 total threads with 3 sets of task threads.
LogStats: Stats thread started at 0.913438
LogD3D11RHI: Loaded GFSDK_Aftermath_Lib.x64.dll
LogICUInternationalization: Display: ICU TimeZone Detection - Raw Offset: +8:00, Platform Override: ''
LogPluginManager: Mounting plugin Paper2D
LogPluginManager: Mounting plugin AISupport
LogPluginManager: Mounting plugin LightPropagationVolume
LogPluginManager: Mounting plugin CLionSourceCodeAccess
LogPluginManager: Mounting plugin CodeLiteSourceCodeAccess
LogPluginManager: Mounting plugin GitSourceControl
LogPluginManager: Mounting plugin KDevelopSourceCodeAccess
LogPluginManager: Mounting plugin NullSourceCodeAccess
LogPluginManager: Mounting plugin PerforceSourceControl
LogPluginManager: Mounting plugin SubversionSourceControl
LogPluginManager: Mounting plugin UObjectPlugin
LogPluginManager: Mounting plugin VisualStudioCodeSourceCodeAccess
LogPluginManager: Mounting plugin VisualStudioSourceCodeAccess
LogPluginManager: Mounting plugin XCodeSourceCodeAccess
LogPluginManager: Mounting plugin AssetManagerEditor
LogPluginManager: Mounting plugin CryptoKeys
LogPluginManager: Mounting plugin DataValidation
LogPluginManager: Mounting plugin FacialAnimation
LogPluginManager: Mounting plugin GameplayTagsEditor
LogPluginManager: Mounting plugin MacGraphicsSwitching
LogPluginManager: Mounting plugin MeshEditor
LogPluginManager: Mounting plugin MobileLauncherProfileWizard
LogPluginManager: Mounting plugin PluginBrowser
LogPluginManager: Mounting plugin SpeedTreeImporter
LogPluginManager: Mounting plugin DatasmithContent
LogPluginManager: Mounting plugin AlembicImporter
LogPluginManager: Mounting plugin AppleImageUtils
LogPluginManager: Mounting plugin AppleVision
LogPluginManager: Mounting plugin BackChannel
LogPluginManager: Mounting plugin CharacterAI
LogPluginManager: Mounting plugin GeometryCache
LogPluginManager: Mounting plugin HTML5Networking
LogPluginManager: Mounting plugin ProxyLODPlugin
LogPluginManager: Mounting plugin MagicLeap
LogPluginManager: Mounting plugin MagicLeapEmulator
LogPluginManager: Mounting plugin MagicLeapMedia
LogPluginManager: Mounting plugin AndroidMedia
LogPluginManager: Mounting plugin AvfMedia
LogPluginManager: Mounting plugin ImgMedia
LogPluginManager: Mounting plugin LinearTimecode
LogPluginManager: Mounting plugin MediaCompositing
LogPluginManager: Mounting plugin MediaPlayerEditor
LogPluginManager: Mounting plugin WmfMedia
LogPluginManager: Mounting plugin TcpMessaging
LogPluginManager: Mounting plugin UdpMessaging
LogPluginManager: Mounting plugin ActorSequence
LogPluginManager: Mounting plugin LevelSequenceEditor
LogPluginManager: Mounting plugin MatineeToLevelSequence
LogPluginManager: Mounting plugin NetcodeUnitTest
LogPluginManager: Mounting plugin NUTUnrealEngine4
LogPluginManager: Mounting plugin OnlineSubsystemGooglePlay
LogPluginManager: Mounting plugin OnlineSubsystemIOS
LogPluginManager: Mounting plugin OnlineSubsystem
LogPluginManager: Mounting plugin OnlineSubsystemNull
LogPluginManager: Mounting plugin OnlineSubsystemUtils
LogPluginManager: Mounting plugin LauncherChunkInstaller
LogPluginManager: Mounting plugin AndroidDeviceProfileSelector
LogPluginManager: Mounting plugin AndroidMoviePlayer
LogPluginManager: Mounting plugin AndroidPermission
LogPluginManager: Mounting plugin AppleMoviePlayer
LogPluginManager: Mounting plugin ArchVisCharacter
LogPluginManager: Mounting plugin AudioCapture
LogPluginManager: Mounting plugin CableComponent
LogPluginManager: Mounting plugin CustomMeshComponent
LogPluginManager: Mounting plugin EditableMesh
LogPluginManager: Mounting plugin ExampleDeviceProfileSelector
LogPluginManager: Mounting plugin GoogleCloudMessaging
LogPluginManager: Mounting plugin ImmediatePhysics
LogPluginManager: Mounting plugin IOSDeviceProfileSelector
LogPluginManager: Mounting plugin LinuxDeviceProfileSelector
LogPluginManager: Mounting plugin LocationServicesBPLibrary
LogPluginManager: Mounting plugin MobilePatchingUtils
LogPluginManager: Mounting plugin OculusVR
LogPluginManager: Plugin shader directory ../../../Engine/Plugins/Runtime/Oculus/OculusVR/Shaders found
LogPluginManager: Mapping shader source directory ../../../Engine/Plugins/Runtime/Oculus/OculusVR/Shaders to virtual directory /Plugin/OculusVR
LogPluginManager: Mounting plugin PhysXVehicles
LogPluginManager: Mounting plugin ProceduralMeshComponent
LogPluginManager: Mounting plugin RuntimePhysXCooking
LogPluginManager: Mounting plugin SteamVR
LogPluginManager: Mounting plugin WindowsMoviePlayer
LogStreaming: Display: Took  0.419s to configure plugins.
LogInit: Using libcurl 7.55.1-DEV
LogInit:  - built for x86_64-pc-win32
LogInit:  - supports SSL with OpenSSL/1.0.2h
LogInit:  - supports HTTP deflate (compression) using libz 1.2.8
LogInit:  - other features:
LogInit:      CURL_VERSION_SSL
LogInit:      CURL_VERSION_LIBZ
LogInit:      CURL_VERSION_IPV6
LogInit:      CURL_VERSION_ASYNCHDNS
LogInit:      CURL_VERSION_LARGEFILE
LogInit:      CURL_VERSION_IDN
LogInit:  CurlRequestOptions (configurable via config and command line):
LogInit:  - bVerifyPeer = false  - Libcurl will NOT verify peer certificate
LogInit:  - bUseHttpProxy = false  - Libcurl will NOT use HTTP proxy
LogInit:  - bDontReuseConnections = false  - Libcurl will reuse connections
LogInit:  - CertBundlePath = nullptr  - Libcurl will use whatever was configured at build time.
LogInit:  - MaxHostConnections = 16  - Libcurl will limit the number of connections to a host
LogInit:  - LocalHostAddr = Default
LogInit:  - BufferSize = 65536
LogInit: WinSock: version 1.1 (2.2), MaxSocks=32767, MaxUdp=65467
LogInit: Build: ++UE4+Release-4.20-CL-4302132
LogInit: Engine Version: 4.20.2-4302132+++UE4+Release-4.20
LogInit: Compatible Engine Version: 4.20.0-4212847+++UE4+Release-4.20
LogInit: Net CL: 4212847
LogInit: OS: Windows 10 (), CPU: Intel(R) Core(TM) i7-6700HQ CPU @ 2.60GHz, GPU: Intel(R) HD Graphics 530
LogInit: Compiled (64-bit): Aug 21 2018 02:06:06
LogInit: Compiled with Visual C++: 19.13.26129.00
LogInit: Build Configuration: Development
LogInit: Branch Name: ++UE4+Release-4.20
LogInit: Command Line: 
LogInit: Base Directory: D:/unreal/Unrealengine/UE_4.20/Engine/Binaries/Win64/
LogInit: Installed Engine Build: 1
LogDevObjectVersion: Number of dev versions registered: 20
LogDevObjectVersion:   Dev-Blueprints (B0D832E4-1F89-4F0D-ACCF-7EB736FD4AA2): 10
LogDevObjectVersion:   Dev-Build (E1C64328-A22C-4D53-A36C-8E866417BD8C): 0
LogDevObjectVersion:   Dev-Core (375EC13C-06E4-48FB-B500-84F0262A717E): 2
LogDevObjectVersion:   Dev-Editor (E4B068ED-F494-42E9-A231-DA0B2E46BB41): 24
LogDevObjectVersion:   Dev-Framework (CFFC743F-43B0-4480-9391-14DF171D2073): 34
LogDevObjectVersion:   Dev-Mobile (B02B49B5-BB20-44E9-A304-32B752E40360): 2
LogDevObjectVersion:   Dev-Networking (A4E4105C-59A1-49B5-A7C5-40C4547EDFEE): 0
LogDevObjectVersion:   Dev-Online (39C831C9-5AE6-47DC-9A44-9C173E1C8E7C): 0
LogDevObjectVersion:   Dev-Physics (78F01B33-EBEA-4F98-B9B4-84EACCB95AA2): 0
LogDevObjectVersion:   Dev-Platform (6631380F-2D4D-43E0-8009-CF276956A95A): 0
LogDevObjectVersion:   Dev-Rendering (12F88B9F-8875-4AFC-A67C-D90C383ABD29): 26
LogDevObjectVersion:   Dev-Sequencer (7B5AE74C-D270-4C10-A958-57980B212A5A): 9
LogDevObjectVersion:   Dev-VR (D7296918-1DD6-4BDD-9DE2-64A83CC13884): 2
LogDevObjectVersion:   Dev-LoadTimes (C2A15278-BFE7-4AFE-6C17-90FF531DF755): 1
LogDevObjectVersion:   Private-Geometry (6EACA3D4-40EC-4CC1-B786-8BED09428FC5): 3
LogDevObjectVersion:   Dev-AnimPhys (29E575DD-E0A3-4627-9D10-D276232CDCEA): 17
LogDevObjectVersion:   Dev-ReflectionCapture (6B266CEC-1EC7-4B8F-A30B-E4D90942FC07): 1
LogDevObjectVersion:   Dev-Automation (0DF73D61-A23F-47EA-B727-89E90C41499A): 1
LogDevObjectVersion:   FortniteMain (601D1886-AC64-4F84-AA16-D3DE0DEAC7D6): 12
LogDevObjectVersion:   Dev-Enterprise (9DFFBCD6-494F-0158-E221-12823C92A888): 1
LogStreaming: Display: Took  0.029s to delete old logs.
LogInit: Presizing for max 8388607 objects, including 0 objects not considered by GC, pre-allocating 0 bytes for permanent pool.
LogInit: Object subsystem initialized
[2018.11.03-11.03.18:462][  0]LogInit: Selected Device Profile: [Windows]
[2018.11.03-11.03.18:462][  0]LogInit: Applying CVar settings loaded from the selected device profile: [Windows]
[2018.11.03-11.03.18:532][  0]LogHAL: Display: Platform has ~ 8 GB [8474361856 / 8589934592 / 8], which maps to Default [LargestMinGB=32, LargerMinGB=12, DefaultMinGB=8, SmallerMinGB=6, SmallestMinGB=0)
[2018.11.03-11.03.18:533][  0]LogInit: Setting Device Profile CVar: [[r.Vulkan.UseRealUBs:1]]
[2018.11.03-11.03.18:533][  0]LogInit: Going up to parent DeviceProfile []
[2018.11.03-11.03.18:550][  0]LogInit: Computer: LAPTOP-JLSSE705
[2018.11.03-11.03.18:550][  0]LogInit: User: 李仁杰
[2018.11.03-11.03.18:550][  0]LogInit: CPU Page size=4096, Cores=4
[2018.11.03-11.03.18:550][  0]LogInit: High frequency timer resolution =2.531252 MHz
[2018.11.03-11.03.18:551][  0]LogMemory: Memory total: Physical=7.9GB (8GB approx)
[2018.11.03-11.03.18:551][  0]LogMemory: Platform Memory Stats for Windows
[2018.11.03-11.03.18:551][  0]LogMemory: Process Physical Memory: 101.25 MB used, 101.25 MB peak
[2018.11.03-11.03.18:551][  0]LogMemory: Process Virtual Memory: 89.55 MB used, 89.55 MB peak
[2018.11.03-11.03.18:551][  0]LogMemory: Physical Memory: 5731.05 MB used,  2350.73 MB free, 8081.78 MB total
[2018.11.03-11.03.18:551][  0]LogMemory: Virtual Memory: 4643.48 MB used,  2350.73 MB free, 134217728.00 MB total
[2018.11.03-11.03.18:733][  0]LogInit: Overriding language with editor language configuration option (en).
[2018.11.03-11.03.18:733][  0]LogInit: Overriding locale with editor locale configuration option (en).
[2018.11.03-11.03.19:574][  0]LogStreaming: Display: Took  0.841s to InitEngineTextLocalization.
[2018.11.03-11.03.19:575][  0]LogInit: Setting process to per monitor DPI aware
[2018.11.03-11.03.19:864][  0]LogSlate: New Slate User Created.  User Index 0, Is Virtual User: 0
[2018.11.03-11.03.19:864][  0]LogSlate: Slate User Registered.  User Index 0, Is Virtual User: 0
[2018.11.03-11.03.25:612][  0]LogHMD: Failed to initialize OpenVR with code 110
[2018.11.03-11.03.25:612][  0]LogD3D11RHI: D3D11 adapters:
[2018.11.03-11.03.25:999][  0]LogD3D11RHI:    0. 'NVIDIA GeForce GTX 965M' (Feature Level 11_0)
[2018.11.03-11.03.25:999][  0]LogD3D11RHI:       4053/0/4040 MB DedicatedVideo/DedicatedSystem/SharedSystem, Outputs:1, VendorId:0x10de
[2018.11.03-11.03.26:011][  0]LogD3D11RHI:    1. 'Intel(R) HD Graphics 530' (Feature Level 11_0)
[2018.11.03-11.03.26:011][  0]LogD3D11RHI:       128/0/4040 MB DedicatedVideo/DedicatedSystem/SharedSystem, Outputs:0, VendorId:0x8086
[2018.11.03-11.03.26:014][  0]LogD3D11RHI:    2. 'Microsoft Basic Render Driver' (Feature Level 11_0)
[2018.11.03-11.03.26:014][  0]LogD3D11RHI:       0/0/4040 MB DedicatedVideo/DedicatedSystem/SharedSystem, Outputs:0, VendorId:0x1414
[2018.11.03-11.03.26:014][  0]LogD3D11RHI: Chosen D3D11 Adapter: 0
[2018.11.03-11.03.26:071][  0]LogD3D11RHI: Creating new Direct3DDevice
[2018.11.03-11.03.26:071][  0]LogD3D11RHI:     GPU DeviceId: 0x1427 (for the marketing name, search the web for "GPU Device Id")
[2018.11.03-11.03.26:072][  0]LogWindows: EnumDisplayDevices:
[2018.11.03-11.03.26:072][  0]LogWindows:    0. 'Intel(R) HD Graphics 530' (P:1 D:1)
[2018.11.03-11.03.26:072][  0]LogWindows:    1. 'Intel(R) HD Graphics 530' (P:0 D:0)
[2018.11.03-11.03.26:073][  0]LogWindows:    2. 'Intel(R) HD Graphics 530' (P:0 D:0)
[2018.11.03-11.03.26:074][  0]LogWindows:    3. 'NVIDIA GeForce GTX 965M' (P:0 D:0)
[2018.11.03-11.03.26:074][  0]LogWindows: DebugString: PrimaryIsNotTheChoosenAdapter PrimaryIsNotTheChoosenAdapter PrimaryIsNotTheChoosenAdapter 
[2018.11.03-11.03.26:074][  0]LogD3D11RHI:     Adapter Name: NVIDIA GeForce GTX 965M
[2018.11.03-11.03.26:074][  0]LogD3D11RHI:   Driver Version: 398.36 (internal:24.21.13.9836, unified:398.36)
[2018.11.03-11.03.26:074][  0]LogD3D11RHI:      Driver Date: 6-24-2018
[2018.11.03-11.03.26:074][  0]LogRHI: Texture pool is 2837 MB (70% of 4053 MB)
[2018.11.03-11.03.26:138][  0]LogD3D11RHI: Async texture creation enabled
[2018.11.03-11.03.26:186][  0]LogD3D11RHI: GPU Timing Frequency: 1000.000000 (Debug: 2 2)
[2018.11.03-11.03.26:188][  0]LogShaderCompilers: Guid format shader working directory is -7 characters bigger than the processId version (../../../../../../unreal projects/MyFirst2DProject/Intermediate/Shaders/WorkingDirectory/28356/).
[2018.11.03-11.03.26:188][  0]LogShaderCompilers: Cleaned the shader compiler working directory 'C:/Users/李仁杰/AppData/Local/Temp/UnrealShaderWorkingDir/921469E04600432D249E109AD0CF95EE/'.
[2018.11.03-11.03.26:891][  0]LogTemp: Display: Loaded TP AllDesktopTargetPlatform
[2018.11.03-11.03.26:916][  0]LogTemp: Display: Loaded TP MacClientTargetPlatform
[2018.11.03-11.03.26:931][  0]LogTemp: Display: Loaded TP MacNoEditorTargetPlatform
[2018.11.03-11.03.26:948][  0]LogTemp: Display: Loaded TP MacServerTargetPlatform
[2018.11.03-11.03.26:972][  0]LogTemp: Display: Loaded TP MacTargetPlatform
[2018.11.03-11.03.26:999][  0]LogTemp: Display: Loaded TP WindowsClientTargetPlatform
[2018.11.03-11.03.27:015][  0]LogTemp: Display: Loaded TP WindowsNoEditorTargetPlatform
[2018.11.03-11.03.27:032][  0]LogTemp: Display: Loaded TP WindowsServerTargetPlatform
[2018.11.03-11.03.27:039][  0]LogTemp: Display: Loaded TP WindowsTargetPlatform
[2018.11.03-11.03.27:171][  0]LogTemp: Display: Loaded TP AndroidTargetPlatform
[2018.11.03-11.03.27:171][  0]LogTemp: Display: Loaded TP AndroidTargetPlatform
[2018.11.03-11.03.27:171][  0]LogTemp: Display: Loaded TP AndroidTargetPlatform
[2018.11.03-11.03.27:171][  0]LogTemp: Display: Loaded TP AndroidTargetPlatform
[2018.11.03-11.03.27:171][  0]LogTemp: Display: Loaded TP AndroidTargetPlatform
[2018.11.03-11.03.27:171][  0]LogTemp: Display: Loaded TP AndroidTargetPlatform
[2018.11.03-11.03.27:171][  0]LogTemp: Display: Loaded TP AndroidTargetPlatform
[2018.11.03-11.03.27:171][  0]LogTemp: Display: Loaded TP AndroidTargetPlatform
[2018.11.03-11.03.27:171][  0]LogTemp: Display: Loaded TP AndroidTargetPlatform
[2018.11.03-11.03.27:171][  0]LogTemp: Display: Loaded TP AndroidTargetPlatform
[2018.11.03-11.03.27:171][  0]LogTemp: Display: Loaded TP AndroidTargetPlatform
[2018.11.03-11.03.27:171][  0]LogTemp: Display: Loaded TP AndroidTargetPlatform
[2018.11.03-11.03.27:171][  0]LogTemp: Display: Loaded TP AndroidTargetPlatform
[2018.11.03-11.03.27:171][  0]LogTemp: Display: Loaded TP AndroidTargetPlatform
[2018.11.03-11.03.27:171][  0]LogTemp: Display: Loaded TP AndroidTargetPlatform
[2018.11.03-11.03.27:171][  0]LogTemp: Display: Loaded TP AndroidTargetPlatform
[2018.11.03-11.03.27:171][  0]LogTemp: Display: Loaded TP AndroidTargetPlatform
[2018.11.03-11.03.27:171][  0]LogTemp: Display: Loaded TP AndroidTargetPlatform
[2018.11.03-11.03.27:183][  0]LogTemp: Display: Loaded TP HTML5TargetPlatform
[2018.11.03-11.03.27:305][  0]LogTemp: Display: Loaded TP IOSTargetPlatform
[2018.11.03-11.03.27:305][  0]LogTemp: Display: Loaded TP IOSTargetPlatform
[2018.11.03-11.03.27:347][  0]LogTemp: Display: Loaded TP TVOSTargetPlatform
[2018.11.03-11.03.27:347][  0]LogTemp: Display: Loaded TP TVOSTargetPlatform
[2018.11.03-11.03.27:366][  0]LogTemp: Display: Loaded TP LinuxClientTargetPlatform
[2018.11.03-11.03.27:382][  0]LogTemp: Display: Loaded TP LinuxNoEditorTargetPlatform
[2018.11.03-11.03.27:413][  0]LogTemp: Display: Loaded TP LinuxServerTargetPlatform
[2018.11.03-11.03.27:454][  0]LogTemp: Display: Loaded TP LinuxTargetPlatform
[2018.11.03-11.03.27:474][  0]LogTemp: Display: Loaded TP LuminTargetPlatform
[2018.11.03-11.03.27:474][  0]LogTargetPlatformManager: Display: Building Assets For Windows
[2018.11.03-11.03.27:803][  0]LogXGEController: Cannot use XGE Controller as Incredibuild is not installed on this machine.
[2018.11.03-11.03.27:803][  0]LogShaderCompilers: Cannot use XGE Shader Compiler as Incredibuild is not installed on this machine.
[2018.11.03-11.03.27:803][  0]LogShaderCompilers: Display: Using Local Shader Compiler.
[2018.11.03-11.03.30:366][  0]LogDerivedDataCache: Display: Max Cache Size: 512 MB
[2018.11.03-11.03.30:462][  0]LogDerivedDataCache: Loaded boot cache 0.10s 71MB C:/Users/李仁杰/AppData/Local/UnrealEngine/4.20/DerivedDataCache/Boot.ddc.
[2018.11.03-11.03.30:462][  0]LogDerivedDataCache: Display: Loaded Boot cache: C:/Users/李仁杰/AppData/Local/UnrealEngine/4.20/DerivedDataCache/Boot.ddc
[2018.11.03-11.03.30:463][  0]LogDerivedDataCache: FDerivedDataBackendGraph:  Pak pak cache file ../../../../../../unreal projects/MyFirst2DProject/DerivedDataCache/DDC.ddp not found, will not use a pak cache.
[2018.11.03-11.03.30:463][  0]LogDerivedDataCache: Unable to find inner node Pak for hierarchical cache Hierarchy.
[2018.11.03-11.03.30:463][  0]LogDerivedDataCache: FDerivedDataBackendGraph:  CompressedPak pak cache file ../../../../../../unreal projects/MyFirst2DProject/DerivedDataCache/Compressed.ddp not found, will not use a pak cache.
[2018.11.03-11.03.30:463][  0]LogDerivedDataCache: Unable to find inner node CompressedPak for hierarchical cache Hierarchy.
[2018.11.03-11.03.30:479][  0]LogDerivedDataCache: Display: Pak cache opened for reading ../../../Engine/DerivedDataCache/Compressed.ddp.
[2018.11.03-11.03.30:494][  0]LogDerivedDataCache: Using Local data cache path C:/Users/李仁杰/AppData/Local/UnrealEngine/Common/DerivedDataCache: Writable
[2018.11.03-11.03.30:494][  0]LogDerivedDataCache: Shared data cache path not found in *engine.ini, will not use an Shared cache.
[2018.11.03-11.03.30:494][  0]LogDerivedDataCache: Unable to find inner node Shared for hierarchical cache Hierarchy.
[2018.11.03-11.03.30:528][  0]LogMaterial: Verifying Global Shaders for PCD3D_SM5
[2018.11.03-11.03.30:529][  0]LogSlate: Using FreeType 2.6.0
[2018.11.03-11.03.30:530][  0]LogSlate: SlateFontServices - WITH_FREETYPE: 1, WITH_HARFBUZZ: 1
[2018.11.03-11.03.30:664][  0]LogAssetRegistry: FAssetRegistry took 0.0273 seconds to start up
[2018.11.03-11.03.31:233][  0]LogInit: Selected Device Profile: [Windows]
[2018.11.03-11.03.31:345][  0]LogSimplygon: Simplygon DLL not present - disabling.
[2018.11.03-11.03.31:355][  0]LogMeshReduction: Using SimplygonSwarm for distributed automatic mesh merging
[2018.11.03-11.03.31:355][  0]LogMeshReduction: Using ProxyLODMeshReduction for automatic mesh merging
[2018.11.03-11.03.31:355][  0]LogMeshReduction: Using QuadricMeshReduction for automatic static mesh reduction
[2018.11.03-11.03.31:355][  0]LogMeshReduction: No automatic skeletal mesh reduction module available
[2018.11.03-11.03.31:524][  0]LogNetVersion: MyFirst2DProject 1.0.0, NetCL: 4212847, EngineNetVer: 5, GameNetVer: 0 (Checksum: 2512067949)
[2018.11.03-11.03.32:676][  0]LogPackageLocalizationCache: Processed 11 localized package path(s) for 1 prioritized culture(s) in 0.264881 seconds
[2018.11.03-11.03.32:692][  0]LogUObjectArray: 38425 objects as part of root set at end of initial load.
[2018.11.03-11.03.32:692][  0]LogUObjectAllocator: 6690864 out of 0 bytes used by permanent object pool.
[2018.11.03-11.03.32:692][  0]LogUObjectArray: CloseDisregardForGC: 0/0 objects in disregard for GC pool
[2018.11.03-11.03.34:571][  0]LogTcpMessaging: Initializing TcpMessaging bridge
[2018.11.03-11.03.34:587][  0]LogUdpMessaging: Initializing bridge on interface 0.0.0.0:0 to multicast group 230.0.0.1:6666.
[2018.11.03-11.03.34:833][  0]SourceControl: Source control is disabled
[2018.11.03-11.03.34:833][  0]SourceControl: Source control is disabled
[2018.11.03-11.03.34:837][  0]SourceControl: Source control is disabled
[2018.11.03-11.03.34:839][  0]SourceControl: Source control is disabled
[2018.11.03-11.03.35:139][  0]LogAndroidPermission: UAndroidPermissionCallbackProxy::GetInstance
[2018.11.03-11.03.35:255][  0]LogOcInput: OculusInput pre-init called
[2018.11.03-11.03.35:347][  0]LogEngine: Initializing Engine...
[2018.11.03-11.03.35:354][  0]LogHMD: Failed to initialize OpenVR with code 110
[2018.11.03-11.03.35:357][  0]LogStats: UGameplayTagsManager::ConstructGameplayTagTree: ImportINI prefixes -  0.000 s
[2018.11.03-11.03.35:357][  0]LogStats: UGameplayTagsManager::ConstructGameplayTagTree: Construct from data asset -  0.000 s
[2018.11.03-11.03.35:357][  0]LogStats: UGameplayTagsManager::ConstructGameplayTagTree: ImportINI -  0.000 s
[2018.11.03-11.03.35:357][  0]LogStats: UGameplayTagsManager::ConstructGameplayTagTree: GameplayTagTreeChangedEvent.Broadcast -  0.000 s
[2018.11.03-11.03.35:741][  0]LogInit: Initializing FReadOnlyCVARCache
[2018.11.03-11.03.35:767][  0]LogAIModule: Creating AISystem for world Untitled
[2018.11.03-11.03.35:804][  0]LogInit: XAudio2 using '喇叭/耳机 (Realtek High Definition Audio)' : 2 channels at 48 kHz using 32 bits per sample (channel mask 0x3)
[2018.11.03-11.03.35:852][  0]LogInit: FAudioDevice initialized.
[2018.11.03-11.03.35:852][  0]LogNetVersion: Set ProjectVersion to 1.0.0.0. Version Checksum will be recalculated on next use.
[2018.11.03-11.03.36:204][  0]LogDerivedDataCache: Saved boot cache 0.35s 71MB C:/Users/李仁杰/AppData/Local/UnrealEngine/4.20/DerivedDataCache/Boot.ddc.
[2018.11.03-11.03.36:220][  0]LogInit: Texture streaming: Enabled
[2018.11.03-11.03.36:250][  0]LogEngineSessionManager: EngineSessionManager initialized
[2018.11.03-11.03.36:329][  0]LogInit: Transaction tracking system initialized
[2018.11.03-11.03.36:368][  0]BlueprintLog: New page: Editor Load
[2018.11.03-11.03.36:484][  0]LocalizationService: Localization service is disabled
[2018.11.03-11.03.37:018][  0]LogCook: Display: Max memory allowance for cook 16384mb min free memory 0mb
[2018.11.03-11.03.37:019][  0]LogCook: Display: Mobile HDR setting 1
[2018.11.03-11.03.37:029][  0]LogGameplayTags: Display: UGameplayTagsManager::DoneAddingNativeTags. DelegateIsBound: 0
[2018.11.03-11.03.37:029][  0]LogStats: UGameplayTagsManager::ConstructGameplayTagTree: ImportINI prefixes -  0.000 s
[2018.11.03-11.03.37:029][  0]LogStats: UGameplayTagsManager::ConstructGameplayTagTree: Construct from data asset -  0.000 s
[2018.11.03-11.03.37:029][  0]LogFileCache: Scanning file cache for directory 'D:/unreal projects/MyFirst2DProject/Content/' took 0.04s
[2018.11.03-11.03.37:029][  0]LogStats: UGameplayTagsManager::ConstructGameplayTagTree: ImportINI -  0.000 s
[2018.11.03-11.03.37:029][  0]LogStats: UGameplayTagsManager::ConstructGameplayTagTree: GameplayTagTreeChangedEvent.Broadcast -  0.000 s
[2018.11.03-11.03.37:249][  0]SourceControl: Source control is disabled
[2018.11.03-11.03.37:250][  0]Cmd: MAP LOAD FILE="../../../../../../unreal projects/MyFirst2DProject/Content/2DSideScrollerBP/Maps/2DSideScrollerExampleMap.umap" TEMPLATE=0 SHOWPROGRESS=1 FEATURELEVEL=3
[2018.11.03-11.03.37:251][  0]LightingResults: New page: Lighting Build
[2018.11.03-11.03.37:253][  0]MapCheck: New page: Map Check
[2018.11.03-11.03.37:253][  0]LightingResults: New page: Lighting Build
[2018.11.03-11.03.39:490][  0]LogAIModule: Creating AISystem for world 2DSideScrollerExampleMap
[2018.11.03-11.03.39:656][  0]LogEditorServer: Finished looking for orphan Actors (0.000 secs)
[2018.11.03-11.03.39:722][  0]Cmd: MAP CHECKDEP NOCLEARLOG
[2018.11.03-11.03.39:852][  0]MapCheck: Map check complete: 0 Error(s), 0 Warning(s), took 129.945ms to complete.
[2018.11.03-11.03.39:853][  0]LogFileHelpers: Loading map '2DSideScrollerExampleMap' took 2.603
[2018.11.03-11.03.40:519][  0]LogSlate: Updating window title bar state: overlay mode, drag disabled, window buttons hidden, title bar hidden
[2018.11.03-11.03.40:542][  0]LogSlate: Updating window title bar state: overlay mode, drag disabled, window buttons hidden, title bar hidden
[2018.11.03-11.03.40:554][  0]LogSlate: Updating window title bar state: overlay mode, drag disabled, window buttons hidden, title bar hidden
[2018.11.03-11.03.40:563][  0]LogSlate: Updating window title bar state: overlay mode, drag disabled, window buttons hidden, title bar hidden
[2018.11.03-11.03.40:612][  0]LogCollectionManager: Loaded 0 collections in 0.001551 seconds
[2018.11.03-11.03.40:757][  0]LogFileCache: Scanning file cache for directory 'D:/unreal projects/MyFirst2DProject/Saved/Collections/' took 0.01s
[2018.11.03-11.03.40:757][  0]LogFileCache: Scanning file cache for directory 'D:/unreal projects/MyFirst2DProject/Content/Developers/李仁杰/Collections/' took 0.01s
[2018.11.03-11.03.40:757][  0]LogFileCache: Scanning file cache for directory 'D:/unreal projects/MyFirst2DProject/Content/Collections/' took 0.01s
[2018.11.03-11.03.40:757][  0]LogCollectionManager: Rebuilt the GUID cache for 0 collections in 0.000001 seconds
[2018.11.03-11.03.40:771][  0]LogContentBrowser: Native class hierarchy populated in 0.0127 seconds. Added 2572 classes and 603 folders.
[2018.11.03-11.03.40:869][  0]LogContentBrowser: Native class hierarchy updated for 'WidgetCarousel' in 0.0004 seconds. Added 0 classes and 0 folders.
[2018.11.03-11.03.42:786][  0]LogContentBrowser: Native class hierarchy updated for 'AddContentDialog' in 0.0006 seconds. Added 0 classes and 0 folders.
[2018.11.03-11.03.42:856][  0]LogContentBrowser: Native class hierarchy updated for 'SceneOutliner' in 0.0004 seconds. Added 1 classes and 2 folders.
[2018.11.03-11.03.43:349][  0]LogSlate: Took 0.000692 seconds to synchronously load lazily loaded font '../../../Engine/Content/Slate/Fonts/Roboto-Regular.ttf' (155K)
[2018.11.03-11.03.43:353][  0]LogSlate: Took 0.000478 seconds to synchronously load lazily loaded font '../../../Engine/Content/Slate/Fonts/Roboto-Bold.ttf' (160K)
[2018.11.03-11.03.43:410][  0]LogSlate: Took 0.027851 seconds to synchronously load lazily loaded font '../../../Engine/Content/Editor/Slate/Fonts/FontAwesome.ttf' (139K)
[2018.11.03-11.03.43:942][  0]LogRenderer: Reallocating scene render targets to support 964x436 Format 10 NumSamples 1 (Frame:1).
[2018.11.03-11.03.44:355][  0]LogSlate: Took 0.022940 seconds to synchronously load lazily loaded font '../../../Engine/Content/Slate/Fonts/Roboto-Light.ttf' (167K)
[2018.11.03-11.03.44:597][  0]LogContentBrowser: Native class hierarchy updated for 'HierarchicalLODOutliner' in 0.0005 seconds. Added 0 classes and 0 folders.
[2018.11.03-11.03.44:597][  0]LogLoad: (Engine Initialization) Total time: 46.53 seconds
[2018.11.03-11.03.44:597][  0]LogLoad: (Engine Initialization) Total Blueprint compile time: 0.00 seconds
[2018.11.03-11.03.44:693][  0]LogContentStreaming: Texture pool size now 1000 MB
[2018.11.03-11.03.44:796][  1]LogAssetRegistry: Asset discovery search completed in 14.1552 seconds
[2018.11.03-11.03.44:800][  1]LogCollectionManager: Rebuilt the object cache for 0 collections in 0.000000 seconds (found 0 objects)
[2018.11.03-11.03.44:800][  1]LogCollectionManager: Fixed up redirectors for 0 collections in 0.000096 seconds (updated 0 objects)
[2018.11.03-11.03.57:748][128]LogSlate: FSceneViewport::OnFocusLost() reason 0
[2018.11.03-11.04.03:042][640]LogEditorViewport: Clicking on Actor (LMB): Block_C (4)
[2018.11.03-11.04.09:522][117]LogSlate: FSceneViewport::OnFocusLost() reason 0
[2018.11.03-11.04.28:678][504]LogEditorViewport: Clicking on Actor (LMB): Block_C (3)
[2018.11.03-11.04.29:841][581]LogSlate: FSceneViewport::OnFocusLost() reason 0
[2018.11.03-11.04.31:146][658]LogEditorViewport: Clicking on Actor (LMB): Block_C (2)
[2018.11.03-11.04.32:402][741]LogSlate: FSceneViewport::OnFocusLost() reason 0
[2018.11.03-11.04.33:398][804]LogEditorViewport: Clicking on Actor (LMB): Block_C (1)
[2018.11.03-11.04.34:395][864]LogSlate: FSceneViewport::OnFocusLost() reason 0
[2018.11.03-11.04.35:555][941]LogEditorViewport: Clicking on Actor (LMB): Block_C (0)
[2018.11.03-11.04.36:394][983]LogSlate: FSceneViewport::OnFocusLost() reason 0
[2018.11.03-11.04.39:273][155]LogEditorViewport: Clicking on Actor (LMB): Container_C (Container1)
[2018.11.03-11.04.39:850][188]LogEditorViewport: Clicking on Actor (LMB): Container_C (Container2)
[2018.11.03-11.04.40:346][220]LogEditorViewport: Clicking on Actor (LMB): PaperSpriteActor (Background_Sprite)
[2018.11.03-11.04.41:281][242]LogEditorViewport: Clicking on Actor (LMB): Block_C (4)
[2018.11.03-11.04.42:079][291]LogEditorViewport: Clicking on Actor (LMB): Block_C (3)
[2018.11.03-11.04.42:815][330]LogSlate: FSceneViewport::OnFocusLost() reason 0
[2018.11.03-11.04.44:615][417]LogSlate: Took 0.000542 seconds to synchronously load lazily loaded font '../../../Engine/Content/Slate/Fonts/Roboto-Light.ttf' (167K)
[2018.11.03-11.04.45:784][417]LogSlate: Window 'Pick Parent Class' being destroyed
[2018.11.03-11.05.02:822][587]LogMetaData: Removing '/Game/MirrorBlock.MirrorBlock:UserConstructionScript.K2Node_FunctionEntry_0' ref from Metadata '/Game/NewBlueprint.PackageMetaData'
[2018.11.03-11.05.02:822][587]LogMetaData: Removing '/Game/MirrorBlock.SKEL_MirrorBlock_C' ref from Metadata '/Game/NewBlueprint.PackageMetaData'
[2018.11.03-11.05.02:822][587]LogMetaData: Removing '/Game/MirrorBlock.MirrorBlock_C' ref from Metadata '/Game/NewBlueprint.PackageMetaData'
[2018.11.03-11.05.02:822][587]LogMetaData: Removing '/Game/MirrorBlock.MirrorBlock:EventGraph.K2Node_Event_0' ref from Metadata '/Game/NewBlueprint.PackageMetaData'
[2018.11.03-11.05.02:822][587]LogMetaData: Removing '/Game/MirrorBlock.MirrorBlock:EventGraph.K2Node_Event_1' ref from Metadata '/Game/NewBlueprint.PackageMetaData'
[2018.11.03-11.05.02:822][587]LogMetaData: Removing '/Game/MirrorBlock.MirrorBlock:EventGraph.K2Node_Event_2' ref from Metadata '/Game/NewBlueprint.PackageMetaData'
[2018.11.03-11.05.02:912][587]Cmd: OBJ SAVEPACKAGE PACKAGE="/Game/MirrorBlock" FILE="../../../../../../unreal projects/MyFirst2DProject/Content/MirrorBlock.uasset" SILENT=true
[2018.11.03-11.05.03:015][587]LogSavePackage: Moving '../../../../../../unreal projects/MyFirst2DProject/Saved/MirrorBlockE80B770441ADEF43465592946D9D6EAD.tmp' to '../../../../../../unreal projects/MyFirst2DProject/Content/MirrorBlock.uasset'
[2018.11.03-11.12.13:818][773]LogSlate: FSceneViewport::OnFocusLost() reason 0
[2018.11.03-11.12.14:065][780]LogAssetEditorManager: Opening Asset editor for Blueprint /Game/GameINS.GameINS
[2018.11.03-11.12.16:171][780]LogContentBrowser: Native class hierarchy updated for 'BlueprintGraph' in 0.0009 seconds. Added 116 classes and 0 folders.
[2018.11.03-11.12.18:621][780]LogSlate: Took 0.021151 seconds to synchronously load lazily loaded font '../../../Engine/Content/Slate/Fonts/Roboto-BoldCondensed.ttf' (158K)
[2018.11.03-11.12.19:142][781]LogSlate: Took 0.019166 seconds to synchronously load lazily loaded font '../../../Engine/Content/Slate/Fonts/Roboto-Italic.ttf' (157K)
[2018.11.03-11.12.23:775][ 55]LogTemp: Repeating last play command: Selected Viewport
[2018.11.03-11.12.23:896][ 55]LogBlueprintUserMessages: Early PlayInEditor Detection: Level '/Game/2DSideScrollerBP/Maps/2DSideScrollerExampleMap.2DSideScrollerExampleMap:PersistentLevel' has LevelScriptBlueprint '/Game/2DSideScrollerBP/Maps/2DSideScrollerExampleMap.2DSideScrollerExampleMap:PersistentLevel.2DSideScrollerExampleMap' with GeneratedClass '/Game/2DSideScrollerBP/Maps/2DSideScrollerExampleMap.2DSideScrollerExampleMap_C' with ClassGeneratedBy '/Game/2DSideScrollerBP/Maps/2DSideScrollerExampleMap.2DSideScrollerExampleMap:PersistentLevel.2DSideScrollerExampleMap'
[2018.11.03-11.12.23:908][ 55]BlueprintLog: New page: Pre-Play auto-recompile
[2018.11.03-11.12.23:938][ 55]LogPlayLevel: [PlayLevel] Compiling 2DSideScrollerExampleMap before play...
[2018.11.03-11.12.24:525][ 55]LogPlayLevel: PlayLevel: Blueprint regeneration took 617 ms (1 blueprints)
[2018.11.03-11.12.24:636][ 55]PIE: New page: PIE session: 2DSideScrollerExampleMap (Nov 4, 2018, 3:12:24 AM)
[2018.11.03-11.12.24:643][ 55]LogPlayLevel: Creating play world package: /Game/2DSideScrollerBP/Maps/UEDPIE_0_2DSideScrollerExampleMap
[2018.11.03-11.12.24:704][ 55]LogPlayLevel: PIE: StaticDuplicateObject took: (0.060681s)
[2018.11.03-11.12.24:705][ 55]LogAIModule: Creating AISystem for world 2DSideScrollerExampleMap
[2018.11.03-11.12.24:718][ 55]LogPlayLevel: PIE: World Init took: (0.013342s)
[2018.11.03-11.12.24:718][ 55]LogPlayLevel: PIE: Created PIE world by copying editor world from /Game/2DSideScrollerBP/Maps/2DSideScrollerExampleMap.2DSideScrollerExampleMap to /Game/2DSideScrollerBP/Maps/UEDPIE_0_2DSideScrollerExampleMap.2DSideScrollerExampleMap (0.074522s)
[2018.11.03-11.12.24:790][ 55]LogScript: Warning: Accessed None trying to read property CallFunc_GetPlayerController_ReturnValue
	GameINS_C /Engine/Transient.UnrealEdEngine_0:GameINS_C_0
	Function /Game/GameINS.GameINS_C:ExecuteUbergraph_GameINS:0684
[2018.11.03-11.12.24:837][ 55]LogInit: XAudio2 using '喇叭/耳机 (Realtek High Definition Audio)' : 2 channels at 48 kHz using 32 bits per sample (channel mask 0x3)
[2018.11.03-11.12.24:882][ 55]LogInit: FAudioDevice initialized.
[2018.11.03-11.12.24:948][ 55]LogLoad: Game class is '2DSideScrollerGameMode_C'
[2018.11.03-11.12.25:040][ 55]LogWorld: Bringing World /Game/2DSideScrollerBP/Maps/UEDPIE_0_2DSideScrollerExampleMap.2DSideScrollerExampleMap up for play (max tick rate 0) at 2018.11.03-19.12.25
[2018.11.03-11.12.25:086][ 55]LogWorld: Bringing up level for play took: 0.062702
[2018.11.03-11.12.25:308][ 55]LogContentBrowser: Native class hierarchy updated for 'MovieSceneCapture' in 0.0008 seconds. Added 10 classes and 0 folders.
[2018.11.03-11.12.25:327][ 55]PIE: Play in editor start time for /Game/2DSideScrollerBP/Maps/UEDPIE_0_2DSideScrollerExampleMap 1.373
[2018.11.03-11.12.25:328][ 55]LogBlueprintUserMessages: Late PlayInEditor Detection: Level '/Game/2DSideScrollerBP/Maps/2DSideScrollerExampleMap.2DSideScrollerExampleMap:PersistentLevel' has LevelScriptBlueprint '/Game/2DSideScrollerBP/Maps/2DSideScrollerExampleMap.2DSideScrollerExampleMap:PersistentLevel.2DSideScrollerExampleMap' with GeneratedClass '/Game/2DSideScrollerBP/Maps/2DSideScrollerExampleMap.2DSideScrollerExampleMap_C' with ClassGeneratedBy '/Game/2DSideScrollerBP/Maps/2DSideScrollerExampleMap.2DSideScrollerExampleMap:PersistentLevel.2DSideScrollerExampleMap'
[2018.11.03-11.12.26:523][ 93]LogBlueprintUserMessages: [4] level completed!
[2018.11.03-11.12.30:225][369]LogBlueprintUserMessages: [2] level completed!
[2018.11.03-11.12.31:704][481]LogBlueprintUserMessages: Early EndPlayMap Detection: Level '/Game/2DSideScrollerBP/Maps/2DSideScrollerExampleMap.2DSideScrollerExampleMap:PersistentLevel' has LevelScriptBlueprint '/Game/2DSideScrollerBP/Maps/2DSideScrollerExampleMap.2DSideScrollerExampleMap:PersistentLevel.2DSideScrollerExampleMap' with GeneratedClass '/Game/2DSideScrollerBP/Maps/2DSideScrollerExampleMap.2DSideScrollerExampleMap_C' with ClassGeneratedBy '/Game/2DSideScrollerBP/Maps/2DSideScrollerExampleMap.2DSideScrollerExampleMap:PersistentLevel.2DSideScrollerExampleMap'
[2018.11.03-11.12.31:746][481]LogSlate: Updating window title bar state: overlay mode, drag disabled, window buttons hidden, title bar hidden
[2018.11.03-11.12.31:800][481]LogPlayLevel: Display: Shutting down PIE online subsystems
[2018.11.03-11.12.31:800][481]LogBlueprintUserMessages: Late EndPlayMap Detection: Level '/Game/2DSideScrollerBP/Maps/2DSideScrollerExampleMap.2DSideScrollerExampleMap:PersistentLevel' has LevelScriptBlueprint '/Game/2DSideScrollerBP/Maps/2DSideScrollerExampleMap.2DSideScrollerExampleMap:PersistentLevel.2DSideScrollerExampleMap' with GeneratedClass '/Game/2DSideScrollerBP/Maps/2DSideScrollerExampleMap.2DSideScrollerExampleMap_C' with ClassGeneratedBy '/Game/2DSideScrollerBP/Maps/2DSideScrollerExampleMap.2DSideScrollerExampleMap:PersistentLevel.2DSideScrollerExampleMap'
[2018.11.03-11.12.31:868][481]LogSlate: Updating window title bar state: overlay mode, drag disabled, window buttons hidden, title bar hidden
[2018.11.03-11.12.31:918][482]LogPlayLevel: Display: Destroying online subsystem :Context_3
[2018.11.03-11.12.36:239][782]LogSlate: FSceneViewport::OnFocusLost() reason 0
[2018.11.03-11.12.36:402][792]LogAssetEditorManager: Opening Asset editor for Blueprint /Game/Block.Block
[2018.11.03-11.12.41:900][969]LogSlate: Window 'Block' being destroyed
[2018.11.03-11.14.28:287][427]BlueprintLog: New page: Compile Block
[2018.11.03-11.14.29:734][465]LogTemp: Repeating last play command: Selected Viewport
[2018.11.03-11.14.29:798][465]LogBlueprintUserMessages: Early PlayInEditor Detection: Level '/Game/2DSideScrollerBP/Maps/2DSideScrollerExampleMap.2DSideScrollerExampleMap:PersistentLevel' has LevelScriptBlueprint '/Game/2DSideScrollerBP/Maps/2DSideScrollerExampleMap.2DSideScrollerExampleMap:PersistentLevel.2DSideScrollerExampleMap' with GeneratedClass '/Game/2DSideScrollerBP/Maps/2DSideScrollerExampleMap.2DSideScrollerExampleMap_C' with ClassGeneratedBy '/Game/2DSideScrollerBP/Maps/2DSideScrollerExampleMap.2DSideScrollerExampleMap:PersistentLevel.2DSideScrollerExampleMap'
[2018.11.03-11.14.29:798][465]LogPlayLevel: PlayLevel: No blueprints needed recompiling
[2018.11.03-11.14.29:798][465]PIE: New page: PIE session: 2DSideScrollerExampleMap (Nov 4, 2018, 3:14:29 AM)
[2018.11.03-11.14.29:814][465]LogPlayLevel: Creating play world package: /Game/2DSideScrollerBP/Maps/UEDPIE_0_2DSideScrollerExampleMap
[2018.11.03-11.14.29:825][465]LogPlayLevel: PIE: StaticDuplicateObject took: (0.010237s)
[2018.11.03-11.14.29:826][465]LogAIModule: Creating AISystem for world 2DSideScrollerExampleMap
[2018.11.03-11.14.29:827][465]LogPlayLevel: PIE: World Init took: (0.001576s)
[2018.11.03-11.14.29:827][465]LogPlayLevel: PIE: Created PIE world by copying editor world from /Game/2DSideScrollerBP/Maps/2DSideScrollerExampleMap.2DSideScrollerExampleMap to /Game/2DSideScrollerBP/Maps/UEDPIE_0_2DSideScrollerExampleMap.2DSideScrollerExampleMap (0.012231s)
[2018.11.03-11.14.29:877][465]LogScript: Warning: Accessed None trying to read property CallFunc_GetPlayerController_ReturnValue
	GameINS_C /Engine/Transient.UnrealEdEngine_0:GameINS_C_1
	Function /Game/GameINS.GameINS_C:ExecuteUbergraph_GameINS:0684
[2018.11.03-11.14.29:881][465]LogInit: XAudio2 using '喇叭/耳机 (Realtek High Definition Audio)' : 2 channels at 48 kHz using 32 bits per sample (channel mask 0x3)
[2018.11.03-11.14.29:939][465]LogInit: FAudioDevice initialized.
[2018.11.03-11.14.29:959][465]LogSlate: Updating window title bar state: overlay mode, drag disabled, window buttons hidden, title bar hidden
[2018.11.03-11.14.30:131][465]LogLoad: Game class is '2DSideScrollerGameMode_C'
[2018.11.03-11.14.30:135][465]LogWorld: Bringing World /Game/2DSideScrollerBP/Maps/UEDPIE_0_2DSideScrollerExampleMap.2DSideScrollerExampleMap up for play (max tick rate 0) at 2018.11.03-19.14.30
[2018.11.03-11.14.30:135][465]LogWorld: Bringing up level for play took: 0.002434
[2018.11.03-11.14.30:161][465]PIE: Play in editor start time for /Game/2DSideScrollerBP/Maps/UEDPIE_0_2DSideScrollerExampleMap 0.207
[2018.11.03-11.14.30:176][465]LogBlueprintUserMessages: Late PlayInEditor Detection: Level '/Game/2DSideScrollerBP/Maps/2DSideScrollerExampleMap.2DSideScrollerExampleMap:PersistentLevel' has LevelScriptBlueprint '/Game/2DSideScrollerBP/Maps/2DSideScrollerExampleMap.2DSideScrollerExampleMap:PersistentLevel.2DSideScrollerExampleMap' with GeneratedClass '/Game/2DSideScrollerBP/Maps/2DSideScrollerExampleMap.2DSideScrollerExampleMap_C' with ClassGeneratedBy '/Game/2DSideScrollerBP/Maps/2DSideScrollerExampleMap.2DSideScrollerExampleMap:PersistentLevel.2DSideScrollerExampleMap'
[2018.11.03-11.14.30:306][465]LogRenderer: Reallocating scene render targets to support 1024x576 Format 10 NumSamples 1 (Frame:1).
[2018.11.03-11.14.39:129][853]LogSlate: FSceneViewport::OnFocusLost() reason 0
[2018.11.03-11.14.39:220][856]LogSlate: Window 'MyFirst2DProject Game Preview Standalone (64-bit/PCD3D_SM5)' being destroyed
[2018.11.03-11.14.39:232][856]LogBlueprintUserMessages: Early EndPlayMap Detection: Level '/Game/2DSideScrollerBP/Maps/2DSideScrollerExampleMap.2DSideScrollerExampleMap:PersistentLevel' has LevelScriptBlueprint '/Game/2DSideScrollerBP/Maps/2DSideScrollerExampleMap.2DSideScrollerExampleMap:PersistentLevel.2DSideScrollerExampleMap' with GeneratedClass '/Game/2DSideScrollerBP/Maps/2DSideScrollerExampleMap.2DSideScrollerExampleMap_C' with ClassGeneratedBy '/Game/2DSideScrollerBP/Maps/2DSideScrollerExampleMap.2DSideScrollerExampleMap:PersistentLevel.2DSideScrollerExampleMap'
[2018.11.03-11.14.39:305][856]LogPlayLevel: Display: Shutting down PIE online subsystems
[2018.11.03-11.14.39:306][856]LogBlueprintUserMessages: Late EndPlayMap Detection: Level '/Game/2DSideScrollerBP/Maps/2DSideScrollerExampleMap.2DSideScrollerExampleMap:PersistentLevel' has LevelScriptBlueprint '/Game/2DSideScrollerBP/Maps/2DSideScrollerExampleMap.2DSideScrollerExampleMap:PersistentLevel.2DSideScrollerExampleMap' with GeneratedClass '/Game/2DSideScrollerBP/Maps/2DSideScrollerExampleMap.2DSideScrollerExampleMap_C' with ClassGeneratedBy '/Game/2DSideScrollerBP/Maps/2DSideScrollerExampleMap.2DSideScrollerExampleMap:PersistentLevel.2DSideScrollerExampleMap'
[2018.11.03-11.14.39:538][857]LogPlayLevel: Display: Destroying online subsystem :Context_5
[2018.11.03-11.14.57:542][919]BlueprintLog: New page: Compile Block
[2018.11.03-11.14.58:273][929]LogTemp: Repeating last play command: Selected Viewport
[2018.11.03-11.14.58:336][929]LogBlueprintUserMessages: Early PlayInEditor Detection: Level '/Game/2DSideScrollerBP/Maps/2DSideScrollerExampleMap.2DSideScrollerExampleMap:PersistentLevel' has LevelScriptBlueprint '/Game/2DSideScrollerBP/Maps/2DSideScrollerExampleMap.2DSideScrollerExampleMap:PersistentLevel.2DSideScrollerExampleMap' with GeneratedClass '/Game/2DSideScrollerBP/Maps/2DSideScrollerExampleMap.2DSideScrollerExampleMap_C' with ClassGeneratedBy '/Game/2DSideScrollerBP/Maps/2DSideScrollerExampleMap.2DSideScrollerExampleMap:PersistentLevel.2DSideScrollerExampleMap'
[2018.11.03-11.14.58:336][929]LogPlayLevel: PlayLevel: No blueprints needed recompiling
[2018.11.03-11.14.58:336][929]PIE: New page: PIE session: 2DSideScrollerExampleMap (Nov 4, 2018, 3:14:58 AM)
[2018.11.03-11.14.58:354][929]LogPlayLevel: Creating play world package: /Game/2DSideScrollerBP/Maps/UEDPIE_0_2DSideScrollerExampleMap
[2018.11.03-11.14.58:362][929]LogPlayLevel: PIE: StaticDuplicateObject took: (0.008418s)
[2018.11.03-11.14.58:364][929]LogAIModule: Creating AISystem for world 2DSideScrollerExampleMap
[2018.11.03-11.14.58:365][929]LogPlayLevel: PIE: World Init took: (0.002381s)
[2018.11.03-11.14.58:365][929]LogPlayLevel: PIE: Created PIE world by copying editor world from /Game/2DSideScrollerBP/Maps/2DSideScrollerExampleMap.2DSideScrollerExampleMap to /Game/2DSideScrollerBP/Maps/UEDPIE_0_2DSideScrollerExampleMap.2DSideScrollerExampleMap (0.011565s)
[2018.11.03-11.14.58:420][929]LogScript: Warning: Accessed None trying to read property CallFunc_GetPlayerController_ReturnValue
	GameINS_C /Engine/Transient.UnrealEdEngine_0:GameINS_C_2
	Function /Game/GameINS.GameINS_C:ExecuteUbergraph_GameINS:0684
[2018.11.03-11.14.58:425][929]LogInit: XAudio2 using '喇叭/耳机 (Realtek High Definition Audio)' : 2 channels at 48 kHz using 32 bits per sample (channel mask 0x3)
[2018.11.03-11.14.58:478][929]LogInit: FAudioDevice initialized.
[2018.11.03-11.14.58:505][929]LogSlate: Updating window title bar state: overlay mode, drag disabled, window buttons hidden, title bar hidden
[2018.11.03-11.14.58:656][929]LogLoad: Game class is '2DSideScrollerGameMode_C'
[2018.11.03-11.14.58:662][929]LogWorld: Bringing World /Game/2DSideScrollerBP/Maps/UEDPIE_0_2DSideScrollerExampleMap.2DSideScrollerExampleMap up for play (max tick rate 0) at 2018.11.03-19.14.58
[2018.11.03-11.14.58:662][929]LogWorld: Bringing up level for play took: 0.004606
[2018.11.03-11.14.58:686][929]PIE: Play in editor start time for /Game/2DSideScrollerBP/Maps/UEDPIE_0_2DSideScrollerExampleMap 0.733
[2018.11.03-11.14.58:687][929]LogBlueprintUserMessages: Late PlayInEditor Detection: Level '/Game/2DSideScrollerBP/Maps/2DSideScrollerExampleMap.2DSideScrollerExampleMap:PersistentLevel' has LevelScriptBlueprint '/Game/2DSideScrollerBP/Maps/2DSideScrollerExampleMap.2DSideScrollerExampleMap:PersistentLevel.2DSideScrollerExampleMap' with GeneratedClass '/Game/2DSideScrollerBP/Maps/2DSideScrollerExampleMap.2DSideScrollerExampleMap_C' with ClassGeneratedBy '/Game/2DSideScrollerBP/Maps/2DSideScrollerExampleMap.2DSideScrollerExampleMap:PersistentLevel.2DSideScrollerExampleMap'
[2018.11.03-11.15.01:938][ 68]LogSlate: FSceneViewport::OnFocusLost() reason 0
[2018.11.03-11.18.35:287][889]LogSlate: FSceneViewport::OnFocusLost() reason 0
[2018.11.03-11.18.35:409][894]LogSlate: Window 'MyFirst2DProject Game Preview Standalone (64-bit/PCD3D_SM5)' being destroyed
[2018.11.03-11.18.35:423][894]LogBlueprintUserMessages: Early EndPlayMap Detection: Level '/Game/2DSideScrollerBP/Maps/2DSideScrollerExampleMap.2DSideScrollerExampleMap:PersistentLevel' has LevelScriptBlueprint '/Game/2DSideScrollerBP/Maps/2DSideScrollerExampleMap.2DSideScrollerExampleMap:PersistentLevel.2DSideScrollerExampleMap' with GeneratedClass '/Game/2DSideScrollerBP/Maps/2DSideScrollerExampleMap.2DSideScrollerExampleMap_C' with ClassGeneratedBy '/Game/2DSideScrollerBP/Maps/2DSideScrollerExampleMap.2DSideScrollerExampleMap:PersistentLevel.2DSideScrollerExampleMap'
[2018.11.03-11.18.35:519][894]LogPlayLevel: Display: Shutting down PIE online subsystems
[2018.11.03-11.18.35:520][894]LogBlueprintUserMessages: Late EndPlayMap Detection: Level '/Game/2DSideScrollerBP/Maps/2DSideScrollerExampleMap.2DSideScrollerExampleMap:PersistentLevel' has LevelScriptBlueprint '/Game/2DSideScrollerBP/Maps/2DSideScrollerExampleMap.2DSideScrollerExampleMap:PersistentLevel.2DSideScrollerExampleMap' with GeneratedClass '/Game/2DSideScrollerBP/Maps/2DSideScrollerExampleMap.2DSideScrollerExampleMap_C' with ClassGeneratedBy '/Game/2DSideScrollerBP/Maps/2DSideScrollerExampleMap.2DSideScrollerExampleMap:PersistentLevel.2DSideScrollerExampleMap'
[2018.11.03-11.18.35:751][895]LogPlayLevel: Display: Destroying online subsystem :Context_6
[2018.11.03-11.19.16:727][842]LogTemp: Repeating last play command: Selected Viewport
[2018.11.03-11.19.16:776][842]LogBlueprintUserMessages: Early PlayInEditor Detection: Level '/Game/2DSideScrollerBP/Maps/2DSideScrollerExampleMap.2DSideScrollerExampleMap:PersistentLevel' has LevelScriptBlueprint '/Game/2DSideScrollerBP/Maps/2DSideScrollerExampleMap.2DSideScrollerExampleMap:PersistentLevel.2DSideScrollerExampleMap' with GeneratedClass '/Game/2DSideScrollerBP/Maps/2DSideScrollerExampleMap.2DSideScrollerExampleMap_C' with ClassGeneratedBy '/Game/2DSideScrollerBP/Maps/2DSideScrollerExampleMap.2DSideScrollerExampleMap:PersistentLevel.2DSideScrollerExampleMap'
[2018.11.03-11.19.16:777][842]LogPlayLevel: PlayLevel: No blueprints needed recompiling
[2018.11.03-11.19.16:777][842]PIE: New page: PIE session: 2DSideScrollerExampleMap (Nov 4, 2018, 3:19:16 AM)
[2018.11.03-11.19.16:778][842]LogPlayLevel: Creating play world package: /Game/2DSideScrollerBP/Maps/UEDPIE_0_2DSideScrollerExampleMap
[2018.11.03-11.19.16:790][842]LogPlayLevel: PIE: StaticDuplicateObject took: (0.011703s)
[2018.11.03-11.19.16:791][842]LogAIModule: Creating AISystem for world 2DSideScrollerExampleMap
[2018.11.03-11.19.16:791][842]LogPlayLevel: PIE: World Init took: (0.001055s)
[2018.11.03-11.19.16:791][842]LogPlayLevel: PIE: Created PIE world by copying editor world from /Game/2DSideScrollerBP/Maps/2DSideScrollerExampleMap.2DSideScrollerExampleMap to /Game/2DSideScrollerBP/Maps/UEDPIE_0_2DSideScrollerExampleMap.2DSideScrollerExampleMap (0.013146s)
[2018.11.03-11.19.16:841][842]LogScript: Warning: Accessed None trying to read property CallFunc_GetPlayerController_ReturnValue
	GameINS_C /Engine/Transient.UnrealEdEngine_0:GameINS_C_3
	Function /Game/GameINS.GameINS_C:ExecuteUbergraph_GameINS:0684
[2018.11.03-11.19.16:846][842]LogInit: XAudio2 using '喇叭/耳机 (Realtek High Definition Audio)' : 2 channels at 48 kHz using 32 bits per sample (channel mask 0x3)
[2018.11.03-11.19.16:891][842]LogInit: FAudioDevice initialized.
[2018.11.03-11.19.16:913][842]LogSlate: Updating window title bar state: overlay mode, drag disabled, window buttons hidden, title bar hidden
[2018.11.03-11.19.17:036][842]LogLoad: Game class is '2DSideScrollerGameMode_C'
[2018.11.03-11.19.17:039][842]LogWorld: Bringing World /Game/2DSideScrollerBP/Maps/UEDPIE_0_2DSideScrollerExampleMap.2DSideScrollerExampleMap up for play (max tick rate 0) at 2018.11.03-19.19.17
[2018.11.03-11.19.17:040][842]LogWorld: Bringing up level for play took: 0.002430
[2018.11.03-11.19.17:331][842]PIE: Play in editor start time for /Game/2DSideScrollerBP/Maps/UEDPIE_0_2DSideScrollerExampleMap 1.377
[2018.11.03-11.19.17:333][842]LogBlueprintUserMessages: Late PlayInEditor Detection: Level '/Game/2DSideScrollerBP/Maps/2DSideScrollerExampleMap.2DSideScrollerExampleMap:PersistentLevel' has LevelScriptBlueprint '/Game/2DSideScrollerBP/Maps/2DSideScrollerExampleMap.2DSideScrollerExampleMap:PersistentLevel.2DSideScrollerExampleMap' with GeneratedClass '/Game/2DSideScrollerBP/Maps/2DSideScrollerExampleMap.2DSideScrollerExampleMap_C' with ClassGeneratedBy '/Game/2DSideScrollerBP/Maps/2DSideScrollerExampleMap.2DSideScrollerExampleMap:PersistentLevel.2DSideScrollerExampleMap'
[2018.11.03-11.19.33:167][972]LogSlate: FSceneViewport::OnFocusLost() reason 2
[2018.11.03-11.23.40:823][291]LogBlueprintUserMessages: Early EndPlayMap Detection: Level '/Game/2DSideScrollerBP/Maps/2DSideScrollerExampleMap.2DSideScrollerExampleMap:PersistentLevel' has LevelScriptBlueprint '/Game/2DSideScrollerBP/Maps/2DSideScrollerExampleMap.2DSideScrollerExampleMap:PersistentLevel.2DSideScrollerExampleMap' with GeneratedClass '/Game/2DSideScrollerBP/Maps/2DSideScrollerExampleMap.2DSideScrollerExampleMap_C' with ClassGeneratedBy '/Game/2DSideScrollerBP/Maps/2DSideScrollerExampleMap.2DSideScrollerExampleMap:PersistentLevel.2DSideScrollerExampleMap'
[2018.11.03-11.23.40:824][291]LogSlate: Updating window title bar state: overlay mode, drag disabled, window buttons hidden, title bar hidden
[2018.11.03-11.23.40:858][291]LogSlate: Window 'MyFirst2DProject Game Preview Standalone (64-bit/PCD3D_SM5)' being destroyed
[2018.11.03-11.23.40:916][291]LogPlayLevel: Display: Shutting down PIE online subsystems
[2018.11.03-11.23.40:916][291]LogBlueprintUserMessages: Late EndPlayMap Detection: Level '/Game/2DSideScrollerBP/Maps/2DSideScrollerExampleMap.2DSideScrollerExampleMap:PersistentLevel' has LevelScriptBlueprint '/Game/2DSideScrollerBP/Maps/2DSideScrollerExampleMap.2DSideScrollerExampleMap:PersistentLevel.2DSideScrollerExampleMap' with GeneratedClass '/Game/2DSideScrollerBP/Maps/2DSideScrollerExampleMap.2DSideScrollerExampleMap_C' with ClassGeneratedBy '/Game/2DSideScrollerBP/Maps/2DSideScrollerExampleMap.2DSideScrollerExampleMap:PersistentLevel.2DSideScrollerExampleMap'
[2018.11.03-11.23.40:997][292]LogPlayLevel: Display: Destroying online subsystem :Context_7
[2018.11.03-11.24.47:278][126]LogSavePackage: Moving '../../../../../../unreal projects/MyFirst2DProject/Saved/2DSideScrollerExampleMap_Auto1FF3A96FF424E2936E6B183AE3956A732.tmp' to '../../../../../../unreal projects/MyFirst2DProject/Saved/Autosaves/Game/2DSideScrollerBP/Maps/2DSideScrollerExampleMap_Auto1.umap'
[2018.11.03-11.24.47:327][126]LogFileHelpers: Editor autosave (incl. sublevels) for '/Game/2DSideScrollerBP/Maps/2DSideScrollerExampleMap' took 0.914
[2018.11.03-11.24.47:327][126]LogFileHelpers: Editor autosave (incl. sublevels) for all levels took 0.914
[2018.11.03-11.24.47:343][126]OBJ SavePackage: Generating thumbnails for [0] asset(s) in package [/Game/Block] ([1] browsable assets)...
[2018.11.03-11.24.47:343][126]OBJ SavePackage: Finished generating thumbnails for package [/Game/Block]
[2018.11.03-11.24.47:343][126]Cmd: OBJ SAVEPACKAGE PACKAGE="/Game/Block" FILE="../../../../../../unreal projects/MyFirst2DProject/Saved/Autosaves/Game/Block_Auto1.uasset" SILENT=false AUTOSAVING=true
[2018.11.03-11.24.47:520][126]LogSavePackage: Moving '../../../../../../unreal projects/MyFirst2DProject/Saved/Block_Auto15A564FED49A87707F293FF8C997853AC.tmp' to '../../../../../../unreal projects/MyFirst2DProject/Saved/Autosaves/Game/Block_Auto1.uasset'
[2018.11.03-11.24.47:524][126]LogFileHelpers: Auto-saving content packages took 0.189
[2018.11.03-11.26.25:558][420]BlueprintLog: New page: Compile GameINS
[2018.11.03-11.28.12:400][193]LogUProjectInfo: Found projects:
[2018.11.03-11.28.12:552][193]LogSlate: Took 0.051147 seconds to synchronously load lazily loaded font '../../../Engine/Content/Slate/Fonts/DroidSansFallback.ttf' (3848K)
[2018.11.03-11.28.27:829][488]Cmd: CLOSE_SLATE_MAINFRAME
[2018.11.03-11.28.31:447][488]LogSlate: Window 'Save Content' being destroyed
[2018.11.03-11.28.36:622][488]LogSavePackage: Moving '../../../../../../unreal projects/MyFirst2DProject/Saved/2DSideScrollerExampleMapE9E3EB9749108CA5A1DA7FA6D4F987B9.tmp' to '../../../../../../unreal projects/MyFirst2DProject/Content/2DSideScrollerBP/Maps/2DSideScrollerExampleMap.umap'
[2018.11.03-11.28.36:732][488]LogFileHelpers: Saving map '2DSideScrollerExampleMap' took 5.222
[2018.11.03-11.28.36:742][488]Cmd: OBJ SAVEPACKAGE PACKAGE="/Game/Block" FILE="../../../../../../unreal projects/MyFirst2DProject/Content/Block.uasset" SILENT=true
[2018.11.03-11.28.36:897][488]LogSavePackage: Moving '../../../../../../unreal projects/MyFirst2DProject/Saved/Block157399C149D1EC96D50A0FB86846F7F7.tmp' to '../../../../../../unreal projects/MyFirst2DProject/Content/Block.uasset'
[2018.11.03-11.28.37:152][488]LogSlate: Window 'Open Project' being destroyed
[2018.11.03-11.28.37:165][488]LogSlate: Window 'MyFirst2DProject - Unreal Editor' being destroyed
[2018.11.03-11.28.37:171][488]LogWindowsTextInputMethodSystem: Display: IME system now activated using TSF (搜狗拼音输入法).
[2018.11.03-11.28.37:544][489]Cmd: QUIT_EDITOR
[2018.11.03-11.28.37:634][489]LogExit: Preparing to exit.
[2018.11.03-11.28.38:684][489]LogExit: Editor shut down
[2018.11.03-11.28.38:684][489]LogExit: Transaction tracking system shut down
[2018.11.03-11.28.39:343][489]LogExit: Object subsystem successfully closed.
[2018.11.03-11.28.39:421][489]LogShaderCompilers: Display: Shaders left to compile 0
[2018.11.03-11.28.39:425][489]LogD3D11RHI: Shutdown
[2018.11.03-11.28.39:425][489]LogD3D11RHI: CleanupD3DDevice
[2018.11.03-11.28.39:457][489]LogD3D11RHI: ~FD3D11DynamicRHI
[2018.11.03-11.28.39:506][489]LogModuleManager: Shutting down and abandoning module MovieSceneCapture (616)
[2018.11.03-11.28.39:506][489]LogModuleManager: Shutting down and abandoning module Voice (614)
[2018.11.03-11.28.39:509][489]LogModuleManager: Shutting down and abandoning module BlueprintGraph (612)
[2018.11.03-11.28.39:509][489]LogModuleManager: Shutting down and abandoning module HierarchicalLODOutliner (610)
[2018.11.03-11.28.39:510][489]LogModuleManager: Shutting down and abandoning module SceneOutliner (608)
[2018.11.03-11.28.39:510][489]LogModuleManager: Shutting down and abandoning module AddContentDialog (606)
[2018.11.03-11.28.39:529][489]LogModuleManager: Shutting down and abandoning module WidgetCarousel (605)
[2018.11.03-11.28.39:529][489]LogModuleManager: Shutting down and abandoning module EditorWidgets (602)
[2018.11.03-11.28.39:529][489]LogModuleManager: Shutting down and abandoning module CollectionManager (600)
[2018.11.03-11.28.39:529][489]LogModuleManager: Shutting down and abandoning module StatsViewer (598)
[2018.11.03-11.28.39:529][489]LogModuleManager: Shutting down and abandoning module FoliageEdit (596)
[2018.11.03-11.28.39:529][489]LogModuleManager: Shutting down and abandoning module LandscapeEditor (594)
[2018.11.03-11.28.39:530][489]LogModuleManager: Shutting down and abandoning module MeshPaintMode (592)
[2018.11.03-11.28.39:530][489]LogModuleManager: Shutting down and abandoning module SceneDepthPickerMode (590)
[2018.11.03-11.28.39:530][489]LogModuleManager: Shutting down and abandoning module ActorPickerMode (588)
[2018.11.03-11.28.39:530][489]LogModuleManager: Shutting down and abandoning module GeometryMode (586)
[2018.11.03-11.28.39:530][489]LogModuleManager: Shutting down and abandoning module TextureAlignMode (584)
[2018.11.03-11.28.39:530][489]LogModuleManager: Shutting down and abandoning module BspMode (582)
[2018.11.03-11.28.39:530][489]LogModuleManager: Shutting down and abandoning module PIEPreviewDeviceProfileSelector (580)
[2018.11.03-11.28.39:530][489]LogModuleManager: Shutting down and abandoning module SequenceRecorderSections (578)
[2018.11.03-11.28.39:530][489]LogModuleManager: Shutting down and abandoning module AutomationWorker (576)
[2018.11.03-11.28.39:530][489]LogModuleManager: Shutting down and abandoning module AudioCaptureEditor (574)
[2018.11.03-11.28.39:530][489]LogModuleManager: Shutting down and abandoning module SequenceRecorder (573)
[2018.11.03-11.28.39:530][489]LogModuleManager: Shutting down and abandoning module MatineeToLevelSequence (570)
[2018.11.03-11.28.39:530][489]LogModuleManager: Shutting down and abandoning module LevelSequenceEditor (568)
[2018.11.03-11.28.39:531][489]LogModuleManager: Shutting down and abandoning module PlacementMode (567)
[2018.11.03-11.28.39:531][489]LogModuleManager: Shutting down and abandoning module MaterialEditor (566)
[2018.11.03-11.28.39:531][489]LogModuleManager: Shutting down and abandoning module WmfMediaFactory (562)
[2018.11.03-11.28.39:531][489]LogModuleManager: Shutting down and abandoning module WmfMediaEditor (560)
[2018.11.03-11.28.39:531][489]LogModuleManager: Shutting down and abandoning module MediaPlayerEditor (558)
[2018.11.03-11.28.39:531][489]LogModuleManager: Shutting down and abandoning module OpenExrWrapper (556)
[2018.11.03-11.28.39:531][489]LogModuleManager: Shutting down and abandoning module ImgMediaFactory (554)
[2018.11.03-11.28.39:531][489]LogModuleManager: Shutting down and abandoning module ImgMediaEditor (552)
[2018.11.03-11.28.39:531][489]LogModuleManager: Shutting down and abandoning module AvfMediaFactory (550)
[2018.11.03-11.28.39:531][489]LogModuleManager: Shutting down and abandoning module AvfMediaEditor (548)
[2018.11.03-11.28.39:531][489]LogModuleManager: Shutting down and abandoning module AndroidMediaFactory (546)
[2018.11.03-11.28.39:531][489]LogModuleManager: Shutting down and abandoning module AndroidMediaEditor (544)
[2018.11.03-11.28.39:531][489]LogModuleManager: Shutting down and abandoning module MagicLeapCameraPreviewFactory (542)
[2018.11.03-11.28.39:531][489]LogModuleManager: Shutting down and abandoning module MagicLeapMediaFactory (540)
[2018.11.03-11.28.39:531][489]LogModuleManager: Shutting down and abandoning module MagicLeapMediaEditor (538)
[2018.11.03-11.28.39:531][489]LogModuleManager: Shutting down and abandoning module CharacterAI (536)
[2018.11.03-11.28.39:531][489]LogModuleManager: Shutting down and abandoning module SmartSnapping (534)
[2018.11.03-11.28.39:531][489]LogModuleManager: Shutting down and abandoning module SessionServices (532)
[2018.11.03-11.28.39:531][489]LogModuleManager: Shutting down and abandoning module ViewportSnapping (530)
[2018.11.03-11.28.39:531][489]LogModuleManager: Shutting down and abandoning module ViewportInteraction (528)
[2018.11.03-11.28.39:531][489]LogModuleManager: Shutting down and abandoning module ClothPainter (526)
[2018.11.03-11.28.39:531][489]LogModuleManager: Shutting down and abandoning module SkeletalMeshEditor (525)
[2018.11.03-11.28.39:531][489]LogModuleManager: Shutting down and abandoning module LogVisualizer (522)
[2018.11.03-11.28.39:531][489]LogModuleManager: Shutting down and abandoning module IntroTutorials (520)
[2018.11.03-11.28.39:531][489]LogModuleManager: Shutting down and abandoning module GameProjectGeneration (519)
[2018.11.03-11.28.39:531][489]LogModuleManager: Shutting down and abandoning module LuminPlatformEditor (516)
[2018.11.03-11.28.39:531][489]LogModuleManager: Shutting down and abandoning module IOSPlatformEditor (514)
[2018.11.03-11.28.39:531][489]LogModuleManager: Shutting down and abandoning module HTML5PlatformEditor (512)
[2018.11.03-11.28.39:531][489]LogModuleManager: Shutting down and abandoning module AndroidPlatformEditor (510)
[2018.11.03-11.28.39:531][489]LogModuleManager: Shutting down and abandoning module AndroidDeviceDetection (509)
[2018.11.03-11.28.40:407][489]LogModuleManager: Shutting down and abandoning module WindowsPlatformEditor (506)
[2018.11.03-11.28.40:407][489]LogModuleManager: Shutting down and abandoning module LuminRuntimeSettings (504)
[2018.11.03-11.28.40:407][489]LogModuleManager: Shutting down and abandoning module IOSRuntimeSettings (502)
[2018.11.03-11.28.40:407][489]LogModuleManager: Shutting down and abandoning module AndroidRuntimeSettings (500)
[2018.11.03-11.28.40:407][489]LogModuleManager: Shutting down and abandoning module InputBindingEditor (498)
[2018.11.03-11.28.40:407][489]LogModuleManager: Shutting down and abandoning module MergeActors (496)
[2018.11.03-11.28.40:407][489]LogModuleManager: Shutting down and abandoning module LocalizationDashboard (494)
[2018.11.03-11.28.40:407][489]LogModuleManager: Shutting down and abandoning module LocalizationService (493)
[2018.11.03-11.28.40:407][489]LogModuleManager: Shutting down and abandoning module HardwareTargeting (490)
[2018.11.03-11.28.40:408][489]LogModuleManager: Shutting down and abandoning module DeviceProfileEditor (488)
[2018.11.03-11.28.40:408][489]LogModuleManager: Shutting down and abandoning module UndoHistory (486)
[2018.11.03-11.28.40:408][489]LogModuleManager: Shutting down and abandoning module XmlParser (484)
[2018.11.03-11.28.40:408][489]LogModuleManager: Shutting down and abandoning module Blutility (482)
[2018.11.03-11.28.40:408][489]LogModuleManager: Shutting down and abandoning module ProjectSettingsViewer (480)
[2018.11.03-11.28.40:408][489]LogModuleManager: Shutting down and abandoning module ProjectTargetPlatformEditor (479)
[2018.11.03-11.28.40:408][489]LogModuleManager: Shutting down and abandoning module EditorSettingsViewer (476)
[2018.11.03-11.28.40:409][489]LogModuleManager: Shutting down and abandoning module SettingsEditor (474)
[2018.11.03-11.28.40:409][489]LogModuleManager: Shutting down and abandoning module ProjectLauncher (472)
[2018.11.03-11.28.40:409][489]LogModuleManager: Shutting down and abandoning module SessionFrontend (470)
[2018.11.03-11.28.40:409][489]LogModuleManager: Shutting down and abandoning module ProfilerClient (468)
[2018.11.03-11.28.40:409][489]LogModuleManager: Shutting down and abandoning module DeviceManager (466)
[2018.11.03-11.28.40:409][489]LogModuleManager: Shutting down and abandoning module TargetDeviceServices (465)
[2018.11.03-11.28.40:453][489]LogModuleManager: Shutting down and abandoning module AutomationController (462)
[2018.11.03-11.28.40:453][489]LogModuleManager: Shutting down and abandoning module AutomationWindow (460)
[2018.11.03-11.28.40:453][489]LogModuleManager: Shutting down and abandoning module Layers (458)
[2018.11.03-11.28.40:453][489]LogModuleManager: Shutting down and abandoning module ComponentVisualizers (456)
[2018.11.03-11.28.40:453][489]LogModuleManager: Shutting down and abandoning module DetailCustomizations (454)
[2018.11.03-11.28.40:454][489]LogModuleManager: Shutting down and abandoning module PackagesDialog (452)
[2018.11.03-11.28.40:454][489]LogModuleManager: Shutting down and abandoning module Persona (450)
[2018.11.03-11.28.40:454][489]LogModuleManager: Shutting down and abandoning module AdvancedPreviewScene (449)
[2018.11.03-11.28.40:454][489]LogModuleManager: Shutting down and abandoning module AnimGraph (447)
[2018.11.03-11.28.40:454][489]LogModuleManager: Shutting down and abandoning module Kismet (444)
[2018.11.03-11.28.40:464][489]LogModuleManager: Shutting down and abandoning module GraphEditor (442)
[2018.11.03-11.28.40:465][489]LogModuleManager: Shutting down and abandoning module ClassViewer (440)
[2018.11.03-11.28.40:468][489]LogModuleManager: Shutting down and abandoning module Toolbox (438)
[2018.11.03-11.28.40:468][489]LogModuleManager: Shutting down and abandoning module ModuleUI (436)
[2018.11.03-11.28.40:468][489]LogModuleManager: Shutting down and abandoning module MovieSceneTools (434)
[2018.11.03-11.28.40:468][489]LogModuleManager: Shutting down and abandoning module OutputLog (432)
[2018.11.03-11.28.40:468][489]LogModuleManager: Shutting down and abandoning module GammaUI (430)
[2018.11.03-11.28.40:468][489]LogModuleManager: Shutting down and abandoning module Documentation (428)
[2018.11.03-11.28.40:468][489]LogModuleManager: Shutting down and abandoning module MovieSceneTracks (426)
[2018.11.03-11.28.40:469][489]LogModuleManager: Shutting down and abandoning module MovieScene (424)
[2018.11.03-11.28.40:469][489]LogModuleManager: Shutting down and abandoning module StreamingPauseRendering (422)
[2018.11.03-11.28.40:469][489]LogModuleManager: Shutting down and abandoning module LauncherPlatform (420)
[2018.11.03-11.28.40:469][489]LogModuleManager: Shutting down and abandoning module AnalyticsET (418)
[2018.11.03-11.28.40:469][489]LogModuleManager: Shutting down and abandoning module PortalServices (416)
[2018.11.03-11.28.40:469][489]LogModuleManager: Shutting down and abandoning module PortalRpc (414)
[2018.11.03-11.28.40:469][489]LogModuleManager: Shutting down and abandoning module MessagingRpc (412)
[2018.11.03-11.28.40:469][489]LogModuleManager: Shutting down and abandoning module AIModule (410)
[2018.11.03-11.28.40:469][489]LogModuleManager: Shutting down and abandoning module GameplayDebugger (409)
[2018.11.03-11.28.40:469][489]LogModuleManager: Shutting down and abandoning module AITestSuite (407)
[2018.11.03-11.28.40:469][489]LogModuleManager: Shutting down and abandoning module NavigationSystem (405)
[2018.11.03-11.28.40:469][489]LogModuleManager: Shutting down and abandoning module DesktopPlatform (402)
[2018.11.03-11.28.40:469][489]LogModuleManager: Shutting down and abandoning module ProfilerService (400)
[2018.11.03-11.28.40:528][489]LogModuleManager: Shutting down and abandoning module TaskGraph (398)
[2018.11.03-11.28.40:528][489]LogModuleManager: Shutting down and abandoning module SteamVRController (396)
[2018.11.03-11.28.40:528][489]LogModuleManager: Shutting down and abandoning module ProceduralMeshComponentEditor (394)
[2018.11.03-11.28.40:528][489]LogModuleManager: Shutting down and abandoning module ProceduralMeshComponent (392)
[2018.11.03-11.28.40:528][489]LogModuleManager: Shutting down and abandoning module OculusInput (390)
[2018.11.03-11.28.40:528][489]LogModuleManager: Shutting down and abandoning module MobilePatchingUtils (388)
[2018.11.03-11.28.40:528][489]LogModuleManager: Shutting down and abandoning module EditableMesh (386)
[2018.11.03-11.28.40:528][489]LogModuleManager: Shutting down and abandoning module CustomMeshComponent (384)
[2018.11.03-11.28.40:528][489]LogModuleManager: Shutting down and abandoning module CableComponent (382)
[2018.11.03-11.28.40:528][489]LogModuleManager: Shutting down and abandoning module AudioCapture (380)
[2018.11.03-11.28.40:528][489]LogModuleManager: Shutting down and abandoning module ArchVisCharacter (378)
[2018.11.03-11.28.40:528][489]LogModuleManager: Shutting down and abandoning module AndroidPermission (376)
[2018.11.03-11.28.40:528][489]LogModuleManager: Shutting down and abandoning module NUTUnrealEngine4 (374)
[2018.11.03-11.28.40:529][489]LogModuleManager: Shutting down and abandoning module NetcodeUnitTest (372)
[2018.11.03-11.28.40:529][489]LogModuleManager: Shutting down and abandoning module MediaCompositingEditor (370)
[2018.11.03-11.28.40:529][489]LogModuleManager: Shutting down and abandoning module MediaCompositing (368)
[2018.11.03-11.28.40:529][489]LogModuleManager: Shutting down and abandoning module LinearTimecode (366)
[2018.11.03-11.28.40:529][489]LogModuleManager: Shutting down and abandoning module ImgMedia (364)
[2018.11.03-11.28.40:544][489]LogModuleManager: Shutting down and abandoning module HTML5Networking (362)
[2018.11.03-11.28.40:544][489]LogModuleManager: Shutting down and abandoning module GeometryCacheTracks (360)
[2018.11.03-11.28.40:544][489]LogModuleManager: Shutting down and abandoning module GeometryCacheSequencer (358)
[2018.11.03-11.28.40:544][489]LogModuleManager: Shutting down and abandoning module BackChannel (356)
[2018.11.03-11.28.40:544][489]LogModuleManager: Shutting down and abandoning module AppleVision (354)
[2018.11.03-11.28.40:544][489]LogModuleManager: Shutting down and abandoning module AppleImageUtils (352)
[2018.11.03-11.28.40:544][489]LogModuleManager: Shutting down and abandoning module AlembicImporter (350)
[2018.11.03-11.28.40:544][489]LogModuleManager: Shutting down and abandoning module AlembicLibrary (349)
[2018.11.03-11.28.40:545][489]LogModuleManager: Shutting down and abandoning module GeometryCache (348)
[2018.11.03-11.28.40:545][489]LogModuleManager: Shutting down and abandoning module GeometryCacheEd (347)
[2018.11.03-11.28.40:545][489]LogModuleManager: Shutting down and abandoning module DatasmithContentEditor (342)
[2018.11.03-11.28.40:545][489]LogModuleManager: Shutting down and abandoning module DatasmithContent (340)
[2018.11.03-11.28.40:547][489]LogModuleManager: Shutting down and abandoning module SpeedTreeImporter (338)
[2018.11.03-11.28.40:547][489]LogModuleManager: Shutting down and abandoning module PluginBrowser (336)
[2018.11.03-11.28.40:547][489]LogModuleManager: Shutting down and abandoning module MobileLauncherProfileWizard (334)
[2018.11.03-11.28.40:547][489]LogModuleManager: Shutting down and abandoning module PolygonModeling (332)
[2018.11.03-11.28.40:547][489]LogModuleManager: Shutting down and abandoning module MeshEditor (330)
[2018.11.03-11.28.40:547][489]LogModuleManager: Shutting down and abandoning module CryptoKeysOpenSSL (328)
[2018.11.03-11.28.40:547][489]LogModuleManager: Shutting down and abandoning module CryptoKeys (326)
[2018.11.03-11.28.40:547][489]LogModuleManager: Shutting down and abandoning module VisualStudioSourceCodeAccess (324)
[2018.11.03-11.28.40:547][489]LogModuleManager: Shutting down and abandoning module VisualStudioCodeSourceCodeAccess (322)
[2018.11.03-11.28.40:547][489]LogModuleManager: Shutting down and abandoning module UObjectPlugin (320)
[2018.11.03-11.28.40:547][489]LogModuleManager: Shutting down and abandoning module SubversionSourceControl (318)
[2018.11.03-11.28.40:547][489]LogModuleManager: Shutting down and abandoning module PerforceSourceControl (316)
[2018.11.03-11.28.40:547][489]LogModuleManager: Shutting down and abandoning module GitSourceControl (314)
[2018.11.03-11.28.40:547][489]LogModuleManager: Shutting down and abandoning module SourceControl (313)
[2018.11.03-11.28.40:548][489]LogModuleManager: Shutting down and abandoning module CLionSourceCodeAccess (310)
[2018.11.03-11.28.40:548][489]LogModuleManager: Shutting down and abandoning module LightPropagationVolumeEditor (308)
[2018.11.03-11.28.40:548][489]LogModuleManager: Shutting down and abandoning module PaperTiledImporter (306)
[2018.11.03-11.28.40:548][489]LogModuleManager: Shutting down and abandoning module PaperSpriteSheetImporter (304)
[2018.11.03-11.28.40:548][489]LogModuleManager: Shutting down and abandoning module Paper2DEditor (302)
[2018.11.03-11.28.40:548][489]LogModuleManager: Shutting down and abandoning module MeshPaint (301)
[2018.11.03-11.28.40:548][489]LogModuleManager: Shutting down and abandoning module RuntimePhysXCooking (298)
[2018.11.03-11.28.40:548][489]LogModuleManager: Shutting down and abandoning module PhysXVehiclesEditor (296)
[2018.11.03-11.28.40:548][489]LogModuleManager: Shutting down and abandoning module PhysXVehicles (294)
[2018.11.03-11.28.40:548][489]LogModuleManager: Shutting down and abandoning module OculusEditor (292)
[2018.11.03-11.28.40:548][489]LogModuleManager: Shutting down and abandoning module LocationServicesBPLibrary (290)
[2018.11.03-11.28.40:548][489]LogModuleManager: Shutting down and abandoning module ImmediatePhysicsEditor (288)
[2018.11.03-11.28.40:548][489]LogModuleManager: Shutting down and abandoning module ImmediatePhysics (286)
[2018.11.03-11.28.40:548][489]LogModuleManager: Shutting down and abandoning module ActorSequence (284)
[2018.11.03-11.28.40:548][489]LogModuleManager: Shutting down and abandoning module UdpMessaging (282)
[2018.11.03-11.28.40:650][489]LogModuleManager: Shutting down and abandoning module TcpMessaging (280)
[2018.11.03-11.28.40:750][489]LogModuleManager: Shutting down and abandoning module MagicLeapAudio (278)
[2018.11.03-11.28.40:750][489]LogModuleManager: Shutting down and abandoning module GameplayTagsEditor (276)
[2018.11.03-11.28.40:750][489]LogModuleManager: Shutting down and abandoning module FacialAnimationEditor (274)
[2018.11.03-11.28.40:750][489]LogModuleManager: Shutting down and abandoning module FacialAnimation (272)
[2018.11.03-11.28.40:750][489]LogModuleManager: Shutting down and abandoning module DataValidation (270)
[2018.11.03-11.28.40:750][489]LogModuleManager: Shutting down and abandoning module AssetManagerEditor (268)
[2018.11.03-11.28.40:750][489]LogModuleManager: Shutting down and abandoning module LevelEditor (267)
[2018.11.03-11.28.40:754][489]LogModuleManager: Shutting down and abandoning module PixelInspectorModule (266)
[2018.11.03-11.28.40:754][489]LogModuleManager: Shutting down and abandoning module CommonMenuExtensions (264)
[2018.11.03-11.28.40:755][489]LogModuleManager: Shutting down and abandoning module MainFrame (262)
[2018.11.03-11.28.40:755][489]LogModuleManager: Shutting down and abandoning module HotReload (261)
[2018.11.03-11.28.40:757][489]LogModuleManager: Shutting down and abandoning module ContentBrowser (257)
[2018.11.03-11.28.40:758][489]LogModuleManager: Shutting down and abandoning module TreeMap (255)
[2018.11.03-11.28.40:758][489]LogModuleManager: Shutting down and abandoning module LightPropagationVolumeRuntime (252)
[2018.11.03-11.28.40:758][489]LogModuleManager: Shutting down and abandoning module AISupportModule (250)
[2018.11.03-11.28.40:758][489]LogModuleManager: Shutting down and abandoning module Paper2D (248)
[2018.11.03-11.28.40:758][489]LogModuleManager: Shutting down and abandoning module WindowsMoviePlayer (246)
[2018.11.03-11.28.40:758][489]LogModuleManager: Shutting down and abandoning module WmfMedia (244)
[2018.11.03-11.28.40:776][489]LogModuleManager: Shutting down and abandoning module Media (243)
[2018.11.03-11.28.40:783][489]LogModuleManager: Shutting down and abandoning module PacketHandler (240)
[2018.11.03-11.28.40:783][489]LogModuleManager: Shutting down and abandoning module ClothingSystemEditor (238)
[2018.11.03-11.28.40:783][489]LogModuleManager: Shutting down and abandoning module ClothingSystemRuntime (236)
[2018.11.03-11.28.40:783][489]LogModuleManager: Shutting down and abandoning module MediaAssets (234)
[2018.11.03-11.28.40:783][489]LogModuleManager: Shutting down and abandoning module Overlay (232)
[2018.11.03-11.28.40:783][489]LogModuleManager: Shutting down and abandoning module OverlayEditor (231)
[2018.11.03-11.28.40:783][489]LogModuleManager: Shutting down and abandoning module VREditor (228)
[2018.11.03-11.28.40:783][489]LogModuleManager: Shutting down and abandoning module StringTableEditor (226)
[2018.11.03-11.28.40:783][489]LogModuleManager: Shutting down and abandoning module GameplayTasksEditor (224)
[2018.11.03-11.28.40:783][489]LogModuleManager: Shutting down and abandoning module BehaviorTreeEditor (222)
[2018.11.03-11.28.40:783][489]LogModuleManager: Shutting down and abandoning module FunctionalTesting (220)
[2018.11.03-11.28.40:783][489]LogModuleManager: Shutting down and abandoning module CollisionAnalyzer (218)
[2018.11.03-11.28.40:784][489]LogModuleManager: Shutting down and abandoning module WorkspaceMenuStructure (217)
[2018.11.03-11.28.40:784][489]LogModuleManager: Shutting down and abandoning module UMG (214)
[2018.11.03-11.28.40:784][489]LogModuleManager: Shutting down and abandoning module UMGEditor (213)
[2018.11.03-11.28.40:784][489]LogModuleManager: Shutting down and abandoning module Sequencer (212)
[2018.11.03-11.28.40:784][489]LogModuleManager: Shutting down and abandoning module MessageLog (209)
[2018.11.03-11.28.40:784][489]LogModuleManager: Shutting down and abandoning module SlateReflector (204)
[2018.11.03-11.28.40:784][489]LogModuleManager: Shutting down and abandoning module Slate (202)
[2018.11.03-11.28.40:784][489]LogModuleManager: Shutting down and abandoning module EditorStyle (200)
[2018.11.03-11.28.40:787][489]LogModuleManager: Shutting down and abandoning module MRMesh (198)
[2018.11.03-11.28.40:787][489]LogModuleManager: Shutting down and abandoning module SourceCodeAccess (196)
[2018.11.03-11.28.40:787][489]LogModuleManager: Shutting down and abandoning module HeadMountedDisplay (194)
[2018.11.03-11.28.40:787][489]LogModuleManager: Shutting down and abandoning module XAudio2 (192)
[2018.11.03-11.28.40:787][489]LogModuleManager: Shutting down and abandoning module Networking (190)
[2018.11.03-11.28.40:787][489]LogModuleManager: Shutting down and abandoning module Core (188)
[2018.11.03-11.28.40:787][489]LogModuleManager: Shutting down and abandoning module LevelSequence (186)
[2018.11.03-11.28.40:787][489]LogModuleManager: Shutting down and abandoning module KismetCompiler (184)
[2018.11.03-11.28.40:787][489]LogModuleManager: Shutting down and abandoning module MeshUtilities (182)
[2018.11.03-11.28.40:787][489]LogModuleManager: Shutting down and abandoning module MeshMergeUtilities (181)
[2018.11.03-11.28.40:787][489]LogModuleManager: Shutting down and abandoning module MeshReductionInterface (180)
[2018.11.03-11.28.40:787][489]LogModuleManager: Shutting down and abandoning module SimplygonSwarm (179)
[2018.11.03-11.28.40:787][489]LogModuleManager: Shutting down and abandoning module ProxyLODMeshReduction (177)
[2018.11.03-11.28.40:787][489]LogModuleManager: Shutting down and abandoning module SimplygonMeshReduction (175)
[2018.11.03-11.28.40:788][489]LogModuleManager: Shutting down and abandoning module QuadricMeshReduction (173)
[2018.11.03-11.28.40:788][489]LogModuleManager: Shutting down and abandoning module MaterialBaking (169)
[2018.11.03-11.28.40:788][489]LogModuleManager: Shutting down and abandoning module DirectoryWatcher (165)
[2018.11.03-11.28.40:788][489]LogModuleManager: Shutting down and abandoning module DerivedDataCache (162)
[2018.11.03-11.28.40:865][489]LogDerivedDataCache: Shutdown
[2018.11.03-11.28.40:865][489]LogModuleManager: Shutting down and abandoning module XGEController (160)
[2018.11.03-11.28.40:865][489]LogModuleManager: Shutting down and abandoning module TargetPlatform (158)
[2018.11.03-11.28.40:865][489]LogModuleManager: Shutting down and abandoning module VulkanShaderFormat (157)
[2018.11.03-11.28.40:866][489]LogModuleManager: Shutting down and abandoning module ShaderFormatVectorVM (155)
[2018.11.03-11.28.40:866][489]LogModuleManager: Shutting down and abandoning module ShaderFormatOpenGL (153)
[2018.11.03-11.28.40:866][489]LogModuleManager: Shutting down and abandoning module ShaderFormatD3D (151)
[2018.11.03-11.28.40:866][489]LogModuleManager: Shutting down and abandoning module MetalShaderFormat (149)
[2018.11.03-11.28.40:866][489]LogModuleManager: Shutting down and abandoning module TextureFormatUncompressed (147)
[2018.11.03-11.28.40:866][489]LogModuleManager: Shutting down and abandoning module TextureFormatPVR (145)
[2018.11.03-11.28.40:866][489]LogModuleManager: Shutting down and abandoning module TextureFormatDXT (143)
[2018.11.03-11.28.40:866][489]LogModuleManager: Shutting down and abandoning module TextureFormatIntelISPCTexComp (141)
[2018.11.03-11.28.40:866][489]LogModuleManager: Shutting down and abandoning module TextureFormatASTC (139)
[2018.11.03-11.28.40:866][489]LogModuleManager: Shutting down and abandoning module ImageWrapper (138)
[2018.11.03-11.28.40:866][489]LogModuleManager: Shutting down and abandoning module TextureFormatAndroid (135)
[2018.11.03-11.28.40:866][489]LogModuleManager: Shutting down and abandoning module AudioFormatOpus (133)
[2018.11.03-11.28.40:866][489]LogModuleManager: Shutting down and abandoning module AudioFormatOgg (131)
[2018.11.03-11.28.40:866][489]LogModuleManager: Shutting down and abandoning module AudioFormatADPCM (129)
[2018.11.03-11.28.40:866][489]LogModuleManager: Shutting down and abandoning module LuminTargetPlatform (127)
[2018.11.03-11.28.40:866][489]LogModuleManager: Shutting down and abandoning module LinuxTargetPlatform (125)
[2018.11.03-11.28.40:866][489]LogModuleManager: Shutting down and abandoning module LinuxServerTargetPlatform (123)
[2018.11.03-11.28.40:866][489]LogModuleManager: Shutting down and abandoning module LinuxNoEditorTargetPlatform (121)
[2018.11.03-11.28.40:866][489]LogModuleManager: Shutting down and abandoning module LinuxClientTargetPlatform (119)
[2018.11.03-11.28.40:866][489]LogModuleManager: Shutting down and abandoning module TVOSTargetPlatform (117)
[2018.11.03-11.28.40:868][489]LogModuleManager: Shutting down and abandoning module Messaging (115)
[2018.11.03-11.28.40:868][489]LogModuleManager: Shutting down and abandoning module IOSTargetPlatform (113)
[2018.11.03-11.28.40:871][489]LogModuleManager: Shutting down and abandoning module HTML5TargetPlatform (111)
[2018.11.03-11.28.40:871][489]LogModuleManager: Shutting down and abandoning module AndroidTargetPlatform (109)
[2018.11.03-11.28.40:882][489]LogModuleManager: Shutting down and abandoning module WindowsTargetPlatform (107)
[2018.11.03-11.28.40:882][489]LogModuleManager: Shutting down and abandoning module WindowsServerTargetPlatform (105)
[2018.11.03-11.28.40:883][489]LogModuleManager: Shutting down and abandoning module WindowsNoEditorTargetPlatform (103)
[2018.11.03-11.28.40:883][489]LogModuleManager: Shutting down and abandoning module WindowsClientTargetPlatform (101)
[2018.11.03-11.28.40:883][489]LogModuleManager: Shutting down and abandoning module MacTargetPlatform (99)
[2018.11.03-11.28.40:883][489]LogModuleManager: Shutting down and abandoning module MacServerTargetPlatform (97)
[2018.11.03-11.28.40:883][489]LogModuleManager: Shutting down and abandoning module MacNoEditorTargetPlatform (95)
[2018.11.03-11.28.40:883][489]LogModuleManager: Shutting down and abandoning module MacClientTargetPlatform (93)
[2018.11.03-11.28.40:883][489]LogModuleManager: Shutting down and abandoning module AllDesktopTargetPlatform (91)
[2018.11.03-11.28.40:883][489]LogModuleManager: Shutting down and abandoning module InputCore (88)
[2018.11.03-11.28.40:883][489]LogModuleManager: Shutting down and abandoning module Settings (86)
[2018.11.03-11.28.40:883][489]LogModuleManager: Shutting down and abandoning module PhysXCooking (84)
[2018.11.03-11.28.40:883][489]LogModuleManager: Shutting down and abandoning module SteamVR (82)
[2018.11.03-11.28.40:883][489]LogModuleManager: Shutting down and abandoning module OculusHMD (80)
[2018.11.03-11.28.40:883][489]LogModuleManager: Shutting down and abandoning module ExampleDeviceProfileSelector (78)
[2018.11.03-11.28.40:883][489]LogModuleManager: Shutting down and abandoning module LauncherChunkInstaller (76)
[2018.11.03-11.28.40:883][489]LogModuleManager: Shutting down and abandoning module OnlineBlueprintSupport (74)
[2018.11.03-11.28.40:883][489]LogModuleManager: Shutting down and abandoning module OnlineSubsystem (70)
[2018.11.03-11.28.40:888][489]LogModuleManager: Shutting down and abandoning module XMPP (65)
[2018.11.03-11.28.40:888][489]LogModuleManager: Shutting down and abandoning module WebSockets (64)
[2018.11.03-11.28.40:906][489]LogModuleManager: Shutting down and abandoning module HTTP (61)
[2018.11.03-11.28.40:907][489]LogHttp: Display: Http module shutting down, but needs to wait on 1 outstanding Http requests:
[2018.11.03-11.28.40:907][489]LogHttp: Display: 	verb=[POST] url=[https://datarouter.ol.epicgames.com/datarouter/api/v1/public/data?SessionID=%7B56AA6CC4-4178-6934-DBE2-32AE2341DC75%7D&AppID=UEEditor.Rocket.Release&AppVersion=4.20.2-4302132%2B%2B%2BUE4%2BRelease-4.20&UserID=13d9fa7b41c1559305e9a79df4d54a11%7C96a361a4deaf442095fbbdfc4237100f%7C55280819-2524-4757-bde6-a0477dea7ea0&AppEnvironment=datacollector-binary&UploadType=eteventstream] status=Processing
[2018.11.03-11.28.40:941][489]LogModuleManager: Shutting down and abandoning module SSL (60)
[2018.11.03-11.28.40:944][489]LogModuleManager: Shutting down and abandoning module MagicLeapEmulator (56)
[2018.11.03-11.28.40:944][489]LogModuleManager: Shutting down and abandoning module MagicLeapPrivileges (54)
[2018.11.03-11.28.40:944][489]LogModuleManager: Shutting down and abandoning module MagicLeapIdentity (52)
[2018.11.03-11.28.40:944][489]LogModuleManager: Shutting down and abandoning module MagicLeapHelperVulkan (50)
[2018.11.03-11.28.40:944][489]LogModuleManager: Shutting down and abandoning module MagicLeapHelperOpenGL (48)
[2018.11.03-11.28.40:944][489]LogModuleManager: Shutting down and abandoning module MagicLeapSecureStorage (46)
[2018.11.03-11.28.40:944][489]LogModuleManager: Shutting down and abandoning module MagicLeapGestures (44)
[2018.11.03-11.28.40:944][489]LogModuleManager: Shutting down and abandoning module MagicLeapEyeTracker (42)
[2018.11.03-11.28.40:944][489]LogModuleManager: Shutting down and abandoning module MagicLeapController (40)
[2018.11.03-11.28.40:944][489]LogSlate: Slate User Destroyed.  User Index 0, Is Virtual User: 0
[2018.11.03-11.28.40:955][489]LogModuleManager: Shutting down and abandoning module MagicLeap (38)
[2018.11.03-11.28.40:956][489]LogModuleManager: Shutting down and abandoning module AnimationModifiers (36)
[2018.11.03-11.28.40:956][489]LogModuleManager: Shutting down and abandoning module PropertyEditor (35)
[2018.11.03-11.28.40:956][489]LogModuleManager: Shutting down and abandoning module AudioEditor (32)
[2018.11.03-11.28.40:956][489]LogModuleManager: Shutting down and abandoning module TextureCompressor (30)
[2018.11.03-11.28.40:956][489]LogModuleManager: Shutting down and abandoning module ShaderCore (28)
[2018.11.03-11.28.40:956][489]LogModuleManager: Shutting down and abandoning module Landscape (26)
[2018.11.03-11.28.40:956][489]LogModuleManager: Shutting down and abandoning module SlateRHIRenderer (24)
[2018.11.03-11.28.40:958][489]LogModuleManager: Shutting down and abandoning module OpenGLDrv (22)
[2018.11.03-11.28.40:958][489]LogModuleManager: Shutting down and abandoning module D3D11RHI (20)
[2018.11.03-11.28.40:958][489]LogModuleManager: Shutting down and abandoning module AnimGraphRuntime (18)
[2018.11.03-11.28.40:959][489]LogModuleManager: Shutting down and abandoning module Renderer (16)
[2018.11.03-11.28.40:959][489]LogModuleManager: Shutting down and abandoning module Engine (14)
[2018.11.03-11.28.40:959][489]LogModuleManager: Shutting down and abandoning module CoreUObject (12)
[2018.11.03-11.28.40:959][489]LogModuleManager: Shutting down and abandoning module NetworkFile (10)
[2018.11.03-11.28.40:959][489]LogModuleManager: Shutting down and abandoning module CookedIterativeFile (8)
[2018.11.03-11.28.40:959][489]LogModuleManager: Shutting down and abandoning module StreamingFile (6)
[2018.11.03-11.28.40:959][489]LogModuleManager: Shutting down and abandoning module SandboxFile (4)
[2018.11.03-11.28.40:959][489]LogModuleManager: Shutting down and abandoning module PakFile (2)
[2018.11.03-11.28.41:005][489]LogExit: Exiting.
[2018.11.03-11.28.41:011][489]Log file closed, 11/03/18 19:28:41
