Log file open, 11/03/18 19:32:06
LogWindows: Failed to load 'aqProf.dll' (GetLastError=126)
LogWindows: File 'aqProf.dll' does not exist
LogWindows: Failed to load 'VSPerf140.dll' (GetLastError=126)
LogWindows: File 'VSPerf140.dll' does not exist
LogWindows: Failed to load 'VtuneApi.dll' (GetLastError=126)
LogWindows: File 'VtuneApi.dll' does not exist
LogWindows: Failed to load 'VtuneApi32e.dll' (GetLastError=126)
LogWindows: File 'VtuneApi32e.dll' does not exist
LogInit: Display: Running engine for game: MyFirst2DProject
LogPlatformFile: Not using cached read wrapper
LogTaskGraph: Started task graph with 5 named threads and 23 total threads with 3 sets of task threads.
LogStats: Stats thread started at 0.334574
LogD3D11RHI: Loaded GFSDK_Aftermath_Lib.x64.dll
LogICUInternationalization: Display: ICU TimeZone Detection - Raw Offset: +8:00, Platform Override: ''
LogPluginManager: Mounting plugin Paper2D
LogPluginManager: Mounting plugin AISupport
LogPluginManager: Mounting plugin LightPropagationVolume
LogPluginManager: Mounting plugin CLionSourceCodeAccess
LogPluginManager: Mounting plugin CodeLiteSourceCodeAccess
LogPluginManager: Mounting plugin GitSourceControl
LogPluginManager: Mounting plugin KDevelopSourceCodeAccess
LogPluginManager: Mounting plugin NullSourceCodeAccess
LogPluginManager: Mounting plugin PerforceSourceControl
LogPluginManager: Mounting plugin SubversionSourceControl
LogPluginManager: Mounting plugin UObjectPlugin
LogPluginManager: Mounting plugin VisualStudioCodeSourceCodeAccess
LogPluginManager: Mounting plugin VisualStudioSourceCodeAccess
LogPluginManager: Mounting plugin XCodeSourceCodeAccess
LogPluginManager: Mounting plugin AssetManagerEditor
LogPluginManager: Mounting plugin CryptoKeys
LogPluginManager: Mounting plugin DataValidation
LogPluginManager: Mounting plugin FacialAnimation
LogPluginManager: Mounting plugin GameplayTagsEditor
LogPluginManager: Mounting plugin MacGraphicsSwitching
LogPluginManager: Mounting plugin MeshEditor
LogPluginManager: Mounting plugin MobileLauncherProfileWizard
LogPluginManager: Mounting plugin PluginBrowser
LogPluginManager: Mounting plugin SpeedTreeImporter
LogPluginManager: Mounting plugin DatasmithContent
LogPluginManager: Mounting plugin AlembicImporter
LogPluginManager: Mounting plugin AppleImageUtils
LogPluginManager: Mounting plugin AppleVision
LogPluginManager: Mounting plugin BackChannel
LogPluginManager: Mounting plugin CharacterAI
LogPluginManager: Mounting plugin GeometryCache
LogPluginManager: Mounting plugin HTML5Networking
LogPluginManager: Mounting plugin ProxyLODPlugin
LogPluginManager: Mounting plugin MagicLeap
LogPluginManager: Mounting plugin MagicLeapEmulator
LogPluginManager: Mounting plugin MagicLeapMedia
LogPluginManager: Mounting plugin AndroidMedia
LogPluginManager: Mounting plugin AvfMedia
LogPluginManager: Mounting plugin ImgMedia
LogPluginManager: Mounting plugin LinearTimecode
LogPluginManager: Mounting plugin MediaCompositing
LogPluginManager: Mounting plugin MediaPlayerEditor
LogPluginManager: Mounting plugin WmfMedia
LogPluginManager: Mounting plugin TcpMessaging
LogPluginManager: Mounting plugin UdpMessaging
LogPluginManager: Mounting plugin ActorSequence
LogPluginManager: Mounting plugin LevelSequenceEditor
LogPluginManager: Mounting plugin MatineeToLevelSequence
LogPluginManager: Mounting plugin NetcodeUnitTest
LogPluginManager: Mounting plugin NUTUnrealEngine4
LogPluginManager: Mounting plugin OnlineSubsystemGooglePlay
LogPluginManager: Mounting plugin OnlineSubsystemIOS
LogPluginManager: Mounting plugin OnlineSubsystem
LogPluginManager: Mounting plugin OnlineSubsystemNull
LogPluginManager: Mounting plugin OnlineSubsystemUtils
LogPluginManager: Mounting plugin LauncherChunkInstaller
LogPluginManager: Mounting plugin AndroidDeviceProfileSelector
LogPluginManager: Mounting plugin AndroidMoviePlayer
LogPluginManager: Mounting plugin AndroidPermission
LogPluginManager: Mounting plugin AppleMoviePlayer
LogPluginManager: Mounting plugin ArchVisCharacter
LogPluginManager: Mounting plugin AudioCapture
LogPluginManager: Mounting plugin CableComponent
LogPluginManager: Mounting plugin CustomMeshComponent
LogPluginManager: Mounting plugin EditableMesh
LogPluginManager: Mounting plugin ExampleDeviceProfileSelector
LogPluginManager: Mounting plugin GoogleCloudMessaging
LogPluginManager: Mounting plugin ImmediatePhysics
LogPluginManager: Mounting plugin IOSDeviceProfileSelector
LogPluginManager: Mounting plugin LinuxDeviceProfileSelector
LogPluginManager: Mounting plugin LocationServicesBPLibrary
LogPluginManager: Mounting plugin MobilePatchingUtils
LogPluginManager: Mounting plugin OculusVR
LogPluginManager: Plugin shader directory ../../../Engine/Plugins/Runtime/Oculus/OculusVR/Shaders found
LogPluginManager: Mapping shader source directory ../../../Engine/Plugins/Runtime/Oculus/OculusVR/Shaders to virtual directory /Plugin/OculusVR
LogPluginManager: Mounting plugin PhysXVehicles
LogPluginManager: Mounting plugin ProceduralMeshComponent
LogPluginManager: Mounting plugin RuntimePhysXCooking
LogPluginManager: Mounting plugin SteamVR
LogPluginManager: Mounting plugin WindowsMoviePlayer
LogStreaming: Display: Took  0.487s to configure plugins.
LogInit: Using libcurl 7.55.1-DEV
LogInit:  - built for x86_64-pc-win32
LogInit:  - supports SSL with OpenSSL/1.0.2h
LogInit:  - supports HTTP deflate (compression) using libz 1.2.8
LogInit:  - other features:
LogInit:      CURL_VERSION_SSL
LogInit:      CURL_VERSION_LIBZ
LogInit:      CURL_VERSION_IPV6
LogInit:      CURL_VERSION_ASYNCHDNS
LogInit:      CURL_VERSION_LARGEFILE
LogInit:      CURL_VERSION_IDN
LogInit:  CurlRequestOptions (configurable via config and command line):
LogInit:  - bVerifyPeer = false  - Libcurl will NOT verify peer certificate
LogInit:  - bUseHttpProxy = false  - Libcurl will NOT use HTTP proxy
LogInit:  - bDontReuseConnections = false  - Libcurl will reuse connections
LogInit:  - CertBundlePath = nullptr  - Libcurl will use whatever was configured at build time.
LogInit:  - MaxHostConnections = 16  - Libcurl will limit the number of connections to a host
LogInit:  - LocalHostAddr = Default
LogInit:  - BufferSize = 65536
LogInit: WinSock: version 1.1 (2.2), MaxSocks=32767, MaxUdp=65467
LogInit: Build: ++UE4+Release-4.20-CL-4302132
LogInit: Engine Version: 4.20.2-4302132+++UE4+Release-4.20
LogInit: Compatible Engine Version: 4.20.0-4212847+++UE4+Release-4.20
LogInit: Net CL: 4212847
LogInit: OS: Windows 10 (), CPU: Intel(R) Core(TM) i7-6700HQ CPU @ 2.60GHz, GPU: Intel(R) HD Graphics 530
LogInit: Compiled (64-bit): Aug 21 2018 02:06:06
LogInit: Compiled with Visual C++: 19.13.26129.00
LogInit: Build Configuration: Development
LogInit: Branch Name: ++UE4+Release-4.20
LogInit: Command Line: 
LogInit: Base Directory: D:/unreal/Unrealengine/UE_4.20/Engine/Binaries/Win64/
LogInit: Installed Engine Build: 1
LogDevObjectVersion: Number of dev versions registered: 20
LogDevObjectVersion:   Dev-Blueprints (B0D832E4-1F89-4F0D-ACCF-7EB736FD4AA2): 10
LogDevObjectVersion:   Dev-Build (E1C64328-A22C-4D53-A36C-8E866417BD8C): 0
LogDevObjectVersion:   Dev-Core (375EC13C-06E4-48FB-B500-84F0262A717E): 2
LogDevObjectVersion:   Dev-Editor (E4B068ED-F494-42E9-A231-DA0B2E46BB41): 24
LogDevObjectVersion:   Dev-Framework (CFFC743F-43B0-4480-9391-14DF171D2073): 34
LogDevObjectVersion:   Dev-Mobile (B02B49B5-BB20-44E9-A304-32B752E40360): 2
LogDevObjectVersion:   Dev-Networking (A4E4105C-59A1-49B5-A7C5-40C4547EDFEE): 0
LogDevObjectVersion:   Dev-Online (39C831C9-5AE6-47DC-9A44-9C173E1C8E7C): 0
LogDevObjectVersion:   Dev-Physics (78F01B33-EBEA-4F98-B9B4-84EACCB95AA2): 0
LogDevObjectVersion:   Dev-Platform (6631380F-2D4D-43E0-8009-CF276956A95A): 0
LogDevObjectVersion:   Dev-Rendering (12F88B9F-8875-4AFC-A67C-D90C383ABD29): 26
LogDevObjectVersion:   Dev-Sequencer (7B5AE74C-D270-4C10-A958-57980B212A5A): 9
LogDevObjectVersion:   Dev-VR (D7296918-1DD6-4BDD-9DE2-64A83CC13884): 2
LogDevObjectVersion:   Dev-LoadTimes (C2A15278-BFE7-4AFE-6C17-90FF531DF755): 1
LogDevObjectVersion:   Private-Geometry (6EACA3D4-40EC-4CC1-B786-8BED09428FC5): 3
LogDevObjectVersion:   Dev-AnimPhys (29E575DD-E0A3-4627-9D10-D276232CDCEA): 17
LogDevObjectVersion:   Dev-ReflectionCapture (6B266CEC-1EC7-4B8F-A30B-E4D90942FC07): 1
LogDevObjectVersion:   Dev-Automation (0DF73D61-A23F-47EA-B727-89E90C41499A): 1
LogDevObjectVersion:   FortniteMain (601D1886-AC64-4F84-AA16-D3DE0DEAC7D6): 12
LogDevObjectVersion:   Dev-Enterprise (9DFFBCD6-494F-0158-E221-12823C92A888): 1
LogStreaming: Display: Took  0.002s to delete old logs.
LogInit: Presizing for max 8388607 objects, including 0 objects not considered by GC, pre-allocating 0 bytes for permanent pool.
LogInit: Object subsystem initialized
[2018.11.03-11.32.07:240][  0]LogInit: Selected Device Profile: [Windows]
[2018.11.03-11.32.07:240][  0]LogInit: Applying CVar settings loaded from the selected device profile: [Windows]
[2018.11.03-11.32.07:283][  0]LogHAL: Display: Platform has ~ 8 GB [8474361856 / 8589934592 / 8], which maps to Default [LargestMinGB=32, LargerMinGB=12, DefaultMinGB=8, SmallerMinGB=6, SmallestMinGB=0)
[2018.11.03-11.32.07:283][  0]LogInit: Setting Device Profile CVar: [[r.Vulkan.UseRealUBs:1]]
[2018.11.03-11.32.07:283][  0]LogInit: Going up to parent DeviceProfile []
[2018.11.03-11.32.07:284][  0]LogInit: Computer: LAPTOP-JLSSE705
[2018.11.03-11.32.07:284][  0]LogInit: User: 李仁杰
[2018.11.03-11.32.07:284][  0]LogInit: CPU Page size=4096, Cores=4
[2018.11.03-11.32.07:284][  0]LogInit: High frequency timer resolution =2.531252 MHz
[2018.11.03-11.32.07:284][  0]LogMemory: Memory total: Physical=7.9GB (8GB approx)
[2018.11.03-11.32.07:284][  0]LogMemory: Platform Memory Stats for Windows
[2018.11.03-11.32.07:285][  0]LogMemory: Process Physical Memory: 101.25 MB used, 101.25 MB peak
[2018.11.03-11.32.07:285][  0]LogMemory: Process Virtual Memory: 89.58 MB used, 89.58 MB peak
[2018.11.03-11.32.07:285][  0]LogMemory: Physical Memory: 5924.11 MB used,  2157.67 MB free, 8081.78 MB total
[2018.11.03-11.32.07:285][  0]LogMemory: Virtual Memory: 4643.48 MB used,  2157.67 MB free, 134217728.00 MB total
[2018.11.03-11.32.07:353][  0]LogInit: Overriding language with editor language configuration option (en).
[2018.11.03-11.32.07:353][  0]LogInit: Overriding locale with editor locale configuration option (en).
[2018.11.03-11.32.08:044][  0]LogStreaming: Display: Took  0.691s to InitEngineTextLocalization.
[2018.11.03-11.32.08:045][  0]LogInit: Setting process to per monitor DPI aware
[2018.11.03-11.32.08:165][  0]LogSlate: New Slate User Created.  User Index 0, Is Virtual User: 0
[2018.11.03-11.32.08:165][  0]LogSlate: Slate User Registered.  User Index 0, Is Virtual User: 0
[2018.11.03-11.32.08:891][  0]LogHMD: Failed to initialize OpenVR with code 110
[2018.11.03-11.32.08:891][  0]LogD3D11RHI: D3D11 adapters:
[2018.11.03-11.32.09:008][  0]LogD3D11RHI:    0. 'NVIDIA GeForce GTX 965M' (Feature Level 11_0)
[2018.11.03-11.32.09:008][  0]LogD3D11RHI:       4053/0/4040 MB DedicatedVideo/DedicatedSystem/SharedSystem, Outputs:1, VendorId:0x10de
[2018.11.03-11.32.09:026][  0]LogD3D11RHI:    1. 'Intel(R) HD Graphics 530' (Feature Level 11_0)
[2018.11.03-11.32.09:026][  0]LogD3D11RHI:       128/0/4040 MB DedicatedVideo/DedicatedSystem/SharedSystem, Outputs:0, VendorId:0x8086
[2018.11.03-11.32.09:033][  0]LogD3D11RHI:    2. 'Microsoft Basic Render Driver' (Feature Level 11_0)
[2018.11.03-11.32.09:033][  0]LogD3D11RHI:       0/0/4040 MB DedicatedVideo/DedicatedSystem/SharedSystem, Outputs:0, VendorId:0x1414
[2018.11.03-11.32.09:033][  0]LogD3D11RHI: Chosen D3D11 Adapter: 0
[2018.11.03-11.32.09:102][  0]LogD3D11RHI: Creating new Direct3DDevice
[2018.11.03-11.32.09:102][  0]LogD3D11RHI:     GPU DeviceId: 0x1427 (for the marketing name, search the web for "GPU Device Id")
[2018.11.03-11.32.09:102][  0]LogWindows: EnumDisplayDevices:
[2018.11.03-11.32.09:102][  0]LogWindows:    0. 'Intel(R) HD Graphics 530' (P:1 D:1)
[2018.11.03-11.32.09:103][  0]LogWindows:    1. 'Intel(R) HD Graphics 530' (P:0 D:0)
[2018.11.03-11.32.09:103][  0]LogWindows:    2. 'Intel(R) HD Graphics 530' (P:0 D:0)
[2018.11.03-11.32.09:104][  0]LogWindows:    3. 'NVIDIA GeForce GTX 965M' (P:0 D:0)
[2018.11.03-11.32.09:104][  0]LogWindows: DebugString: PrimaryIsNotTheChoosenAdapter PrimaryIsNotTheChoosenAdapter PrimaryIsNotTheChoosenAdapter 
[2018.11.03-11.32.09:104][  0]LogD3D11RHI:     Adapter Name: NVIDIA GeForce GTX 965M
[2018.11.03-11.32.09:104][  0]LogD3D11RHI:   Driver Version: 398.36 (internal:24.21.13.9836, unified:398.36)
[2018.11.03-11.32.09:104][  0]LogD3D11RHI:      Driver Date: 6-24-2018
[2018.11.03-11.32.09:104][  0]LogRHI: Texture pool is 2837 MB (70% of 4053 MB)
[2018.11.03-11.32.09:179][  0]LogD3D11RHI: Async texture creation enabled
[2018.11.03-11.32.09:240][  0]LogD3D11RHI: GPU Timing Frequency: 1000.000000 (Debug: 2 2)
[2018.11.03-11.32.09:242][  0]LogShaderCompilers: Guid format shader working directory is -7 characters bigger than the processId version (../../../../../../unreal projects/MyFirst2DProject/Intermediate/Shaders/WorkingDirectory/12100/).
[2018.11.03-11.32.09:243][  0]LogShaderCompilers: Cleaned the shader compiler working directory 'C:/Users/李仁杰/AppData/Local/Temp/UnrealShaderWorkingDir/2CCCA1864660A5DB8061C290E330B351/'.
[2018.11.03-11.32.09:837][  0]LogTemp: Display: Loaded TP AllDesktopTargetPlatform
[2018.11.03-11.32.09:856][  0]LogTemp: Display: Loaded TP MacClientTargetPlatform
[2018.11.03-11.32.09:876][  0]LogTemp: Display: Loaded TP MacNoEditorTargetPlatform
[2018.11.03-11.32.09:903][  0]LogTemp: Display: Loaded TP MacServerTargetPlatform
[2018.11.03-11.32.09:927][  0]LogTemp: Display: Loaded TP MacTargetPlatform
[2018.11.03-11.32.09:946][  0]LogTemp: Display: Loaded TP WindowsClientTargetPlatform
[2018.11.03-11.32.09:971][  0]LogTemp: Display: Loaded TP WindowsNoEditorTargetPlatform
[2018.11.03-11.32.09:993][  0]LogTemp: Display: Loaded TP WindowsServerTargetPlatform
[2018.11.03-11.32.10:004][  0]LogTemp: Display: Loaded TP WindowsTargetPlatform
[2018.11.03-11.32.10:127][  0]LogTemp: Display: Loaded TP AndroidTargetPlatform
[2018.11.03-11.32.10:127][  0]LogTemp: Display: Loaded TP AndroidTargetPlatform
[2018.11.03-11.32.10:127][  0]LogTemp: Display: Loaded TP AndroidTargetPlatform
[2018.11.03-11.32.10:127][  0]LogTemp: Display: Loaded TP AndroidTargetPlatform
[2018.11.03-11.32.10:127][  0]LogTemp: Display: Loaded TP AndroidTargetPlatform
[2018.11.03-11.32.10:127][  0]LogTemp: Display: Loaded TP AndroidTargetPlatform
[2018.11.03-11.32.10:127][  0]LogTemp: Display: Loaded TP AndroidTargetPlatform
[2018.11.03-11.32.10:127][  0]LogTemp: Display: Loaded TP AndroidTargetPlatform
[2018.11.03-11.32.10:127][  0]LogTemp: Display: Loaded TP AndroidTargetPlatform
[2018.11.03-11.32.10:127][  0]LogTemp: Display: Loaded TP AndroidTargetPlatform
[2018.11.03-11.32.10:127][  0]LogTemp: Display: Loaded TP AndroidTargetPlatform
[2018.11.03-11.32.10:127][  0]LogTemp: Display: Loaded TP AndroidTargetPlatform
[2018.11.03-11.32.10:127][  0]LogTemp: Display: Loaded TP AndroidTargetPlatform
[2018.11.03-11.32.10:127][  0]LogTemp: Display: Loaded TP AndroidTargetPlatform
[2018.11.03-11.32.10:127][  0]LogTemp: Display: Loaded TP AndroidTargetPlatform
[2018.11.03-11.32.10:127][  0]LogTemp: Display: Loaded TP AndroidTargetPlatform
[2018.11.03-11.32.10:127][  0]LogTemp: Display: Loaded TP AndroidTargetPlatform
[2018.11.03-11.32.10:128][  0]LogTemp: Display: Loaded TP AndroidTargetPlatform
[2018.11.03-11.32.10:132][  0]LogTemp: Display: Loaded TP HTML5TargetPlatform
[2018.11.03-11.32.10:212][  0]LogTemp: Display: Loaded TP IOSTargetPlatform
[2018.11.03-11.32.10:212][  0]LogTemp: Display: Loaded TP IOSTargetPlatform
[2018.11.03-11.32.10:248][  0]LogTemp: Display: Loaded TP TVOSTargetPlatform
[2018.11.03-11.32.10:248][  0]LogTemp: Display: Loaded TP TVOSTargetPlatform
[2018.11.03-11.32.10:270][  0]LogTemp: Display: Loaded TP LinuxClientTargetPlatform
[2018.11.03-11.32.10:291][  0]LogTemp: Display: Loaded TP LinuxNoEditorTargetPlatform
[2018.11.03-11.32.10:316][  0]LogTemp: Display: Loaded TP LinuxServerTargetPlatform
[2018.11.03-11.32.10:338][  0]LogTemp: Display: Loaded TP LinuxTargetPlatform
[2018.11.03-11.32.10:354][  0]LogTemp: Display: Loaded TP LuminTargetPlatform
[2018.11.03-11.32.10:354][  0]LogTargetPlatformManager: Display: Building Assets For Windows
[2018.11.03-11.32.10:455][  0]LogXGEController: Cannot use XGE Controller as Incredibuild is not installed on this machine.
[2018.11.03-11.32.10:455][  0]LogShaderCompilers: Cannot use XGE Shader Compiler as Incredibuild is not installed on this machine.
[2018.11.03-11.32.10:455][  0]LogShaderCompilers: Display: Using Local Shader Compiler.
[2018.11.03-11.32.11:670][  0]LogDerivedDataCache: Display: Max Cache Size: 512 MB
[2018.11.03-11.32.11:793][  0]LogDerivedDataCache: Loaded boot cache 0.12s 71MB C:/Users/李仁杰/AppData/Local/UnrealEngine/4.20/DerivedDataCache/Boot.ddc.
[2018.11.03-11.32.11:793][  0]LogDerivedDataCache: Display: Loaded Boot cache: C:/Users/李仁杰/AppData/Local/UnrealEngine/4.20/DerivedDataCache/Boot.ddc
[2018.11.03-11.32.11:793][  0]LogDerivedDataCache: FDerivedDataBackendGraph:  Pak pak cache file ../../../../../../unreal projects/MyFirst2DProject/DerivedDataCache/DDC.ddp not found, will not use a pak cache.
[2018.11.03-11.32.11:793][  0]LogDerivedDataCache: Unable to find inner node Pak for hierarchical cache Hierarchy.
[2018.11.03-11.32.11:793][  0]LogDerivedDataCache: FDerivedDataBackendGraph:  CompressedPak pak cache file ../../../../../../unreal projects/MyFirst2DProject/DerivedDataCache/Compressed.ddp not found, will not use a pak cache.
[2018.11.03-11.32.11:794][  0]LogDerivedDataCache: Unable to find inner node CompressedPak for hierarchical cache Hierarchy.
[2018.11.03-11.32.11:812][  0]LogDerivedDataCache: Display: Pak cache opened for reading ../../../Engine/DerivedDataCache/Compressed.ddp.
[2018.11.03-11.32.11:827][  0]LogDerivedDataCache: Using Local data cache path C:/Users/李仁杰/AppData/Local/UnrealEngine/Common/DerivedDataCache: Writable
[2018.11.03-11.32.11:827][  0]LogDerivedDataCache: Shared data cache path not found in *engine.ini, will not use an Shared cache.
[2018.11.03-11.32.11:827][  0]LogDerivedDataCache: Unable to find inner node Shared for hierarchical cache Hierarchy.
[2018.11.03-11.32.11:866][  0]LogMaterial: Verifying Global Shaders for PCD3D_SM5
[2018.11.03-11.32.11:868][  0]LogSlate: Using FreeType 2.6.0
[2018.11.03-11.32.11:869][  0]LogSlate: SlateFontServices - WITH_FREETYPE: 1, WITH_HARFBUZZ: 1
[2018.11.03-11.32.12:018][  0]LogAssetRegistry: FAssetRegistry took 0.0303 seconds to start up
[2018.11.03-11.32.12:659][  0]LogInit: Selected Device Profile: [Windows]
[2018.11.03-11.32.12:905][  0]LogSimplygon: Simplygon DLL not present - disabling.
[2018.11.03-11.32.12:916][  0]LogMeshReduction: Using SimplygonSwarm for distributed automatic mesh merging
[2018.11.03-11.32.12:916][  0]LogMeshReduction: Using ProxyLODMeshReduction for automatic mesh merging
[2018.11.03-11.32.12:916][  0]LogMeshReduction: Using QuadricMeshReduction for automatic static mesh reduction
[2018.11.03-11.32.12:916][  0]LogMeshReduction: No automatic skeletal mesh reduction module available
[2018.11.03-11.32.12:965][  0]LogNetVersion: MyFirst2DProject 1.0.0, NetCL: 4212847, EngineNetVer: 5, GameNetVer: 0 (Checksum: 2512067949)
[2018.11.03-11.32.14:057][  0]LogPackageLocalizationCache: Processed 11 localized package path(s) for 1 prioritized culture(s) in 0.224908 seconds
[2018.11.03-11.32.14:073][  0]LogUObjectArray: 38425 objects as part of root set at end of initial load.
[2018.11.03-11.32.14:073][  0]LogUObjectAllocator: 6690864 out of 0 bytes used by permanent object pool.
[2018.11.03-11.32.14:073][  0]LogUObjectArray: CloseDisregardForGC: 0/0 objects in disregard for GC pool
[2018.11.03-11.32.15:897][  0]LogTcpMessaging: Initializing TcpMessaging bridge
[2018.11.03-11.32.15:916][  0]LogUdpMessaging: Initializing bridge on interface 0.0.0.0:0 to multicast group 230.0.0.1:6666.
[2018.11.03-11.32.16:170][  0]SourceControl: Source control is disabled
[2018.11.03-11.32.16:171][  0]SourceControl: Source control is disabled
[2018.11.03-11.32.16:174][  0]SourceControl: Source control is disabled
[2018.11.03-11.32.16:179][  0]SourceControl: Source control is disabled
[2018.11.03-11.32.16:466][  0]LogAndroidPermission: UAndroidPermissionCallbackProxy::GetInstance
[2018.11.03-11.32.16:607][  0]LogOcInput: OculusInput pre-init called
[2018.11.03-11.32.16:696][  0]LogEngine: Initializing Engine...
[2018.11.03-11.32.16:699][  0]LogHMD: Failed to initialize OpenVR with code 110
[2018.11.03-11.32.16:702][  0]LogStats: UGameplayTagsManager::ConstructGameplayTagTree: ImportINI prefixes -  0.000 s
[2018.11.03-11.32.16:702][  0]LogStats: UGameplayTagsManager::ConstructGameplayTagTree: Construct from data asset -  0.000 s
[2018.11.03-11.32.16:702][  0]LogStats: UGameplayTagsManager::ConstructGameplayTagTree: ImportINI -  0.000 s
[2018.11.03-11.32.16:703][  0]LogStats: UGameplayTagsManager::ConstructGameplayTagTree: GameplayTagTreeChangedEvent.Broadcast -  0.000 s
[2018.11.03-11.32.17:104][  0]LogInit: Initializing FReadOnlyCVARCache
[2018.11.03-11.32.17:127][  0]LogAIModule: Creating AISystem for world Untitled
[2018.11.03-11.32.17:163][  0]LogInit: XAudio2 using '喇叭/耳机 (Realtek High Definition Audio)' : 2 channels at 48 kHz using 32 bits per sample (channel mask 0x3)
[2018.11.03-11.32.17:208][  0]LogInit: FAudioDevice initialized.
[2018.11.03-11.32.17:209][  0]LogNetVersion: Set ProjectVersion to 1.0.0.0. Version Checksum will be recalculated on next use.
[2018.11.03-11.32.17:387][  0]LogDerivedDataCache: Saved boot cache 0.18s 71MB C:/Users/李仁杰/AppData/Local/UnrealEngine/4.20/DerivedDataCache/Boot.ddc.
[2018.11.03-11.32.17:410][  0]LogInit: Texture streaming: Enabled
[2018.11.03-11.32.17:443][  0]LogEngineSessionManager: EngineSessionManager initialized
[2018.11.03-11.32.17:487][  0]LogInit: Transaction tracking system initialized
[2018.11.03-11.32.17:519][  0]BlueprintLog: New page: Editor Load
[2018.11.03-11.32.17:647][  0]LocalizationService: Localization service is disabled
[2018.11.03-11.32.18:172][  0]LogCook: Display: Max memory allowance for cook 16384mb min free memory 0mb
[2018.11.03-11.32.18:172][  0]LogCook: Display: Mobile HDR setting 1
[2018.11.03-11.32.18:172][  0]LogGameplayTags: Display: UGameplayTagsManager::DoneAddingNativeTags. DelegateIsBound: 0
[2018.11.03-11.32.18:172][  0]LogStats: UGameplayTagsManager::ConstructGameplayTagTree: ImportINI prefixes -  0.000 s
[2018.11.03-11.32.18:172][  0]LogStats: UGameplayTagsManager::ConstructGameplayTagTree: Construct from data asset -  0.000 s
[2018.11.03-11.32.18:172][  0]LogStats: UGameplayTagsManager::ConstructGameplayTagTree: ImportINI -  0.000 s
[2018.11.03-11.32.18:172][  0]LogStats: UGameplayTagsManager::ConstructGameplayTagTree: GameplayTagTreeChangedEvent.Broadcast -  0.000 s
[2018.11.03-11.32.18:404][  0]LogFileCache: Scanning file cache for directory 'D:/unreal projects/MyFirst2DProject/Content/' took 0.02s
[2018.11.03-11.32.18:404][  0]SourceControl: Source control is disabled
[2018.11.03-11.32.18:404][  0]Cmd: MAP LOAD FILE="../../../../../../unreal projects/MyFirst2DProject/Content/2DSideScrollerBP/Maps/2DSideScrollerExampleMap.umap" TEMPLATE=0 SHOWPROGRESS=1 FEATURELEVEL=3
[2018.11.03-11.32.18:405][  0]LightingResults: New page: Lighting Build
[2018.11.03-11.32.18:407][  0]MapCheck: New page: Map Check
[2018.11.03-11.32.18:407][  0]LightingResults: New page: Lighting Build
[2018.11.03-11.32.19:039][  0]LogAIModule: Creating AISystem for world 2DSideScrollerExampleMap
[2018.11.03-11.32.19:070][  0]LogEditorServer: Finished looking for orphan Actors (0.000 secs)
[2018.11.03-11.32.19:104][  0]Cmd: MAP CHECKDEP NOCLEARLOG
[2018.11.03-11.32.19:266][  0]MapCheck: Map check complete: 0 Error(s), 0 Warning(s), took 161.353ms to complete.
[2018.11.03-11.32.19:267][  0]LogFileHelpers: Loading map '2DSideScrollerExampleMap' took 0.863
[2018.11.03-11.32.19:415][  0]LogSlate: Updating window title bar state: overlay mode, drag disabled, window buttons hidden, title bar hidden
[2018.11.03-11.32.19:430][  0]LogSlate: Updating window title bar state: overlay mode, drag disabled, window buttons hidden, title bar hidden
[2018.11.03-11.32.19:441][  0]LogSlate: Updating window title bar state: overlay mode, drag disabled, window buttons hidden, title bar hidden
[2018.11.03-11.32.19:455][  0]LogSlate: Updating window title bar state: overlay mode, drag disabled, window buttons hidden, title bar hidden
[2018.11.03-11.32.19:467][  0]LogCollectionManager: Loaded 0 collections in 0.001969 seconds
[2018.11.03-11.32.19:517][  0]LogFileCache: Scanning file cache for directory 'D:/unreal projects/MyFirst2DProject/Saved/Collections/' took 0.01s
[2018.11.03-11.32.19:517][  0]LogFileCache: Scanning file cache for directory 'D:/unreal projects/MyFirst2DProject/Content/Developers/李仁杰/Collections/' took 0.01s
[2018.11.03-11.32.19:517][  0]LogFileCache: Scanning file cache for directory 'D:/unreal projects/MyFirst2DProject/Content/Collections/' took 0.01s
[2018.11.03-11.32.19:517][  0]LogCollectionManager: Rebuilt the GUID cache for 0 collections in 0.000001 seconds
[2018.11.03-11.32.19:529][  0]LogContentBrowser: Native class hierarchy populated in 0.0115 seconds. Added 2572 classes and 603 folders.
[2018.11.03-11.32.19:537][  0]LogContentBrowser: Native class hierarchy updated for 'WidgetCarousel' in 0.0004 seconds. Added 0 classes and 0 folders.
[2018.11.03-11.32.19:669][  0]LogContentBrowser: Native class hierarchy updated for 'AddContentDialog' in 0.0007 seconds. Added 0 classes and 0 folders.
[2018.11.03-11.32.19:682][  0]LogContentBrowser: Native class hierarchy updated for 'SceneOutliner' in 0.0004 seconds. Added 1 classes and 2 folders.
[2018.11.03-11.32.19:748][  0]LogContentBrowser: Native class hierarchy updated for 'HierarchicalLODOutliner' in 0.0005 seconds. Added 0 classes and 0 folders.
[2018.11.03-11.32.19:748][  0]LogLoad: (Engine Initialization) Total time: 16.13 seconds
[2018.11.03-11.32.19:748][  0]LogLoad: (Engine Initialization) Total Blueprint compile time: 0.00 seconds
[2018.11.03-11.32.19:800][  0]LogContentStreaming: Texture pool size now 1000 MB
[2018.11.03-11.32.19:802][  0]LogSlate: Took 0.000329 seconds to synchronously load lazily loaded font '../../../Engine/Content/Slate/Fonts/Roboto-Regular.ttf' (155K)
[2018.11.03-11.32.19:804][  0]LogSlate: Took 0.000411 seconds to synchronously load lazily loaded font '../../../Engine/Content/Slate/Fonts/Roboto-Bold.ttf' (160K)
[2018.11.03-11.32.19:812][  0]LogSlate: Took 0.001453 seconds to synchronously load lazily loaded font '../../../Engine/Content/Editor/Slate/Fonts/FontAwesome.ttf' (139K)
[2018.11.03-11.32.19:965][  0]LogSlate: Took 0.000376 seconds to synchronously load lazily loaded font '../../../Engine/Content/Slate/Fonts/Roboto-Light.ttf' (167K)
[2018.11.03-11.32.20:011][  1]LogRenderer: Reallocating scene render targets to support 572x280 Format 10 NumSamples 1 (Frame:1).
[2018.11.03-11.32.20:040][  1]LogAssetRegistry: Asset discovery search completed in 8.0452 seconds
[2018.11.03-11.32.20:042][  1]LogCollectionManager: Rebuilt the object cache for 0 collections in 0.000000 seconds (found 0 objects)
[2018.11.03-11.32.20:042][  1]LogCollectionManager: Fixed up redirectors for 0 collections in 0.000119 seconds (updated 0 objects)
[2018.11.03-11.32.29:833][249]LogSlate: FSceneViewport::OnFocusLost() reason 0
[2018.11.03-11.32.35:039][534]LogSlate: Took 0.000706 seconds to synchronously load lazily loaded font '../../../Engine/Content/Slate/Fonts/Roboto-Light.ttf' (167K)
[2018.11.03-11.32.35:055][534]LogAssetEditorManager: Opening Asset editor for Blueprint /Game/Block.Block
[2018.11.03-11.32.35:952][534]LogContentBrowser: Native class hierarchy updated for 'BlueprintGraph' in 0.0012 seconds. Added 116 classes and 0 folders.
[2018.11.03-11.32.37:366][534]LogSlate: Took 0.000728 seconds to synchronously load lazily loaded font '../../../Engine/Content/Slate/Fonts/Roboto-BoldCondensed.ttf' (158K)
[2018.11.03-11.32.37:670][535]LogSlate: Took 0.000657 seconds to synchronously load lazily loaded font '../../../Engine/Content/Slate/Fonts/Roboto-Italic.ttf' (157K)
[2018.11.03-11.38.49:513][161]BlueprintLog: New page: Compile Block
[2018.11.03-11.38.53:054][224]LogTemp: Repeating last play command: Selected Viewport
[2018.11.03-11.38.53:239][224]LogBlueprintUserMessages: Early PlayInEditor Detection: Level '/Game/2DSideScrollerBP/Maps/2DSideScrollerExampleMap.2DSideScrollerExampleMap:PersistentLevel' has LevelScriptBlueprint '/Game/2DSideScrollerBP/Maps/2DSideScrollerExampleMap.2DSideScrollerExampleMap:PersistentLevel.2DSideScrollerExampleMap' with GeneratedClass '/Game/2DSideScrollerBP/Maps/2DSideScrollerExampleMap.2DSideScrollerExampleMap_C' with ClassGeneratedBy '/Game/2DSideScrollerBP/Maps/2DSideScrollerExampleMap.2DSideScrollerExampleMap:PersistentLevel.2DSideScrollerExampleMap'
[2018.11.03-11.38.53:264][224]LogPlayLevel: PlayLevel: No blueprints needed recompiling
[2018.11.03-11.38.53:463][224]PIE: New page: PIE session: 2DSideScrollerExampleMap (Nov 4, 2018, 3:38:53 AM)
[2018.11.03-11.38.53:544][224]LogPlayLevel: Creating play world package: /Game/2DSideScrollerBP/Maps/UEDPIE_0_2DSideScrollerExampleMap
[2018.11.03-11.38.53:659][224]LogPlayLevel: PIE: StaticDuplicateObject took: (0.114253s)
[2018.11.03-11.38.53:724][224]LogAIModule: Creating AISystem for world 2DSideScrollerExampleMap
[2018.11.03-11.38.53:736][224]LogPlayLevel: PIE: World Init took: (0.076905s)
[2018.11.03-11.38.53:737][224]LogPlayLevel: PIE: Created PIE world by copying editor world from /Game/2DSideScrollerBP/Maps/2DSideScrollerExampleMap.2DSideScrollerExampleMap to /Game/2DSideScrollerBP/Maps/UEDPIE_0_2DSideScrollerExampleMap.2DSideScrollerExampleMap (0.191614s)
[2018.11.03-11.38.53:820][224]LogScript: Warning: Accessed None trying to read property CallFunc_GetPlayerController_ReturnValue
	GameINS_C /Engine/Transient.UnrealEdEngine_0:GameINS_C_0
	Function /Game/GameINS.GameINS_C:ExecuteUbergraph_GameINS:0684
[2018.11.03-11.38.53:888][224]LogInit: XAudio2 using '喇叭/耳机 (Realtek High Definition Audio)' : 2 channels at 48 kHz using 32 bits per sample (channel mask 0x3)
[2018.11.03-11.38.53:938][224]LogInit: FAudioDevice initialized.
[2018.11.03-11.38.54:071][224]LogSlate: Updating window title bar state: overlay mode, drag disabled, window buttons hidden, title bar hidden
[2018.11.03-11.38.54:292][224]LogLoad: Game class is '2DSideScrollerGameMode_C'
[2018.11.03-11.38.54:433][224]LogWorld: Bringing World /Game/2DSideScrollerBP/Maps/UEDPIE_0_2DSideScrollerExampleMap.2DSideScrollerExampleMap up for play (max tick rate 60) at 2018.11.03-19.38.54
[2018.11.03-11.38.54:454][224]LogWorld: Bringing up level for play took: 0.079497
[2018.11.03-11.38.54:668][224]LogContentBrowser: Native class hierarchy updated for 'MovieSceneCapture' in 0.0104 seconds. Added 10 classes and 0 folders.
[2018.11.03-11.38.54:712][224]PIE: Play in editor start time for /Game/2DSideScrollerBP/Maps/UEDPIE_0_2DSideScrollerExampleMap 0.759
[2018.11.03-11.38.54:727][224]LogBlueprintUserMessages: Late PlayInEditor Detection: Level '/Game/2DSideScrollerBP/Maps/2DSideScrollerExampleMap.2DSideScrollerExampleMap:PersistentLevel' has LevelScriptBlueprint '/Game/2DSideScrollerBP/Maps/2DSideScrollerExampleMap.2DSideScrollerExampleMap:PersistentLevel.2DSideScrollerExampleMap' with GeneratedClass '/Game/2DSideScrollerBP/Maps/2DSideScrollerExampleMap.2DSideScrollerExampleMap_C' with ClassGeneratedBy '/Game/2DSideScrollerBP/Maps/2DSideScrollerExampleMap.2DSideScrollerExampleMap:PersistentLevel.2DSideScrollerExampleMap'
[2018.11.03-11.38.55:264][224]LogRenderer: Reallocating scene render targets to support 1024x576 Format 10 NumSamples 1 (Frame:1).
[2018.11.03-11.38.56:272][261]LogBlueprintUserMessages: [0] level completed!
[2018.11.03-11.38.57:893][338]LogBlueprintUserMessages: [1] level completed!
[2018.11.03-11.38.59:412][412]LogSlate: FSceneViewport::OnFocusLost() reason 0
[2018.11.03-11.38.59:583][417]LogSlate: Window 'MyFirst2DProject Game Preview Standalone (64-bit/PCD3D_SM5)' being destroyed
[2018.11.03-11.38.59:600][417]LogBlueprintUserMessages: Early EndPlayMap Detection: Level '/Game/2DSideScrollerBP/Maps/2DSideScrollerExampleMap.2DSideScrollerExampleMap:PersistentLevel' has LevelScriptBlueprint '/Game/2DSideScrollerBP/Maps/2DSideScrollerExampleMap.2DSideScrollerExampleMap:PersistentLevel.2DSideScrollerExampleMap' with GeneratedClass '/Game/2DSideScrollerBP/Maps/2DSideScrollerExampleMap.2DSideScrollerExampleMap_C' with ClassGeneratedBy '/Game/2DSideScrollerBP/Maps/2DSideScrollerExampleMap.2DSideScrollerExampleMap:PersistentLevel.2DSideScrollerExampleMap'
[2018.11.03-11.38.59:786][417]LogPlayLevel: Display: Shutting down PIE online subsystems
[2018.11.03-11.38.59:786][417]LogBlueprintUserMessages: Late EndPlayMap Detection: Level '/Game/2DSideScrollerBP/Maps/2DSideScrollerExampleMap.2DSideScrollerExampleMap:PersistentLevel' has LevelScriptBlueprint '/Game/2DSideScrollerBP/Maps/2DSideScrollerExampleMap.2DSideScrollerExampleMap:PersistentLevel.2DSideScrollerExampleMap' with GeneratedClass '/Game/2DSideScrollerBP/Maps/2DSideScrollerExampleMap.2DSideScrollerExampleMap_C' with ClassGeneratedBy '/Game/2DSideScrollerBP/Maps/2DSideScrollerExampleMap.2DSideScrollerExampleMap:PersistentLevel.2DSideScrollerExampleMap'
[2018.11.03-11.39.00:194][418]LogPlayLevel: Display: Destroying online subsystem :Context_2
[2018.11.03-11.39.02:909][460]LogSlate: Window 'Save Content' being destroyed
[2018.11.03-11.39.04:821][460]LogSavePackage: Moving '../../../../../../unreal projects/MyFirst2DProject/Saved/2DSideScrollerExampleMapF153B6DC49AE7137B701C4AF3F1F8B26.tmp' to '../../../../../../unreal projects/MyFirst2DProject/Content/2DSideScrollerBP/Maps/2DSideScrollerExampleMap.umap'
[2018.11.03-11.39.04:954][460]LogFileHelpers: Saving map '2DSideScrollerExampleMap' took 1.924
[2018.11.03-11.39.04:975][460]Cmd: OBJ SAVEPACKAGE PACKAGE="/Game/Block" FILE="../../../../../../unreal projects/MyFirst2DProject/Content/Block.uasset" SILENT=true
[2018.11.03-11.39.05:183][460]LogSavePackage: Moving '../../../../../../unreal projects/MyFirst2DProject/Saved/BlockA066CBE94A3AFB401C704CABDC8FF3A9.tmp' to '../../../../../../unreal projects/MyFirst2DProject/Content/Block.uasset'
[2018.11.03-11.39.05:845][460]LogSlate: Window 'MyFirst2DProject - Unreal Editor' being destroyed
[2018.11.03-11.39.06:276][461]Cmd: QUIT_EDITOR
[2018.11.03-11.39.07:266][461]LogWindowsTextInputMethodSystem: Display: IME system now activated using TSF (搜狗拼音输入法).
[2018.11.03-11.39.07:346][461]LogExit: Preparing to exit.
[2018.11.03-11.39.08:535][461]LogDirectoryWatcher: A directory notification failed for 'D:/unreal projects/MyFirst2DProject/Content/', and we were unable to create a new request.
[2018.11.03-11.39.08:864][461]LogExit: Editor shut down
[2018.11.03-11.39.08:865][461]LogExit: Transaction tracking system shut down
[2018.11.03-11.39.10:420][461]LogExit: Object subsystem successfully closed.
[2018.11.03-11.39.10:553][461]LogShaderCompilers: Display: Shaders left to compile 0
[2018.11.03-11.39.10:573][461]LogD3D11RHI: Shutdown
[2018.11.03-11.39.10:573][461]LogD3D11RHI: CleanupD3DDevice
[2018.11.03-11.39.10:622][461]LogD3D11RHI: ~FD3D11DynamicRHI
[2018.11.03-11.39.11:713][461]LogModuleManager: Shutting down and abandoning module MovieSceneCapture (616)
[2018.11.03-11.39.11:713][461]LogModuleManager: Shutting down and abandoning module Voice (614)
[2018.11.03-11.39.11:724][461]LogModuleManager: Shutting down and abandoning module BlueprintGraph (612)
[2018.11.03-11.39.11:724][461]LogModuleManager: Shutting down and abandoning module HierarchicalLODOutliner (610)
[2018.11.03-11.39.11:724][461]LogModuleManager: Shutting down and abandoning module SceneOutliner (608)
[2018.11.03-11.39.11:724][461]LogModuleManager: Shutting down and abandoning module AddContentDialog (606)
[2018.11.03-11.39.11:747][461]LogModuleManager: Shutting down and abandoning module WidgetCarousel (605)
[2018.11.03-11.39.11:747][461]LogModuleManager: Shutting down and abandoning module EditorWidgets (602)
[2018.11.03-11.39.11:747][461]LogModuleManager: Shutting down and abandoning module CollectionManager (600)
[2018.11.03-11.39.11:753][461]LogModuleManager: Shutting down and abandoning module StatsViewer (598)
[2018.11.03-11.39.11:761][461]LogModuleManager: Shutting down and abandoning module FoliageEdit (596)
[2018.11.03-11.39.11:765][461]LogModuleManager: Shutting down and abandoning module LandscapeEditor (594)
[2018.11.03-11.39.11:792][461]LogModuleManager: Shutting down and abandoning module MeshPaintMode (592)
[2018.11.03-11.39.11:798][461]LogModuleManager: Shutting down and abandoning module SceneDepthPickerMode (590)
[2018.11.03-11.39.11:799][461]LogModuleManager: Shutting down and abandoning module ActorPickerMode (588)
[2018.11.03-11.39.11:799][461]LogModuleManager: Shutting down and abandoning module GeometryMode (586)
[2018.11.03-11.39.11:799][461]LogModuleManager: Shutting down and abandoning module TextureAlignMode (584)
[2018.11.03-11.39.11:799][461]LogModuleManager: Shutting down and abandoning module BspMode (582)
[2018.11.03-11.39.11:799][461]LogModuleManager: Shutting down and abandoning module PIEPreviewDeviceProfileSelector (580)
[2018.11.03-11.39.11:810][461]LogModuleManager: Shutting down and abandoning module SequenceRecorderSections (578)
[2018.11.03-11.39.11:814][461]LogModuleManager: Shutting down and abandoning module AutomationWorker (576)
[2018.11.03-11.39.11:815][461]LogModuleManager: Shutting down and abandoning module AudioCaptureEditor (574)
[2018.11.03-11.39.11:815][461]LogModuleManager: Shutting down and abandoning module SequenceRecorder (573)
[2018.11.03-11.39.11:817][461]LogModuleManager: Shutting down and abandoning module MatineeToLevelSequence (570)
[2018.11.03-11.39.11:832][461]LogModuleManager: Shutting down and abandoning module LevelSequenceEditor (568)
[2018.11.03-11.39.11:842][461]LogModuleManager: Shutting down and abandoning module PlacementMode (567)
[2018.11.03-11.39.11:842][461]LogModuleManager: Shutting down and abandoning module MaterialEditor (566)
[2018.11.03-11.39.11:870][461]LogModuleManager: Shutting down and abandoning module WmfMediaFactory (562)
[2018.11.03-11.39.11:870][461]LogModuleManager: Shutting down and abandoning module WmfMediaEditor (560)
[2018.11.03-11.39.11:870][461]LogModuleManager: Shutting down and abandoning module MediaPlayerEditor (558)
[2018.11.03-11.39.11:888][461]LogModuleManager: Shutting down and abandoning module OpenExrWrapper (556)
[2018.11.03-11.39.11:889][461]LogModuleManager: Shutting down and abandoning module ImgMediaFactory (554)
[2018.11.03-11.39.11:889][461]LogModuleManager: Shutting down and abandoning module ImgMediaEditor (552)
[2018.11.03-11.39.11:889][461]LogModuleManager: Shutting down and abandoning module AvfMediaFactory (550)
[2018.11.03-11.39.11:889][461]LogModuleManager: Shutting down and abandoning module AvfMediaEditor (548)
[2018.11.03-11.39.11:889][461]LogModuleManager: Shutting down and abandoning module AndroidMediaFactory (546)
[2018.11.03-11.39.11:889][461]LogModuleManager: Shutting down and abandoning module AndroidMediaEditor (544)
[2018.11.03-11.39.11:889][461]LogModuleManager: Shutting down and abandoning module MagicLeapCameraPreviewFactory (542)
[2018.11.03-11.39.11:889][461]LogModuleManager: Shutting down and abandoning module MagicLeapMediaFactory (540)
[2018.11.03-11.39.11:889][461]LogModuleManager: Shutting down and abandoning module MagicLeapMediaEditor (538)
[2018.11.03-11.39.11:889][461]LogModuleManager: Shutting down and abandoning module CharacterAI (536)
[2018.11.03-11.39.11:889][461]LogModuleManager: Shutting down and abandoning module SmartSnapping (534)
[2018.11.03-11.39.11:900][461]LogModuleManager: Shutting down and abandoning module SessionServices (532)
[2018.11.03-11.39.11:900][461]LogModuleManager: Shutting down and abandoning module ViewportSnapping (530)
[2018.11.03-11.39.11:900][461]LogModuleManager: Shutting down and abandoning module ViewportInteraction (528)
[2018.11.03-11.39.11:900][461]LogModuleManager: Shutting down and abandoning module ClothPainter (526)
[2018.11.03-11.39.11:919][461]LogModuleManager: Shutting down and abandoning module SkeletalMeshEditor (525)
[2018.11.03-11.39.11:935][461]LogModuleManager: Shutting down and abandoning module LogVisualizer (522)
[2018.11.03-11.39.11:952][461]LogModuleManager: Shutting down and abandoning module IntroTutorials (520)
[2018.11.03-11.39.11:980][461]LogModuleManager: Shutting down and abandoning module GameProjectGeneration (519)
[2018.11.03-11.39.12:002][461]LogModuleManager: Shutting down and abandoning module LuminPlatformEditor (516)
[2018.11.03-11.39.12:002][461]LogModuleManager: Shutting down and abandoning module IOSPlatformEditor (514)
[2018.11.03-11.39.12:008][461]LogModuleManager: Shutting down and abandoning module HTML5PlatformEditor (512)
[2018.11.03-11.39.12:008][461]LogModuleManager: Shutting down and abandoning module AndroidPlatformEditor (510)
[2018.11.03-11.39.12:008][461]LogModuleManager: Shutting down and abandoning module AndroidDeviceDetection (509)
[2018.11.03-11.39.12:942][461]LogModuleManager: Shutting down and abandoning module WindowsPlatformEditor (506)
[2018.11.03-11.39.12:942][461]LogModuleManager: Shutting down and abandoning module LuminRuntimeSettings (504)
[2018.11.03-11.39.12:942][461]LogModuleManager: Shutting down and abandoning module IOSRuntimeSettings (502)
[2018.11.03-11.39.12:942][461]LogModuleManager: Shutting down and abandoning module AndroidRuntimeSettings (500)
[2018.11.03-11.39.12:942][461]LogModuleManager: Shutting down and abandoning module InputBindingEditor (498)
[2018.11.03-11.39.12:980][461]LogModuleManager: Shutting down and abandoning module MergeActors (496)
[2018.11.03-11.39.12:992][461]LogModuleManager: Shutting down and abandoning module LocalizationDashboard (494)
[2018.11.03-11.39.13:003][461]LogModuleManager: Shutting down and abandoning module LocalizationService (493)
[2018.11.03-11.39.13:011][461]LogModuleManager: Shutting down and abandoning module HardwareTargeting (490)
[2018.11.03-11.39.13:011][461]LogModuleManager: Shutting down and abandoning module DeviceProfileEditor (488)
[2018.11.03-11.39.13:011][461]LogModuleManager: Shutting down and abandoning module UndoHistory (486)
[2018.11.03-11.39.13:021][461]LogModuleManager: Shutting down and abandoning module XmlParser (484)
[2018.11.03-11.39.13:021][461]LogModuleManager: Shutting down and abandoning module Blutility (482)
[2018.11.03-11.39.13:033][461]LogModuleManager: Shutting down and abandoning module ProjectSettingsViewer (480)
[2018.11.03-11.39.13:033][461]LogModuleManager: Shutting down and abandoning module ProjectTargetPlatformEditor (479)
[2018.11.03-11.39.13:034][461]LogModuleManager: Shutting down and abandoning module EditorSettingsViewer (476)
[2018.11.03-11.39.13:034][461]LogModuleManager: Shutting down and abandoning module SettingsEditor (474)
[2018.11.03-11.39.13:050][461]LogModuleManager: Shutting down and abandoning module ProjectLauncher (472)
[2018.11.03-11.39.13:067][461]LogModuleManager: Shutting down and abandoning module SessionFrontend (470)
[2018.11.03-11.39.13:080][461]LogModuleManager: Shutting down and abandoning module ProfilerClient (468)
[2018.11.03-11.39.13:083][461]LogModuleManager: Shutting down and abandoning module DeviceManager (466)
[2018.11.03-11.39.13:096][461]LogModuleManager: Shutting down and abandoning module TargetDeviceServices (465)
[2018.11.03-11.39.13:151][461]LogModuleManager: Shutting down and abandoning module AutomationController (462)
[2018.11.03-11.39.13:159][461]LogModuleManager: Shutting down and abandoning module AutomationWindow (460)
[2018.11.03-11.39.13:166][461]LogModuleManager: Shutting down and abandoning module Layers (458)
[2018.11.03-11.39.13:181][461]LogModuleManager: Shutting down and abandoning module ComponentVisualizers (456)
[2018.11.03-11.39.13:181][461]LogModuleManager: Shutting down and abandoning module DetailCustomizations (454)
[2018.11.03-11.39.13:206][461]LogModuleManager: Shutting down and abandoning module PackagesDialog (452)
[2018.11.03-11.39.13:206][461]LogModuleManager: Shutting down and abandoning module Persona (450)
[2018.11.03-11.39.13:228][461]LogModuleManager: Shutting down and abandoning module AdvancedPreviewScene (449)
[2018.11.03-11.39.13:228][461]LogModuleManager: Shutting down and abandoning module AnimGraph (447)
[2018.11.03-11.39.13:239][461]LogModuleManager: Shutting down and abandoning module Kismet (444)
[2018.11.03-11.39.13:262][461]LogModuleManager: Shutting down and abandoning module GraphEditor (442)
[2018.11.03-11.39.13:263][461]LogModuleManager: Shutting down and abandoning module ClassViewer (440)
[2018.11.03-11.39.13:263][461]LogModuleManager: Shutting down and abandoning module Toolbox (438)
[2018.11.03-11.39.13:263][461]LogModuleManager: Shutting down and abandoning module ModuleUI (436)
[2018.11.03-11.39.13:269][461]LogModuleManager: Shutting down and abandoning module MovieSceneTools (434)
[2018.11.03-11.39.13:288][461]LogModuleManager: Shutting down and abandoning module OutputLog (432)
[2018.11.03-11.39.13:288][461]LogModuleManager: Shutting down and abandoning module GammaUI (430)
[2018.11.03-11.39.13:296][461]LogModuleManager: Shutting down and abandoning module Documentation (428)
[2018.11.03-11.39.13:296][461]LogModuleManager: Shutting down and abandoning module MovieSceneTracks (426)
[2018.11.03-11.39.13:296][461]LogModuleManager: Shutting down and abandoning module MovieScene (424)
[2018.11.03-11.39.13:307][461]LogModuleManager: Shutting down and abandoning module StreamingPauseRendering (422)
[2018.11.03-11.39.13:314][461]LogModuleManager: Shutting down and abandoning module LauncherPlatform (420)
[2018.11.03-11.39.13:314][461]LogModuleManager: Shutting down and abandoning module AnalyticsET (418)
[2018.11.03-11.39.13:314][461]LogModuleManager: Shutting down and abandoning module PortalServices (416)
[2018.11.03-11.39.13:314][461]LogModuleManager: Shutting down and abandoning module PortalRpc (414)
[2018.11.03-11.39.13:314][461]LogModuleManager: Shutting down and abandoning module MessagingRpc (412)
[2018.11.03-11.39.13:314][461]LogModuleManager: Shutting down and abandoning module AIModule (410)
[2018.11.03-11.39.13:322][461]LogModuleManager: Shutting down and abandoning module GameplayDebugger (409)
[2018.11.03-11.39.13:328][461]LogModuleManager: Shutting down and abandoning module AITestSuite (407)
[2018.11.03-11.39.13:334][461]LogModuleManager: Shutting down and abandoning module NavigationSystem (405)
[2018.11.03-11.39.13:334][461]LogModuleManager: Shutting down and abandoning module DesktopPlatform (402)
[2018.11.03-11.39.13:334][461]LogModuleManager: Shutting down and abandoning module ProfilerService (400)
[2018.11.03-11.39.13:366][461]LogModuleManager: Shutting down and abandoning module TaskGraph (398)
[2018.11.03-11.39.13:384][461]LogModuleManager: Shutting down and abandoning module SteamVRController (396)
[2018.11.03-11.39.13:384][461]LogModuleManager: Shutting down and abandoning module ProceduralMeshComponentEditor (394)
[2018.11.03-11.39.13:384][461]LogModuleManager: Shutting down and abandoning module ProceduralMeshComponent (392)
[2018.11.03-11.39.13:396][461]LogModuleManager: Shutting down and abandoning module OculusInput (390)
[2018.11.03-11.39.13:396][461]LogModuleManager: Shutting down and abandoning module MobilePatchingUtils (388)
[2018.11.03-11.39.13:396][461]LogModuleManager: Shutting down and abandoning module EditableMesh (386)
[2018.11.03-11.39.13:403][461]LogModuleManager: Shutting down and abandoning module CustomMeshComponent (384)
[2018.11.03-11.39.13:403][461]LogModuleManager: Shutting down and abandoning module CableComponent (382)
[2018.11.03-11.39.13:403][461]LogModuleManager: Shutting down and abandoning module AudioCapture (380)
[2018.11.03-11.39.13:403][461]LogModuleManager: Shutting down and abandoning module ArchVisCharacter (378)
[2018.11.03-11.39.13:403][461]LogModuleManager: Shutting down and abandoning module AndroidPermission (376)
[2018.11.03-11.39.13:403][461]LogModuleManager: Shutting down and abandoning module NUTUnrealEngine4 (374)
[2018.11.03-11.39.13:403][461]LogModuleManager: Shutting down and abandoning module NetcodeUnitTest (372)
[2018.11.03-11.39.13:428][461]LogModuleManager: Shutting down and abandoning module MediaCompositingEditor (370)
[2018.11.03-11.39.13:429][461]LogModuleManager: Shutting down and abandoning module MediaCompositing (368)
[2018.11.03-11.39.13:429][461]LogModuleManager: Shutting down and abandoning module LinearTimecode (366)
[2018.11.03-11.39.13:429][461]LogModuleManager: Shutting down and abandoning module ImgMedia (364)
[2018.11.03-11.39.13:464][461]LogModuleManager: Shutting down and abandoning module HTML5Networking (362)
[2018.11.03-11.39.13:464][461]LogModuleManager: Shutting down and abandoning module GeometryCacheTracks (360)
[2018.11.03-11.39.13:464][461]LogModuleManager: Shutting down and abandoning module GeometryCacheSequencer (358)
[2018.11.03-11.39.13:464][461]LogModuleManager: Shutting down and abandoning module BackChannel (356)
[2018.11.03-11.39.13:471][461]LogModuleManager: Shutting down and abandoning module AppleVision (354)
[2018.11.03-11.39.13:471][461]LogModuleManager: Shutting down and abandoning module AppleImageUtils (352)
[2018.11.03-11.39.13:471][461]LogModuleManager: Shutting down and abandoning module AlembicImporter (350)
[2018.11.03-11.39.13:471][461]LogModuleManager: Shutting down and abandoning module AlembicLibrary (349)
[2018.11.03-11.39.13:471][461]LogModuleManager: Shutting down and abandoning module GeometryCache (348)
[2018.11.03-11.39.13:471][461]LogModuleManager: Shutting down and abandoning module GeometryCacheEd (347)
[2018.11.03-11.39.13:471][461]LogModuleManager: Shutting down and abandoning module DatasmithContentEditor (342)
[2018.11.03-11.39.13:476][461]LogModuleManager: Shutting down and abandoning module DatasmithContent (340)
[2018.11.03-11.39.13:481][461]LogModuleManager: Shutting down and abandoning module SpeedTreeImporter (338)
[2018.11.03-11.39.13:481][461]LogModuleManager: Shutting down and abandoning module PluginBrowser (336)
[2018.11.03-11.39.13:492][461]LogModuleManager: Shutting down and abandoning module MobileLauncherProfileWizard (334)
[2018.11.03-11.39.13:500][461]LogModuleManager: Shutting down and abandoning module PolygonModeling (332)
[2018.11.03-11.39.13:500][461]LogModuleManager: Shutting down and abandoning module MeshEditor (330)
[2018.11.03-11.39.13:506][461]LogModuleManager: Shutting down and abandoning module CryptoKeysOpenSSL (328)
[2018.11.03-11.39.13:509][461]LogModuleManager: Shutting down and abandoning module CryptoKeys (326)
[2018.11.03-11.39.13:509][461]LogModuleManager: Shutting down and abandoning module VisualStudioSourceCodeAccess (324)
[2018.11.03-11.39.13:509][461]LogModuleManager: Shutting down and abandoning module VisualStudioCodeSourceCodeAccess (322)
[2018.11.03-11.39.13:509][461]LogModuleManager: Shutting down and abandoning module UObjectPlugin (320)
[2018.11.03-11.39.13:509][461]LogModuleManager: Shutting down and abandoning module SubversionSourceControl (318)
[2018.11.03-11.39.13:515][461]LogModuleManager: Shutting down and abandoning module PerforceSourceControl (316)
[2018.11.03-11.39.13:523][461]LogModuleManager: Shutting down and abandoning module GitSourceControl (314)
[2018.11.03-11.39.13:531][461]LogModuleManager: Shutting down and abandoning module SourceControl (313)
[2018.11.03-11.39.13:541][461]LogModuleManager: Shutting down and abandoning module CLionSourceCodeAccess (310)
[2018.11.03-11.39.13:541][461]LogModuleManager: Shutting down and abandoning module LightPropagationVolumeEditor (308)
[2018.11.03-11.39.13:541][461]LogModuleManager: Shutting down and abandoning module PaperTiledImporter (306)
[2018.11.03-11.39.13:541][461]LogModuleManager: Shutting down and abandoning module PaperSpriteSheetImporter (304)
[2018.11.03-11.39.13:541][461]LogModuleManager: Shutting down and abandoning module Paper2DEditor (302)
[2018.11.03-11.39.13:565][461]LogModuleManager: Shutting down and abandoning module MeshPaint (301)
[2018.11.03-11.39.13:573][461]LogModuleManager: Shutting down and abandoning module RuntimePhysXCooking (298)
[2018.11.03-11.39.13:573][461]LogModuleManager: Shutting down and abandoning module PhysXVehiclesEditor (296)
[2018.11.03-11.39.13:573][461]LogModuleManager: Shutting down and abandoning module PhysXVehicles (294)
[2018.11.03-11.39.13:573][461]LogModuleManager: Shutting down and abandoning module OculusEditor (292)
[2018.11.03-11.39.13:580][461]LogModuleManager: Shutting down and abandoning module LocationServicesBPLibrary (290)
[2018.11.03-11.39.13:580][461]LogModuleManager: Shutting down and abandoning module ImmediatePhysicsEditor (288)
[2018.11.03-11.39.13:580][461]LogModuleManager: Shutting down and abandoning module ImmediatePhysics (286)
[2018.11.03-11.39.13:587][461]LogModuleManager: Shutting down and abandoning module ActorSequence (284)
[2018.11.03-11.39.13:587][461]LogModuleManager: Shutting down and abandoning module UdpMessaging (282)
[2018.11.03-11.39.13:688][461]LogModuleManager: Shutting down and abandoning module TcpMessaging (280)
[2018.11.03-11.39.13:798][461]LogModuleManager: Shutting down and abandoning module MagicLeapAudio (278)
[2018.11.03-11.39.13:798][461]LogModuleManager: Shutting down and abandoning module GameplayTagsEditor (276)
[2018.11.03-11.39.13:808][461]LogModuleManager: Shutting down and abandoning module FacialAnimationEditor (274)
[2018.11.03-11.39.13:808][461]LogModuleManager: Shutting down and abandoning module FacialAnimation (272)
[2018.11.03-11.39.13:808][461]LogModuleManager: Shutting down and abandoning module DataValidation (270)
[2018.11.03-11.39.13:808][461]LogModuleManager: Shutting down and abandoning module AssetManagerEditor (268)
[2018.11.03-11.39.13:820][461]LogModuleManager: Shutting down and abandoning module LevelEditor (267)
[2018.11.03-11.39.13:833][461]LogModuleManager: Shutting down and abandoning module PixelInspectorModule (266)
[2018.11.03-11.39.13:842][461]LogModuleManager: Shutting down and abandoning module CommonMenuExtensions (264)
[2018.11.03-11.39.13:843][461]LogModuleManager: Shutting down and abandoning module MainFrame (262)
[2018.11.03-11.39.13:853][461]LogModuleManager: Shutting down and abandoning module HotReload (261)
[2018.11.03-11.39.13:874][461]LogModuleManager: Shutting down and abandoning module ContentBrowser (257)
[2018.11.03-11.39.13:875][461]LogModuleManager: Shutting down and abandoning module TreeMap (255)
[2018.11.03-11.39.13:887][461]LogModuleManager: Shutting down and abandoning module LightPropagationVolumeRuntime (252)
[2018.11.03-11.39.13:887][461]LogModuleManager: Shutting down and abandoning module AISupportModule (250)
[2018.11.03-11.39.13:887][461]LogModuleManager: Shutting down and abandoning module Paper2D (248)
[2018.11.03-11.39.13:887][461]LogModuleManager: Shutting down and abandoning module WindowsMoviePlayer (246)
[2018.11.03-11.39.13:895][461]LogModuleManager: Shutting down and abandoning module WmfMedia (244)
[2018.11.03-11.39.13:909][461]LogModuleManager: Shutting down and abandoning module Media (243)
[2018.11.03-11.39.13:918][461]LogModuleManager: Shutting down and abandoning module PacketHandler (240)
[2018.11.03-11.39.13:918][461]LogModuleManager: Shutting down and abandoning module ClothingSystemEditor (238)
[2018.11.03-11.39.13:918][461]LogModuleManager: Shutting down and abandoning module ClothingSystemRuntime (236)
[2018.11.03-11.39.13:931][461]LogModuleManager: Shutting down and abandoning module MediaAssets (234)
[2018.11.03-11.39.13:931][461]LogModuleManager: Shutting down and abandoning module Overlay (232)
[2018.11.03-11.39.13:931][461]LogModuleManager: Shutting down and abandoning module OverlayEditor (231)
[2018.11.03-11.39.13:931][461]LogModuleManager: Shutting down and abandoning module VREditor (228)
[2018.11.03-11.39.13:938][461]LogModuleManager: Shutting down and abandoning module StringTableEditor (226)
[2018.11.03-11.39.13:950][461]LogModuleManager: Shutting down and abandoning module GameplayTasksEditor (224)
[2018.11.03-11.39.13:950][461]LogModuleManager: Shutting down and abandoning module BehaviorTreeEditor (222)
[2018.11.03-11.39.13:972][461]LogModuleManager: Shutting down and abandoning module FunctionalTesting (220)
[2018.11.03-11.39.13:979][461]LogModuleManager: Shutting down and abandoning module CollisionAnalyzer (218)
[2018.11.03-11.39.13:998][461]LogModuleManager: Shutting down and abandoning module WorkspaceMenuStructure (217)
[2018.11.03-11.39.13:999][461]LogModuleManager: Shutting down and abandoning module UMG (214)
[2018.11.03-11.39.14:007][461]LogModuleManager: Shutting down and abandoning module UMGEditor (213)
[2018.11.03-11.39.14:033][461]LogModuleManager: Shutting down and abandoning module Sequencer (212)
[2018.11.03-11.39.14:072][461]LogModuleManager: Shutting down and abandoning module MessageLog (209)
[2018.11.03-11.39.14:072][461]LogModuleManager: Shutting down and abandoning module SlateReflector (204)
[2018.11.03-11.39.14:094][461]LogModuleManager: Shutting down and abandoning module Slate (202)
[2018.11.03-11.39.14:102][461]LogModuleManager: Shutting down and abandoning module EditorStyle (200)
[2018.11.03-11.39.14:120][461]LogModuleManager: Shutting down and abandoning module MRMesh (198)
[2018.11.03-11.39.14:131][461]LogModuleManager: Shutting down and abandoning module SourceCodeAccess (196)
[2018.11.03-11.39.14:131][461]LogModuleManager: Shutting down and abandoning module HeadMountedDisplay (194)
[2018.11.03-11.39.14:132][461]LogModuleManager: Shutting down and abandoning module XAudio2 (192)
[2018.11.03-11.39.14:132][461]LogModuleManager: Shutting down and abandoning module Networking (190)
[2018.11.03-11.39.14:132][461]LogModuleManager: Shutting down and abandoning module Core (188)
[2018.11.03-11.39.14:132][461]LogModuleManager: Shutting down and abandoning module LevelSequence (186)
[2018.11.03-11.39.14:132][461]LogModuleManager: Shutting down and abandoning module KismetCompiler (184)
[2018.11.03-11.39.14:132][461]LogModuleManager: Shutting down and abandoning module MeshUtilities (182)
[2018.11.03-11.39.14:140][461]LogModuleManager: Shutting down and abandoning module MeshMergeUtilities (181)
[2018.11.03-11.39.14:149][461]LogModuleManager: Shutting down and abandoning module MeshReductionInterface (180)
[2018.11.03-11.39.14:149][461]LogModuleManager: Shutting down and abandoning module SimplygonSwarm (179)
[2018.11.03-11.39.14:159][461]LogModuleManager: Shutting down and abandoning module ProxyLODMeshReduction (177)
[2018.11.03-11.39.14:183][461]LogModuleManager: Shutting down and abandoning module SimplygonMeshReduction (175)
[2018.11.03-11.39.14:183][461]LogModuleManager: Shutting down and abandoning module QuadricMeshReduction (173)
[2018.11.03-11.39.14:189][461]LogModuleManager: Shutting down and abandoning module MaterialBaking (169)
[2018.11.03-11.39.14:198][461]LogModuleManager: Shutting down and abandoning module DirectoryWatcher (165)
[2018.11.03-11.39.14:198][461]LogModuleManager: Shutting down and abandoning module DerivedDataCache (162)
[2018.11.03-11.39.14:205][461]LogDerivedDataCache: Shutdown
[2018.11.03-11.39.14:205][461]LogModuleManager: Shutting down and abandoning module XGEController (160)
[2018.11.03-11.39.14:215][461]LogModuleManager: Shutting down and abandoning module TargetPlatform (158)
[2018.11.03-11.39.14:215][461]LogModuleManager: Shutting down and abandoning module VulkanShaderFormat (157)
[2018.11.03-11.39.14:221][461]LogModuleManager: Shutting down and abandoning module ShaderFormatVectorVM (155)
[2018.11.03-11.39.14:230][461]LogModuleManager: Shutting down and abandoning module ShaderFormatOpenGL (153)
[2018.11.03-11.39.14:240][461]LogModuleManager: Shutting down and abandoning module ShaderFormatD3D (151)
[2018.11.03-11.39.14:240][461]LogModuleManager: Shutting down and abandoning module MetalShaderFormat (149)
[2018.11.03-11.39.14:251][461]LogModuleManager: Shutting down and abandoning module TextureFormatUncompressed (147)
[2018.11.03-11.39.14:252][461]LogModuleManager: Shutting down and abandoning module TextureFormatPVR (145)
[2018.11.03-11.39.14:252][461]LogModuleManager: Shutting down and abandoning module TextureFormatDXT (143)
[2018.11.03-11.39.14:263][461]LogModuleManager: Shutting down and abandoning module TextureFormatIntelISPCTexComp (141)
[2018.11.03-11.39.14:272][461]LogModuleManager: Shutting down and abandoning module TextureFormatASTC (139)
[2018.11.03-11.39.14:272][461]LogModuleManager: Shutting down and abandoning module ImageWrapper (138)
[2018.11.03-11.39.14:272][461]LogModuleManager: Shutting down and abandoning module TextureFormatAndroid (135)
[2018.11.03-11.39.14:272][461]LogModuleManager: Shutting down and abandoning module AudioFormatOpus (133)
[2018.11.03-11.39.14:272][461]LogModuleManager: Shutting down and abandoning module AudioFormatOgg (131)
[2018.11.03-11.39.14:272][461]LogModuleManager: Shutting down and abandoning module AudioFormatADPCM (129)
[2018.11.03-11.39.14:272][461]LogModuleManager: Shutting down and abandoning module LuminTargetPlatform (127)
[2018.11.03-11.39.14:272][461]LogModuleManager: Shutting down and abandoning module LinuxTargetPlatform (125)
[2018.11.03-11.39.14:272][461]LogModuleManager: Shutting down and abandoning module LinuxServerTargetPlatform (123)
[2018.11.03-11.39.14:272][461]LogModuleManager: Shutting down and abandoning module LinuxNoEditorTargetPlatform (121)
[2018.11.03-11.39.14:280][461]LogModuleManager: Shutting down and abandoning module LinuxClientTargetPlatform (119)
[2018.11.03-11.39.14:281][461]LogModuleManager: Shutting down and abandoning module TVOSTargetPlatform (117)
[2018.11.03-11.39.14:282][461]LogModuleManager: Shutting down and abandoning module Messaging (115)
[2018.11.03-11.39.14:283][461]LogModuleManager: Shutting down and abandoning module IOSTargetPlatform (113)
[2018.11.03-11.39.14:285][461]LogModuleManager: Shutting down and abandoning module HTML5TargetPlatform (111)
[2018.11.03-11.39.14:285][461]LogModuleManager: Shutting down and abandoning module AndroidTargetPlatform (109)
[2018.11.03-11.39.14:306][461]LogModuleManager: Shutting down and abandoning module WindowsTargetPlatform (107)
[2018.11.03-11.39.14:306][461]LogModuleManager: Shutting down and abandoning module WindowsServerTargetPlatform (105)
[2018.11.03-11.39.14:306][461]LogModuleManager: Shutting down and abandoning module WindowsNoEditorTargetPlatform (103)
[2018.11.03-11.39.14:306][461]LogModuleManager: Shutting down and abandoning module WindowsClientTargetPlatform (101)
[2018.11.03-11.39.14:306][461]LogModuleManager: Shutting down and abandoning module MacTargetPlatform (99)
[2018.11.03-11.39.14:306][461]LogModuleManager: Shutting down and abandoning module MacServerTargetPlatform (97)
[2018.11.03-11.39.14:306][461]LogModuleManager: Shutting down and abandoning module MacNoEditorTargetPlatform (95)
[2018.11.03-11.39.14:306][461]LogModuleManager: Shutting down and abandoning module MacClientTargetPlatform (93)
[2018.11.03-11.39.14:306][461]LogModuleManager: Shutting down and abandoning module AllDesktopTargetPlatform (91)
[2018.11.03-11.39.14:306][461]LogModuleManager: Shutting down and abandoning module InputCore (88)
[2018.11.03-11.39.14:306][461]LogModuleManager: Shutting down and abandoning module Settings (86)
[2018.11.03-11.39.14:306][461]LogModuleManager: Shutting down and abandoning module PhysXCooking (84)
[2018.11.03-11.39.14:306][461]LogModuleManager: Shutting down and abandoning module SteamVR (82)
[2018.11.03-11.39.14:306][461]LogModuleManager: Shutting down and abandoning module OculusHMD (80)
[2018.11.03-11.39.14:314][461]LogModuleManager: Shutting down and abandoning module ExampleDeviceProfileSelector (78)
[2018.11.03-11.39.14:314][461]LogModuleManager: Shutting down and abandoning module LauncherChunkInstaller (76)
[2018.11.03-11.39.14:314][461]LogModuleManager: Shutting down and abandoning module OnlineBlueprintSupport (74)
[2018.11.03-11.39.14:314][461]LogModuleManager: Shutting down and abandoning module OnlineSubsystem (70)
[2018.11.03-11.39.14:329][461]LogModuleManager: Shutting down and abandoning module XMPP (65)
[2018.11.03-11.39.14:347][461]LogModuleManager: Shutting down and abandoning module WebSockets (64)
[2018.11.03-11.39.14:375][461]LogModuleManager: Shutting down and abandoning module HTTP (61)
[2018.11.03-11.39.14:385][461]LogHttp: Display: Http module shutting down, but needs to wait on 1 outstanding Http requests:
[2018.11.03-11.39.14:385][461]LogHttp: Display: 	verb=[POST] url=[https://datarouter.ol.epicgames.com/datarouter/api/v1/public/data?SessionID=%7BD2B46754-42A3-9CC9-82C6-8A811B8895EE%7D&AppID=UEEditor.Rocket.Release&AppVersion=4.20.2-4302132%2B%2B%2BUE4%2BRelease-4.20&UserID=13d9fa7b41c1559305e9a79df4d54a11%7C96a361a4deaf442095fbbdfc4237100f%7C55280819-2524-4757-bde6-a0477dea7ea0&AppEnvironment=datacollector-binary&UploadType=eteventstream] status=Processing
[2018.11.03-11.39.14:405][461]LogModuleManager: Shutting down and abandoning module SSL (60)
[2018.11.03-11.39.14:419][461]LogModuleManager: Shutting down and abandoning module MagicLeapEmulator (56)
[2018.11.03-11.39.14:419][461]LogModuleManager: Shutting down and abandoning module MagicLeapPrivileges (54)
[2018.11.03-11.39.14:419][461]LogModuleManager: Shutting down and abandoning module MagicLeapIdentity (52)
[2018.11.03-11.39.14:419][461]LogModuleManager: Shutting down and abandoning module MagicLeapHelperVulkan (50)
[2018.11.03-11.39.14:419][461]LogModuleManager: Shutting down and abandoning module MagicLeapHelperOpenGL (48)
[2018.11.03-11.39.14:419][461]LogModuleManager: Shutting down and abandoning module MagicLeapSecureStorage (46)
[2018.11.03-11.39.14:419][461]LogModuleManager: Shutting down and abandoning module MagicLeapGestures (44)
[2018.11.03-11.39.14:419][461]LogModuleManager: Shutting down and abandoning module MagicLeapEyeTracker (42)
[2018.11.03-11.39.14:420][461]LogModuleManager: Shutting down and abandoning module MagicLeapController (40)
[2018.11.03-11.39.14:420][461]LogSlate: Slate User Destroyed.  User Index 0, Is Virtual User: 0
[2018.11.03-11.39.14:420][461]LogModuleManager: Shutting down and abandoning module MagicLeap (38)
[2018.11.03-11.39.14:420][461]LogModuleManager: Shutting down and abandoning module AnimationModifiers (36)
[2018.11.03-11.39.14:434][461]LogModuleManager: Shutting down and abandoning module PropertyEditor (35)
[2018.11.03-11.39.14:440][461]LogModuleManager: Shutting down and abandoning module AudioEditor (32)
[2018.11.03-11.39.14:454][461]LogModuleManager: Shutting down and abandoning module TextureCompressor (30)
[2018.11.03-11.39.14:456][461]LogModuleManager: Shutting down and abandoning module ShaderCore (28)
[2018.11.03-11.39.14:457][461]LogModuleManager: Shutting down and abandoning module Landscape (26)
[2018.11.03-11.39.14:457][461]LogModuleManager: Shutting down and abandoning module SlateRHIRenderer (24)
[2018.11.03-11.39.14:468][461]LogModuleManager: Shutting down and abandoning module OpenGLDrv (22)
[2018.11.03-11.39.14:476][461]LogModuleManager: Shutting down and abandoning module D3D11RHI (20)
[2018.11.03-11.39.14:476][461]LogModuleManager: Shutting down and abandoning module AnimGraphRuntime (18)
[2018.11.03-11.39.14:487][461]LogModuleManager: Shutting down and abandoning module Renderer (16)
[2018.11.03-11.39.14:487][461]LogModuleManager: Shutting down and abandoning module Engine (14)
[2018.11.03-11.39.14:487][461]LogModuleManager: Shutting down and abandoning module CoreUObject (12)
[2018.11.03-11.39.14:488][461]LogModuleManager: Shutting down and abandoning module NetworkFile (10)
[2018.11.03-11.39.14:497][461]LogModuleManager: Shutting down and abandoning module CookedIterativeFile (8)
[2018.11.03-11.39.14:497][461]LogModuleManager: Shutting down and abandoning module StreamingFile (6)
[2018.11.03-11.39.14:499][461]LogModuleManager: Shutting down and abandoning module SandboxFile (4)
[2018.11.03-11.39.14:499][461]LogModuleManager: Shutting down and abandoning module PakFile (2)
[2018.11.03-11.39.14:542][461]LogExit: Exiting.
[2018.11.03-11.39.14:559][461]Log file closed, 11/03/18 19:39:14
